<?xml version="1.0" encoding="UTF-8"?>
<!-- Generated by org.testng.reporters.JUnitXMLReporter -->
<testsuite hostname="LT0021232" ignored="34" name="Feedzai Automation1" tests="85" failures="10" timestamp="19 Sep 2018 09:44:15 GMT" time="1508.101" errors="0">
  <testcase name="@BeforeClass FeedzaiPulse" time="3.846" classname="com.ril.feedzai.testScript.FeedzaiPulseHomePageTest">
    <failure type="org.openqa.selenium.WebDriverException" message="unknown error: Element &amp;lt;a class=&amp;quot;dropdown-toggle fdz-user-dropdown&amp;quot;&amp;gt;...&amp;lt;/a&amp;gt; is not clickable at point (1260, 33). Other element would receive the click: &amp;lt;div id=&amp;quot;select2-drop-mask&amp;quot; class=&amp;quot;select2-drop-mask&amp;quot; style=&amp;quot;display: block;&amp;quot;&amp;gt;&amp;lt;/div&amp;gt;
  (Session info: chrome=69.0.3497.100)
  (Driver info: chromedriver=2.38.552522 (437e6fbedfa8762dec75e2c5b3ddb86763dc9dcb),platform=Windows NT 6.1.7601 SP1 x86_64) (WARNING: The server did not provide any stacktrace information)
Command duration or timeout: 0 milliseconds
Build info: version: &amp;apos;3.8.1&amp;apos;, revision: &amp;apos;6e95a6684b&amp;apos;, time: &amp;apos;2017-12-01T18:33:54.468Z&amp;apos;
System info: host: &amp;apos;LT0021232&amp;apos;, ip: &amp;apos;10.51.174.49&amp;apos;, os.name: &amp;apos;Windows 7&amp;apos;, os.arch: &amp;apos;x86&amp;apos;, os.version: &amp;apos;6.1&amp;apos;, java.version: &amp;apos;1.8.0_60&amp;apos;
Driver info: org.openqa.selenium.chrome.ChromeDriver
Capabilities {acceptInsecureCerts: false, acceptSslCerts: false, applicationCacheEnabled: false, browserConnectionEnabled: false, browserName: chrome, chrome: {chromedriverVersion: 2.38.552522 (437e6fbedfa876..., userDataDir: C:\Users\ANKUR~1.JAI\AppDat...}, cssSelectorsEnabled: true, databaseEnabled: false, handlesAlerts: true, hasTouchScreen: false, javascriptEnabled: true, locationContextEnabled: true, mobileEmulationEnabled: false, nativeEvents: true, networkConnectionEnabled: false, pageLoadStrategy: normal, platform: XP, platformName: XP, rotatable: false, setWindowRect: true, takesHeapSnapshot: true, takesScreenshot: true, unexpectedAlertBehaviour: , unhandledPromptBehavior: , version: 69.0.3497.100, webStorageEnabled: true}
Session ID: c981136c42f11aec577f454296f3b199">
      <![CDATA[org.openqa.selenium.WebDriverException: unknown error: Element <a class="dropdown-toggle fdz-user-dropdown">...</a> is not clickable at point (1260, 33). Other element would receive the click: <div id="select2-drop-mask" class="select2-drop-mask" style="display: block;"></div>
  (Session info: chrome=69.0.3497.100)
  (Driver info: chromedriver=2.38.552522 (437e6fbedfa8762dec75e2c5b3ddb86763dc9dcb),platform=Windows NT 6.1.7601 SP1 x86_64) (WARNING: The server did not provide any stacktrace information)
Command duration or timeout: 0 milliseconds
Build info: version: '3.8.1', revision: '6e95a6684b', time: '2017-12-01T18:33:54.468Z'
System info: host: 'LT0021232', ip: '10.51.174.49', os.name: 'Windows 7', os.arch: 'x86', os.version: '6.1', java.version: '1.8.0_60'
Driver info: org.openqa.selenium.chrome.ChromeDriver
Capabilities {acceptInsecureCerts: false, acceptSslCerts: false, applicationCacheEnabled: false, browserConnectionEnabled: false, browserName: chrome, chrome: {chromedriverVersion: 2.38.552522 (437e6fbedfa876..., userDataDir: C:\Users\ANKUR~1.JAI\AppDat...}, cssSelectorsEnabled: true, databaseEnabled: false, handlesAlerts: true, hasTouchScreen: false, javascriptEnabled: true, locationContextEnabled: true, mobileEmulationEnabled: false, nativeEvents: true, networkConnectionEnabled: false, pageLoadStrategy: normal, platform: XP, platformName: XP, rotatable: false, setWindowRect: true, takesHeapSnapshot: true, takesScreenshot: true, unexpectedAlertBehaviour: , unhandledPromptBehavior: , version: 69.0.3497.100, webStorageEnabled: true}
Session ID: c981136c42f11aec577f454296f3b199
at org.openqa.selenium.remote.ErrorHandler.createThrowable(ErrorHandler.java:214)
at org.openqa.selenium.remote.ErrorHandler.throwIfResponseFailed(ErrorHandler.java:166)
at org.openqa.selenium.remote.http.JsonHttpResponseCodec.reconstructValue(JsonHttpResponseCodec.java:40)
at org.openqa.selenium.remote.http.AbstractHttpResponseCodec.decode(AbstractHttpResponseCodec.java:80)
at org.openqa.selenium.remote.http.AbstractHttpResponseCodec.decode(AbstractHttpResponseCodec.java:44)
at org.openqa.selenium.remote.HttpCommandExecutor.execute(HttpCommandExecutor.java:164)
at org.openqa.selenium.remote.service.DriverCommandExecutor.execute(DriverCommandExecutor.java:83)
at org.openqa.selenium.remote.RemoteWebDriver.execute(RemoteWebDriver.java:601)
at org.openqa.selenium.remote.RemoteWebElement.execute(RemoteWebElement.java:279)
at org.openqa.selenium.remote.RemoteWebElement.click(RemoteWebElement.java:83)
at org.openqa.selenium.support.events.EventFiringWebDriver$EventFiringWebElement.lambda$new$0(EventFiringWebDriver.java:371)
at com.sun.proxy.$Proxy14.click(Unknown Source)
at org.openqa.selenium.support.events.EventFiringWebDriver$EventFiringWebElement.click(EventFiringWebDriver.java:383)
at org.openqa.selenium.support.pagefactory.internal.LocatingElementHandler.invoke(LocatingElementHandler.java:51)
at com.sun.proxy.$Proxy13.click(Unknown Source)
at com.ril.Feedzai.Page.FeedzaiPulseHomePage.pulseLogin(FeedzaiPulseHomePage.java:92)
at com.ril.feedzai.testScript.FeedzaiPulseHomePageTest.FeedzaiPulse(FeedzaiPulseHomePageTest.java:28)
... Removed 39 stack frames]]>
    </failure>
  </testcase> <!-- @BeforeClass FeedzaiPulse -->
  <testcase name="@AfterMethod getResult" time="0.0" classname="com.ril.Feedzai.BaseClass.FeedzaiTestBaseClass">
    <skipped/>
  </testcase> <!-- @AfterMethod getResult -->
  <testcase name="@AfterMethod getResult" time="0.0" classname="com.ril.Feedzai.BaseClass.FeedzaiTestBaseClass">
    <skipped/>
  </testcase> <!-- @AfterMethod getResult -->
  <testcase name="@AfterMethod getResult" time="0.0" classname="com.ril.Feedzai.BaseClass.FeedzaiTestBaseClass">
    <skipped/>
  </testcase> <!-- @AfterMethod getResult -->
  <testcase name="@AfterMethod getResult" time="0.0" classname="com.ril.Feedzai.BaseClass.FeedzaiTestBaseClass">
    <skipped/>
  </testcase> <!-- @AfterMethod getResult -->
  <testcase name="@AfterMethod getResult" time="0.0" classname="com.ril.Feedzai.BaseClass.FeedzaiTestBaseClass">
    <skipped/>
  </testcase> <!-- @AfterMethod getResult -->
  <testcase name="@AfterClass Alert" time="0.0" classname="com.ril.feedzai.testScript.FeedzaiPulseHomePageTest">
    <skipped/>
  </testcase> <!-- @AfterClass Alert -->
  <testcase name="VerifyUserLogin" time="19.281" classname="com.ril.feedzai.testScript.LoginPageTest"/>
  <testcase name="MarkNotFraud" time="1.789" classname="com.ril.feedzai.testScript.AlertPageTest">
    <skipped/>
  </testcase> <!-- MarkNotFraud -->
  <testcase name="MarkNotFraud" time="11.481" classname="com.ril.feedzai.testScript.AlertPageTest"/>
  <testcase name="MarkFraud" time="24.596" classname="com.ril.feedzai.testScript.AlertPageTest"/>
  <testcase name="MarkSuspicious" time="27.348" classname="com.ril.feedzai.testScript.AlertPageTest"/>
  <testcase name="markTransNotFraud" time="10.26" classname="com.ril.feedzai.testScript.TransactionpageTest"/>
  <testcase name="markTransFraud" time="21.249" classname="com.ril.feedzai.testScript.TransactionpageTest"/>
  <testcase name="CustMobSearch" time="7.44" classname="com.ril.feedzai.testScript.CustomerPageTest"/>
  <testcase name="custIdSearch" time="16.736" classname="com.ril.feedzai.testScript.CustomerPageTest"/>
  <testcase name="CustDetailInfo" time="18.613" classname="com.ril.feedzai.testScript.CustomerPageTest"/>
  <testcase name="MerchantDeatilsMno" time="25.405" classname="com.ril.feedzai.testScript.MerchantPageTest"/>
  <testcase name="MerchantDeatilsID" time="15.984" classname="com.ril.feedzai.testScript.MerchantPageTest"/>
  <testcase name="verifyAgentdetail" time="24.353" classname="com.ril.feedzai.testScript.AgentPageTest"/>
  <testcase name="SettingTab" time="28.645" classname="com.ril.feedzai.testScript.SettingsPageTest"/>
  <testcase name="ReportCheck" time="11.641" classname="com.ril.feedzai.testScript.ReportPageTest"/>
  <testcase name="CustSearch" time="39.995" classname="com.ril.feedzai.testScript.AMSearchPageTest"/>
  <testcase name="MerSearch" time="41.954" classname="com.ril.feedzai.testScript.AMSearchPageTest"/>
  <testcase name="ChannelSearch" time="21.693" classname="com.ril.feedzai.testScript.AMSearchPageTest"/>
  <testcase name="AgentIDSearch" time="32.308" classname="com.ril.feedzai.testScript.AMSearchPageTest"/>
  <testcase name="CusNumSearch" time="21.001" classname="com.ril.feedzai.testScript.AMSearchPageTest"/>
  <testcase name="MerNumSearch" time="21.097" classname="com.ril.feedzai.testScript.AMSearchPageTest"/>
  <testcase name="SrcInstIDSearch" time="19.673" classname="com.ril.feedzai.testScript.AMSearchPageTest"/>
  <testcase name="ResponseCodeSearch" time="23.172" classname="com.ril.feedzai.testScript.AMSearchPageTest"/>
  <testcase name="ProcessCodeSearch" time="22.51" classname="com.ril.feedzai.testScript.AMSearchPageTest"/>
  <testcase name="HashedCardPanSearch" time="24.825" classname="com.ril.feedzai.testScript.AMSearchPageTest"/>
  <testcase name="CustAppIDSearch" time="23.165" classname="com.ril.feedzai.testScript.AMSearchPageTest"/>
  <testcase name="SenderPanSearch" time="24.175" classname="com.ril.feedzai.testScript.AMSearchPageTest"/>
  <testcase name="CardBinSearch" time="28.764" classname="com.ril.feedzai.testScript.AMSearchPageTest"/>
  <testcase name="Suspicious" time="10.747" classname="com.ril.feedzai.testScript.HoldandReleasePageTest"/>
  <testcase name="NotFraud" time="77.753" classname="com.ril.feedzai.testScript.HoldandReleasePageTest"/>
  <testcase name="JBPSender_pan" time="13.624" classname="com.ril.feedzai.testScript.JBP_AdvanceSearchPageTest"/>
  <testcase name="Beneficiary_pan" time="12.429" classname="com.ril.feedzai.testScript.JBP_AdvanceSearchPageTest"/>
  <testcase name="Sender_MMID" time="18.009" classname="com.ril.feedzai.testScript.JBP_AdvanceSearchPageTest"/>
  <testcase name="Beneficiary_MMID" time="13.329" classname="com.ril.feedzai.testScript.JBP_AdvanceSearchPageTest"/>
  <testcase name="JBP_SearchCIFID" time="33.261" classname="com.ril.feedzai.testScript.JPB_CustomerSearchPageTest"/>
  <testcase name="Customer_Details_CIFID" time="4.411" classname="com.ril.feedzai.testScript.JPB_CustomerSearchPageTest"/>
  <testcase name="Customer_Account_Number" time="14.33" classname="com.ril.feedzai.testScript.JPB_CustomerSearchPageTest"/>
  <testcase name="Customer_Account_Details" time="4.238" classname="com.ril.feedzai.testScript.JPB_CustomerSearchPageTest">
    <skipped/>
  </testcase> <!-- Customer_Account_Details -->
  <testcase name="Customer_Account_Details" time="3.724" classname="com.ril.feedzai.testScript.JPB_CustomerSearchPageTest">
    <skipped/>
  </testcase> <!-- Customer_Account_Details -->
  <testcase name="Customer_Account_Details" time="4.107" classname="com.ril.feedzai.testScript.JPB_CustomerSearchPageTest">
    <failure type="java.lang.AssertionError" message="expected [true] but found [false]">
      <![CDATA[java.lang.AssertionError: expected [true] but found [false]
at com.ril.feedzai.testScript.JPB_CustomerSearchPageTest.Customer_Account_Details(JPB_CustomerSearchPageTest.java:70)
... Removed 33 stack frames]]>
    </failure>
  </testcase> <!-- Customer_Account_Details -->
  <testcase name="VerifyAlldetail" time="10.91" classname="com.ril.feedzai.testScript.JPB_CustomerSearchPageTest"/>
  <testcase name="LMW_TranData" time="15.207" classname="com.ril.feedzai.testScript.LMW_TranDetailsPageTest"/>
  <testcase name="LMW_Instrument_details" time="0.884" classname="com.ril.feedzai.testScript.LMW_TranDetailsPageTest">
    <skipped/>
  </testcase> <!-- LMW_Instrument_details -->
  <testcase name="LMW_Instrument_details" time="0.785" classname="com.ril.feedzai.testScript.LMW_TranDetailsPageTest">
    <skipped/>
  </testcase> <!-- LMW_Instrument_details -->
  <testcase name="LMW_Instrument_details" time="0.16" classname="com.ril.feedzai.testScript.LMW_TranDetailsPageTest">
    <failure type="java.lang.AssertionError" message="Card details not found in instrument details section for IBW transaction">
      <![CDATA[java.lang.AssertionError: Card details not found in instrument details section for IBW transaction
at com.ril.feedzai.testScript.LMW_TranDetailsPageTest.LMW_Instrument_details(LMW_TranDetailsPageTest.java:41)
... Removed 30 stack frames]]>
    </failure>
  </testcase> <!-- LMW_Instrument_details -->
  <testcase name="LMW_CustomerMob" time="0.14" classname="com.ril.feedzai.testScript.LMW_TranDetailsPageTest"/>
  <testcase name="LMW_transaction_details" time="0.127" classname="com.ril.feedzai.testScript.LMW_TranDetailsPageTest"/>
  <testcase name="MPP_Tran" time="21.78" classname="com.ril.feedzai.testScript.MPP_TranDetailsPageTest"/>
  <testcase name="Customer_dt" time="5.542" classname="com.ril.feedzai.testScript.MPP_TranDetailsPageTest"/>
  <testcase name="Card_dt" time="2.406" classname="com.ril.feedzai.testScript.MPP_TranDetailsPageTest"/>
  <testcase name="transaction_dt" time="2.629" classname="com.ril.feedzai.testScript.MPP_TranDetailsPageTest"/>
  <testcase name="IBW_Tran" time="20.635" classname="com.ril.feedzai.testScript.IBW_TranDetailsPageTest">
    <skipped/>
  </testcase> <!-- IBW_Tran -->
  <testcase name="IBW_Tran" time="1.003" classname="com.ril.feedzai.testScript.IBW_TranDetailsPageTest">
    <skipped/>
  </testcase> <!-- IBW_Tran -->
  <testcase name="IBW_Tran" time="0.912" classname="com.ril.feedzai.testScript.IBW_TranDetailsPageTest">
    <failure type="org.openqa.selenium.WebDriverException" message="unknown error: Element &amp;lt;a href=&amp;quot;#merchant&amp;quot;&amp;gt;...&amp;lt;/a&amp;gt; is not clickable at point (550, 33). Other element would receive the click: &amp;lt;div id=&amp;quot;select2-drop-mask&amp;quot; class=&amp;quot;select2-drop-mask&amp;quot; style=&amp;quot;display: block;&amp;quot;&amp;gt;&amp;lt;/div&amp;gt;
  (Session info: chrome=69.0.3497.100)
  (Driver info: chromedriver=2.38.552522 (437e6fbedfa8762dec75e2c5b3ddb86763dc9dcb),platform=Windows NT 6.1.7601 SP1 x86_64) (WARNING: The server did not provide any stacktrace information)
Command duration or timeout: 0 milliseconds
Build info: version: &amp;apos;3.8.1&amp;apos;, revision: &amp;apos;6e95a6684b&amp;apos;, time: &amp;apos;2017-12-01T18:33:54.468Z&amp;apos;
System info: host: &amp;apos;LT0021232&amp;apos;, ip: &amp;apos;10.51.174.49&amp;apos;, os.name: &amp;apos;Windows 7&amp;apos;, os.arch: &amp;apos;x86&amp;apos;, os.version: &amp;apos;6.1&amp;apos;, java.version: &amp;apos;1.8.0_60&amp;apos;
Driver info: org.openqa.selenium.chrome.ChromeDriver
Capabilities {acceptInsecureCerts: false, acceptSslCerts: false, applicationCacheEnabled: false, browserConnectionEnabled: false, browserName: chrome, chrome: {chromedriverVersion: 2.38.552522 (437e6fbedfa876..., userDataDir: C:\Users\ANKUR~1.JAI\AppDat...}, cssSelectorsEnabled: true, databaseEnabled: false, handlesAlerts: true, hasTouchScreen: false, javascriptEnabled: true, locationContextEnabled: true, mobileEmulationEnabled: false, nativeEvents: true, networkConnectionEnabled: false, pageLoadStrategy: normal, platform: XP, platformName: XP, rotatable: false, setWindowRect: true, takesHeapSnapshot: true, takesScreenshot: true, unexpectedAlertBehaviour: , unhandledPromptBehavior: , version: 69.0.3497.100, webStorageEnabled: true}
Session ID: c981136c42f11aec577f454296f3b199">
      <![CDATA[org.openqa.selenium.WebDriverException: unknown error: Element <a href="#merchant">...</a> is not clickable at point (550, 33). Other element would receive the click: <div id="select2-drop-mask" class="select2-drop-mask" style="display: block;"></div>
  (Session info: chrome=69.0.3497.100)
  (Driver info: chromedriver=2.38.552522 (437e6fbedfa8762dec75e2c5b3ddb86763dc9dcb),platform=Windows NT 6.1.7601 SP1 x86_64) (WARNING: The server did not provide any stacktrace information)
Command duration or timeout: 0 milliseconds
Build info: version: '3.8.1', revision: '6e95a6684b', time: '2017-12-01T18:33:54.468Z'
System info: host: 'LT0021232', ip: '10.51.174.49', os.name: 'Windows 7', os.arch: 'x86', os.version: '6.1', java.version: '1.8.0_60'
Driver info: org.openqa.selenium.chrome.ChromeDriver
Capabilities {acceptInsecureCerts: false, acceptSslCerts: false, applicationCacheEnabled: false, browserConnectionEnabled: false, browserName: chrome, chrome: {chromedriverVersion: 2.38.552522 (437e6fbedfa876..., userDataDir: C:\Users\ANKUR~1.JAI\AppDat...}, cssSelectorsEnabled: true, databaseEnabled: false, handlesAlerts: true, hasTouchScreen: false, javascriptEnabled: true, locationContextEnabled: true, mobileEmulationEnabled: false, nativeEvents: true, networkConnectionEnabled: false, pageLoadStrategy: normal, platform: XP, platformName: XP, rotatable: false, setWindowRect: true, takesHeapSnapshot: true, takesScreenshot: true, unexpectedAlertBehaviour: , unhandledPromptBehavior: , version: 69.0.3497.100, webStorageEnabled: true}
Session ID: c981136c42f11aec577f454296f3b199
at org.openqa.selenium.remote.ErrorHandler.createThrowable(ErrorHandler.java:214)
at org.openqa.selenium.remote.ErrorHandler.throwIfResponseFailed(ErrorHandler.java:166)
at org.openqa.selenium.remote.http.JsonHttpResponseCodec.reconstructValue(JsonHttpResponseCodec.java:40)
at org.openqa.selenium.remote.http.AbstractHttpResponseCodec.decode(AbstractHttpResponseCodec.java:80)
at org.openqa.selenium.remote.http.AbstractHttpResponseCodec.decode(AbstractHttpResponseCodec.java:44)
at org.openqa.selenium.remote.HttpCommandExecutor.execute(HttpCommandExecutor.java:164)
at org.openqa.selenium.remote.service.DriverCommandExecutor.execute(DriverCommandExecutor.java:83)
at org.openqa.selenium.remote.RemoteWebDriver.execute(RemoteWebDriver.java:601)
at org.openqa.selenium.remote.RemoteWebElement.execute(RemoteWebElement.java:279)
at org.openqa.selenium.remote.RemoteWebElement.click(RemoteWebElement.java:83)
at org.openqa.selenium.support.events.EventFiringWebDriver$EventFiringWebElement.lambda$new$0(EventFiringWebDriver.java:371)
at com.sun.proxy.$Proxy14.click(Unknown Source)
at org.openqa.selenium.support.events.EventFiringWebDriver$EventFiringWebElement.click(EventFiringWebDriver.java:383)
at org.openqa.selenium.support.pagefactory.internal.LocatingElementHandler.invoke(LocatingElementHandler.java:51)
at com.sun.proxy.$Proxy13.click(Unknown Source)
at com.ril.Feedzai.Page.IBW_TranDetailsPage.IBW_Tran_Data(IBW_TranDetailsPage.java:62)
at com.ril.feedzai.testScript.IBW_TranDetailsPageTest.IBW_Tran(IBW_TranDetailsPageTest.java:30)
... Removed 39 stack frames]]>
    </failure>
  </testcase> <!-- IBW_Tran -->
  <testcase name="Customer_Details" time="111.826" classname="com.ril.feedzai.testScript.IBW_TranDetailsPageTest">
    <skipped/>
  </testcase> <!-- Customer_Details -->
  <testcase name="Customer_Details" time="2.465" classname="com.ril.feedzai.testScript.IBW_TranDetailsPageTest">
    <skipped/>
  </testcase> <!-- Customer_Details -->
  <testcase name="Customer_Details" time="2.621" classname="com.ril.feedzai.testScript.IBW_TranDetailsPageTest">
    <failure type="java.lang.AssertionError" message="Mobile number not found in customer details section for IBW transaction">
      <![CDATA[java.lang.AssertionError: Mobile number not found in customer details section for IBW transaction
at com.ril.feedzai.testScript.IBW_TranDetailsPageTest.Customer_Details(IBW_TranDetailsPageTest.java:52)
... Removed 30 stack frames]]>
    </failure>
  </testcase> <!-- Customer_Details -->
  <testcase name="Payment_Details" time="2.201" classname="com.ril.feedzai.testScript.IBW_TranDetailsPageTest"/>
  <testcase name="transaction_Details" time="2.712" classname="com.ril.feedzai.testScript.IBW_TranDetailsPageTest">
    <skipped/>
  </testcase> <!-- transaction_Details -->
  <testcase name="transaction_Details" time="2.588" classname="com.ril.feedzai.testScript.IBW_TranDetailsPageTest">
    <skipped/>
  </testcase> <!-- transaction_Details -->
  <testcase name="transaction_Details" time="2.434" classname="com.ril.feedzai.testScript.IBW_TranDetailsPageTest">
    <failure type="java.lang.AssertionError" message="Customer app id not found in transaction details section for IBW transaction">
      <![CDATA[java.lang.AssertionError: Customer app id not found in transaction details section for IBW transaction
at com.ril.feedzai.testScript.IBW_TranDetailsPageTest.transaction_Details(IBW_TranDetailsPageTest.java:94)
... Removed 30 stack frames]]>
    </failure>
  </testcase> <!-- transaction_Details -->
  <testcase name="P2M_Tran" time="32.097" classname="com.ril.feedzai.testScript.P2M_TranDetailsPageTest"/>
  <testcase name="Customer_Data" time="6.263" classname="com.ril.feedzai.testScript.P2M_TranDetailsPageTest"/>
  <testcase name="Cust_app_id" time="2.22" classname="com.ril.feedzai.testScript.P2M_TranDetailsPageTest"/>
  <testcase name="P2M_merchant_app_id" time="2.595" classname="com.ril.feedzai.testScript.P2M_TranDetailsPageTest"/>
  <testcase name="P2M_Tran" time="37.274" classname="com.ril.feedzai.testScript.BeneficiaryPan_ValidationPageTest">
    <skipped/>
  </testcase> <!-- P2M_Tran -->
  <testcase name="P2M_Tran" time="0.959" classname="com.ril.feedzai.testScript.BeneficiaryPan_ValidationPageTest">
    <skipped/>
  </testcase> <!-- P2M_Tran -->
  <testcase name="P2M_Tran" time="1.836" classname="com.ril.feedzai.testScript.BeneficiaryPan_ValidationPageTest">
    <failure type="org.openqa.selenium.WebDriverException" message="unknown error: Element &amp;lt;a href=&amp;quot;#merchant&amp;quot;&amp;gt;...&amp;lt;/a&amp;gt; is not clickable at point (550, 33). Other element would receive the click: &amp;lt;div id=&amp;quot;select2-drop-mask&amp;quot; class=&amp;quot;select2-drop-mask&amp;quot; style=&amp;quot;display: block;&amp;quot;&amp;gt;&amp;lt;/div&amp;gt;
  (Session info: chrome=69.0.3497.100)
  (Driver info: chromedriver=2.38.552522 (437e6fbedfa8762dec75e2c5b3ddb86763dc9dcb),platform=Windows NT 6.1.7601 SP1 x86_64) (WARNING: The server did not provide any stacktrace information)
Command duration or timeout: 0 milliseconds
Build info: version: &amp;apos;3.8.1&amp;apos;, revision: &amp;apos;6e95a6684b&amp;apos;, time: &amp;apos;2017-12-01T18:33:54.468Z&amp;apos;
System info: host: &amp;apos;LT0021232&amp;apos;, ip: &amp;apos;10.51.174.49&amp;apos;, os.name: &amp;apos;Windows 7&amp;apos;, os.arch: &amp;apos;x86&amp;apos;, os.version: &amp;apos;6.1&amp;apos;, java.version: &amp;apos;1.8.0_60&amp;apos;
Driver info: org.openqa.selenium.chrome.ChromeDriver
Capabilities {acceptInsecureCerts: false, acceptSslCerts: false, applicationCacheEnabled: false, browserConnectionEnabled: false, browserName: chrome, chrome: {chromedriverVersion: 2.38.552522 (437e6fbedfa876..., userDataDir: C:\Users\ANKUR~1.JAI\AppDat...}, cssSelectorsEnabled: true, databaseEnabled: false, handlesAlerts: true, hasTouchScreen: false, javascriptEnabled: true, locationContextEnabled: true, mobileEmulationEnabled: false, nativeEvents: true, networkConnectionEnabled: false, pageLoadStrategy: normal, platform: XP, platformName: XP, rotatable: false, setWindowRect: true, takesHeapSnapshot: true, takesScreenshot: true, unexpectedAlertBehaviour: , unhandledPromptBehavior: , version: 69.0.3497.100, webStorageEnabled: true}
Session ID: c981136c42f11aec577f454296f3b199">
      <![CDATA[org.openqa.selenium.WebDriverException: unknown error: Element <a href="#merchant">...</a> is not clickable at point (550, 33). Other element would receive the click: <div id="select2-drop-mask" class="select2-drop-mask" style="display: block;"></div>
  (Session info: chrome=69.0.3497.100)
  (Driver info: chromedriver=2.38.552522 (437e6fbedfa8762dec75e2c5b3ddb86763dc9dcb),platform=Windows NT 6.1.7601 SP1 x86_64) (WARNING: The server did not provide any stacktrace information)
Command duration or timeout: 0 milliseconds
Build info: version: '3.8.1', revision: '6e95a6684b', time: '2017-12-01T18:33:54.468Z'
System info: host: 'LT0021232', ip: '10.51.174.49', os.name: 'Windows 7', os.arch: 'x86', os.version: '6.1', java.version: '1.8.0_60'
Driver info: org.openqa.selenium.chrome.ChromeDriver
Capabilities {acceptInsecureCerts: false, acceptSslCerts: false, applicationCacheEnabled: false, browserConnectionEnabled: false, browserName: chrome, chrome: {chromedriverVersion: 2.38.552522 (437e6fbedfa876..., userDataDir: C:\Users\ANKUR~1.JAI\AppDat...}, cssSelectorsEnabled: true, databaseEnabled: false, handlesAlerts: true, hasTouchScreen: false, javascriptEnabled: true, locationContextEnabled: true, mobileEmulationEnabled: false, nativeEvents: true, networkConnectionEnabled: false, pageLoadStrategy: normal, platform: XP, platformName: XP, rotatable: false, setWindowRect: true, takesHeapSnapshot: true, takesScreenshot: true, unexpectedAlertBehaviour: , unhandledPromptBehavior: , version: 69.0.3497.100, webStorageEnabled: true}
Session ID: c981136c42f11aec577f454296f3b199
at org.openqa.selenium.remote.ErrorHandler.createThrowable(ErrorHandler.java:214)
at org.openqa.selenium.remote.ErrorHandler.throwIfResponseFailed(ErrorHandler.java:166)
at org.openqa.selenium.remote.http.JsonHttpResponseCodec.reconstructValue(JsonHttpResponseCodec.java:40)
at org.openqa.selenium.remote.http.AbstractHttpResponseCodec.decode(AbstractHttpResponseCodec.java:80)
at org.openqa.selenium.remote.http.AbstractHttpResponseCodec.decode(AbstractHttpResponseCodec.java:44)
at org.openqa.selenium.remote.HttpCommandExecutor.execute(HttpCommandExecutor.java:164)
at org.openqa.selenium.remote.service.DriverCommandExecutor.execute(DriverCommandExecutor.java:83)
at org.openqa.selenium.remote.RemoteWebDriver.execute(RemoteWebDriver.java:601)
at org.openqa.selenium.remote.RemoteWebElement.execute(RemoteWebElement.java:279)
at org.openqa.selenium.remote.RemoteWebElement.click(RemoteWebElement.java:83)
at org.openqa.selenium.support.events.EventFiringWebDriver$EventFiringWebElement.lambda$new$0(EventFiringWebDriver.java:371)
at com.sun.proxy.$Proxy14.click(Unknown Source)
at org.openqa.selenium.support.events.EventFiringWebDriver$EventFiringWebElement.click(EventFiringWebDriver.java:383)
at org.openqa.selenium.support.pagefactory.internal.LocatingElementHandler.invoke(LocatingElementHandler.java:51)
at com.sun.proxy.$Proxy13.click(Unknown Source)
at com.ril.Feedzai.Page.BeneficiaryPan_ValidationPage.P2M_Tran_Data(BeneficiaryPan_ValidationPage.java:58)
at com.ril.feedzai.testScript.BeneficiaryPan_ValidationPageTest.P2M_Tran(BeneficiaryPan_ValidationPageTest.java:32)
... Removed 39 stack frames]]>
    </failure>
  </testcase> <!-- P2M_Tran -->
  <testcase name="LMW_Tran" time="1.117" classname="com.ril.feedzai.testScript.BeneficiaryPan_ValidationPageTest">
    <skipped/>
  </testcase> <!-- LMW_Tran -->
  <testcase name="LMW_Tran" time="1.146" classname="com.ril.feedzai.testScript.BeneficiaryPan_ValidationPageTest">
    <skipped/>
  </testcase> <!-- LMW_Tran -->
  <testcase name="LMW_Tran" time="0.962" classname="com.ril.feedzai.testScript.BeneficiaryPan_ValidationPageTest">
    <failure type="org.openqa.selenium.WebDriverException" message="unknown error: Element &amp;lt;a href=&amp;quot;#merchant&amp;quot;&amp;gt;...&amp;lt;/a&amp;gt; is not clickable at point (550, 33). Other element would receive the click: &amp;lt;div id=&amp;quot;select2-drop-mask&amp;quot; class=&amp;quot;select2-drop-mask&amp;quot; style=&amp;quot;display: block;&amp;quot;&amp;gt;&amp;lt;/div&amp;gt;
  (Session info: chrome=69.0.3497.100)
  (Driver info: chromedriver=2.38.552522 (437e6fbedfa8762dec75e2c5b3ddb86763dc9dcb),platform=Windows NT 6.1.7601 SP1 x86_64) (WARNING: The server did not provide any stacktrace information)
Command duration or timeout: 0 milliseconds
Build info: version: &amp;apos;3.8.1&amp;apos;, revision: &amp;apos;6e95a6684b&amp;apos;, time: &amp;apos;2017-12-01T18:33:54.468Z&amp;apos;
System info: host: &amp;apos;LT0021232&amp;apos;, ip: &amp;apos;10.51.174.49&amp;apos;, os.name: &amp;apos;Windows 7&amp;apos;, os.arch: &amp;apos;x86&amp;apos;, os.version: &amp;apos;6.1&amp;apos;, java.version: &amp;apos;1.8.0_60&amp;apos;
Driver info: org.openqa.selenium.chrome.ChromeDriver
Capabilities {acceptInsecureCerts: false, acceptSslCerts: false, applicationCacheEnabled: false, browserConnectionEnabled: false, browserName: chrome, chrome: {chromedriverVersion: 2.38.552522 (437e6fbedfa876..., userDataDir: C:\Users\ANKUR~1.JAI\AppDat...}, cssSelectorsEnabled: true, databaseEnabled: false, handlesAlerts: true, hasTouchScreen: false, javascriptEnabled: true, locationContextEnabled: true, mobileEmulationEnabled: false, nativeEvents: true, networkConnectionEnabled: false, pageLoadStrategy: normal, platform: XP, platformName: XP, rotatable: false, setWindowRect: true, takesHeapSnapshot: true, takesScreenshot: true, unexpectedAlertBehaviour: , unhandledPromptBehavior: , version: 69.0.3497.100, webStorageEnabled: true}
Session ID: c981136c42f11aec577f454296f3b199">
      <![CDATA[org.openqa.selenium.WebDriverException: unknown error: Element <a href="#merchant">...</a> is not clickable at point (550, 33). Other element would receive the click: <div id="select2-drop-mask" class="select2-drop-mask" style="display: block;"></div>
  (Session info: chrome=69.0.3497.100)
  (Driver info: chromedriver=2.38.552522 (437e6fbedfa8762dec75e2c5b3ddb86763dc9dcb),platform=Windows NT 6.1.7601 SP1 x86_64) (WARNING: The server did not provide any stacktrace information)
Command duration or timeout: 0 milliseconds
Build info: version: '3.8.1', revision: '6e95a6684b', time: '2017-12-01T18:33:54.468Z'
System info: host: 'LT0021232', ip: '10.51.174.49', os.name: 'Windows 7', os.arch: 'x86', os.version: '6.1', java.version: '1.8.0_60'
Driver info: org.openqa.selenium.chrome.ChromeDriver
Capabilities {acceptInsecureCerts: false, acceptSslCerts: false, applicationCacheEnabled: false, browserConnectionEnabled: false, browserName: chrome, chrome: {chromedriverVersion: 2.38.552522 (437e6fbedfa876..., userDataDir: C:\Users\ANKUR~1.JAI\AppDat...}, cssSelectorsEnabled: true, databaseEnabled: false, handlesAlerts: true, hasTouchScreen: false, javascriptEnabled: true, locationContextEnabled: true, mobileEmulationEnabled: false, nativeEvents: true, networkConnectionEnabled: false, pageLoadStrategy: normal, platform: XP, platformName: XP, rotatable: false, setWindowRect: true, takesHeapSnapshot: true, takesScreenshot: true, unexpectedAlertBehaviour: , unhandledPromptBehavior: , version: 69.0.3497.100, webStorageEnabled: true}
Session ID: c981136c42f11aec577f454296f3b199
at org.openqa.selenium.remote.ErrorHandler.createThrowable(ErrorHandler.java:214)
at org.openqa.selenium.remote.ErrorHandler.throwIfResponseFailed(ErrorHandler.java:166)
at org.openqa.selenium.remote.http.JsonHttpResponseCodec.reconstructValue(JsonHttpResponseCodec.java:40)
at org.openqa.selenium.remote.http.AbstractHttpResponseCodec.decode(AbstractHttpResponseCodec.java:80)
at org.openqa.selenium.remote.http.AbstractHttpResponseCodec.decode(AbstractHttpResponseCodec.java:44)
at org.openqa.selenium.remote.HttpCommandExecutor.execute(HttpCommandExecutor.java:164)
at org.openqa.selenium.remote.service.DriverCommandExecutor.execute(DriverCommandExecutor.java:83)
at org.openqa.selenium.remote.RemoteWebDriver.execute(RemoteWebDriver.java:601)
at org.openqa.selenium.remote.RemoteWebElement.execute(RemoteWebElement.java:279)
at org.openqa.selenium.remote.RemoteWebElement.click(RemoteWebElement.java:83)
at org.openqa.selenium.support.events.EventFiringWebDriver$EventFiringWebElement.lambda$new$0(EventFiringWebDriver.java:371)
at com.sun.proxy.$Proxy14.click(Unknown Source)
at org.openqa.selenium.support.events.EventFiringWebDriver$EventFiringWebElement.click(EventFiringWebDriver.java:383)
at org.openqa.selenium.support.pagefactory.internal.LocatingElementHandler.invoke(LocatingElementHandler.java:51)
at com.sun.proxy.$Proxy13.click(Unknown Source)
at com.ril.Feedzai.Page.BeneficiaryPan_ValidationPage.LMW_Tran_Validation(BeneficiaryPan_ValidationPage.java:85)
at com.ril.feedzai.testScript.BeneficiaryPan_ValidationPageTest.LMW_Tran(BeneficiaryPan_ValidationPageTest.java:74)
... Removed 39 stack frames]]>
    </failure>
  </testcase> <!-- LMW_Tran -->
  <testcase name="WPP_Tran" time="0.868" classname="com.ril.feedzai.testScript.BeneficiaryPan_ValidationPageTest">
    <skipped/>
  </testcase> <!-- WPP_Tran -->
  <testcase name="WPP_Tran" time="0.949" classname="com.ril.feedzai.testScript.BeneficiaryPan_ValidationPageTest">
    <skipped/>
  </testcase> <!-- WPP_Tran -->
  <testcase name="WPP_Tran" time="1.616" classname="com.ril.feedzai.testScript.BeneficiaryPan_ValidationPageTest">
    <failure type="org.openqa.selenium.WebDriverException" message="unknown error: Element &amp;lt;a href=&amp;quot;#merchant&amp;quot;&amp;gt;...&amp;lt;/a&amp;gt; is not clickable at point (550, 33). Other element would receive the click: &amp;lt;div id=&amp;quot;select2-drop-mask&amp;quot; class=&amp;quot;select2-drop-mask&amp;quot; style=&amp;quot;display: block;&amp;quot;&amp;gt;&amp;lt;/div&amp;gt;
  (Session info: chrome=69.0.3497.100)
  (Driver info: chromedriver=2.38.552522 (437e6fbedfa8762dec75e2c5b3ddb86763dc9dcb),platform=Windows NT 6.1.7601 SP1 x86_64) (WARNING: The server did not provide any stacktrace information)
Command duration or timeout: 0 milliseconds
Build info: version: &amp;apos;3.8.1&amp;apos;, revision: &amp;apos;6e95a6684b&amp;apos;, time: &amp;apos;2017-12-01T18:33:54.468Z&amp;apos;
System info: host: &amp;apos;LT0021232&amp;apos;, ip: &amp;apos;10.51.174.49&amp;apos;, os.name: &amp;apos;Windows 7&amp;apos;, os.arch: &amp;apos;x86&amp;apos;, os.version: &amp;apos;6.1&amp;apos;, java.version: &amp;apos;1.8.0_60&amp;apos;
Driver info: org.openqa.selenium.chrome.ChromeDriver
Capabilities {acceptInsecureCerts: false, acceptSslCerts: false, applicationCacheEnabled: false, browserConnectionEnabled: false, browserName: chrome, chrome: {chromedriverVersion: 2.38.552522 (437e6fbedfa876..., userDataDir: C:\Users\ANKUR~1.JAI\AppDat...}, cssSelectorsEnabled: true, databaseEnabled: false, handlesAlerts: true, hasTouchScreen: false, javascriptEnabled: true, locationContextEnabled: true, mobileEmulationEnabled: false, nativeEvents: true, networkConnectionEnabled: false, pageLoadStrategy: normal, platform: XP, platformName: XP, rotatable: false, setWindowRect: true, takesHeapSnapshot: true, takesScreenshot: true, unexpectedAlertBehaviour: , unhandledPromptBehavior: , version: 69.0.3497.100, webStorageEnabled: true}
Session ID: c981136c42f11aec577f454296f3b199">
      <![CDATA[org.openqa.selenium.WebDriverException: unknown error: Element <a href="#merchant">...</a> is not clickable at point (550, 33). Other element would receive the click: <div id="select2-drop-mask" class="select2-drop-mask" style="display: block;"></div>
  (Session info: chrome=69.0.3497.100)
  (Driver info: chromedriver=2.38.552522 (437e6fbedfa8762dec75e2c5b3ddb86763dc9dcb),platform=Windows NT 6.1.7601 SP1 x86_64) (WARNING: The server did not provide any stacktrace information)
Command duration or timeout: 0 milliseconds
Build info: version: '3.8.1', revision: '6e95a6684b', time: '2017-12-01T18:33:54.468Z'
System info: host: 'LT0021232', ip: '10.51.174.49', os.name: 'Windows 7', os.arch: 'x86', os.version: '6.1', java.version: '1.8.0_60'
Driver info: org.openqa.selenium.chrome.ChromeDriver
Capabilities {acceptInsecureCerts: false, acceptSslCerts: false, applicationCacheEnabled: false, browserConnectionEnabled: false, browserName: chrome, chrome: {chromedriverVersion: 2.38.552522 (437e6fbedfa876..., userDataDir: C:\Users\ANKUR~1.JAI\AppDat...}, cssSelectorsEnabled: true, databaseEnabled: false, handlesAlerts: true, hasTouchScreen: false, javascriptEnabled: true, locationContextEnabled: true, mobileEmulationEnabled: false, nativeEvents: true, networkConnectionEnabled: false, pageLoadStrategy: normal, platform: XP, platformName: XP, rotatable: false, setWindowRect: true, takesHeapSnapshot: true, takesScreenshot: true, unexpectedAlertBehaviour: , unhandledPromptBehavior: , version: 69.0.3497.100, webStorageEnabled: true}
Session ID: c981136c42f11aec577f454296f3b199
at org.openqa.selenium.remote.ErrorHandler.createThrowable(ErrorHandler.java:214)
at org.openqa.selenium.remote.ErrorHandler.throwIfResponseFailed(ErrorHandler.java:166)
at org.openqa.selenium.remote.http.JsonHttpResponseCodec.reconstructValue(JsonHttpResponseCodec.java:40)
at org.openqa.selenium.remote.http.AbstractHttpResponseCodec.decode(AbstractHttpResponseCodec.java:80)
at org.openqa.selenium.remote.http.AbstractHttpResponseCodec.decode(AbstractHttpResponseCodec.java:44)
at org.openqa.selenium.remote.HttpCommandExecutor.execute(HttpCommandExecutor.java:164)
at org.openqa.selenium.remote.service.DriverCommandExecutor.execute(DriverCommandExecutor.java:83)
at org.openqa.selenium.remote.RemoteWebDriver.execute(RemoteWebDriver.java:601)
at org.openqa.selenium.remote.RemoteWebElement.execute(RemoteWebElement.java:279)
at org.openqa.selenium.remote.RemoteWebElement.click(RemoteWebElement.java:83)
at org.openqa.selenium.support.events.EventFiringWebDriver$EventFiringWebElement.lambda$new$0(EventFiringWebDriver.java:371)
at com.sun.proxy.$Proxy14.click(Unknown Source)
at org.openqa.selenium.support.events.EventFiringWebDriver$EventFiringWebElement.click(EventFiringWebDriver.java:383)
at org.openqa.selenium.support.pagefactory.internal.LocatingElementHandler.invoke(LocatingElementHandler.java:51)
at com.sun.proxy.$Proxy13.click(Unknown Source)
at com.ril.Feedzai.Page.BeneficiaryPan_ValidationPage.WPP_Tran_Validation(BeneficiaryPan_ValidationPage.java:111)
at com.ril.feedzai.testScript.BeneficiaryPan_ValidationPageTest.WPP_Tran(BeneficiaryPan_ValidationPageTest.java:118)
... Removed 39 stack frames]]>
    </failure>
  </testcase> <!-- WPP_Tran -->
  <testcase name="MPP_Tran" time="1.435" classname="com.ril.feedzai.testScript.BeneficiaryPan_ValidationPageTest">
    <skipped/>
  </testcase> <!-- MPP_Tran -->
  <testcase name="MPP_Tran" time="0.947" classname="com.ril.feedzai.testScript.BeneficiaryPan_ValidationPageTest">
    <skipped/>
  </testcase> <!-- MPP_Tran -->
  <testcase name="MPP_Tran" time="1.025" classname="com.ril.feedzai.testScript.BeneficiaryPan_ValidationPageTest">
    <failure type="org.openqa.selenium.WebDriverException" message="unknown error: Element &amp;lt;a href=&amp;quot;#merchant&amp;quot;&amp;gt;...&amp;lt;/a&amp;gt; is not clickable at point (550, 33). Other element would receive the click: &amp;lt;div id=&amp;quot;select2-drop-mask&amp;quot; class=&amp;quot;select2-drop-mask&amp;quot; style=&amp;quot;display: block;&amp;quot;&amp;gt;&amp;lt;/div&amp;gt;
  (Session info: chrome=69.0.3497.100)
  (Driver info: chromedriver=2.38.552522 (437e6fbedfa8762dec75e2c5b3ddb86763dc9dcb),platform=Windows NT 6.1.7601 SP1 x86_64) (WARNING: The server did not provide any stacktrace information)
Command duration or timeout: 0 milliseconds
Build info: version: &amp;apos;3.8.1&amp;apos;, revision: &amp;apos;6e95a6684b&amp;apos;, time: &amp;apos;2017-12-01T18:33:54.468Z&amp;apos;
System info: host: &amp;apos;LT0021232&amp;apos;, ip: &amp;apos;10.51.174.49&amp;apos;, os.name: &amp;apos;Windows 7&amp;apos;, os.arch: &amp;apos;x86&amp;apos;, os.version: &amp;apos;6.1&amp;apos;, java.version: &amp;apos;1.8.0_60&amp;apos;
Driver info: org.openqa.selenium.chrome.ChromeDriver
Capabilities {acceptInsecureCerts: false, acceptSslCerts: false, applicationCacheEnabled: false, browserConnectionEnabled: false, browserName: chrome, chrome: {chromedriverVersion: 2.38.552522 (437e6fbedfa876..., userDataDir: C:\Users\ANKUR~1.JAI\AppDat...}, cssSelectorsEnabled: true, databaseEnabled: false, handlesAlerts: true, hasTouchScreen: false, javascriptEnabled: true, locationContextEnabled: true, mobileEmulationEnabled: false, nativeEvents: true, networkConnectionEnabled: false, pageLoadStrategy: normal, platform: XP, platformName: XP, rotatable: false, setWindowRect: true, takesHeapSnapshot: true, takesScreenshot: true, unexpectedAlertBehaviour: , unhandledPromptBehavior: , version: 69.0.3497.100, webStorageEnabled: true}
Session ID: c981136c42f11aec577f454296f3b199">
      <![CDATA[org.openqa.selenium.WebDriverException: unknown error: Element <a href="#merchant">...</a> is not clickable at point (550, 33). Other element would receive the click: <div id="select2-drop-mask" class="select2-drop-mask" style="display: block;"></div>
  (Session info: chrome=69.0.3497.100)
  (Driver info: chromedriver=2.38.552522 (437e6fbedfa8762dec75e2c5b3ddb86763dc9dcb),platform=Windows NT 6.1.7601 SP1 x86_64) (WARNING: The server did not provide any stacktrace information)
Command duration or timeout: 0 milliseconds
Build info: version: '3.8.1', revision: '6e95a6684b', time: '2017-12-01T18:33:54.468Z'
System info: host: 'LT0021232', ip: '10.51.174.49', os.name: 'Windows 7', os.arch: 'x86', os.version: '6.1', java.version: '1.8.0_60'
Driver info: org.openqa.selenium.chrome.ChromeDriver
Capabilities {acceptInsecureCerts: false, acceptSslCerts: false, applicationCacheEnabled: false, browserConnectionEnabled: false, browserName: chrome, chrome: {chromedriverVersion: 2.38.552522 (437e6fbedfa876..., userDataDir: C:\Users\ANKUR~1.JAI\AppDat...}, cssSelectorsEnabled: true, databaseEnabled: false, handlesAlerts: true, hasTouchScreen: false, javascriptEnabled: true, locationContextEnabled: true, mobileEmulationEnabled: false, nativeEvents: true, networkConnectionEnabled: false, pageLoadStrategy: normal, platform: XP, platformName: XP, rotatable: false, setWindowRect: true, takesHeapSnapshot: true, takesScreenshot: true, unexpectedAlertBehaviour: , unhandledPromptBehavior: , version: 69.0.3497.100, webStorageEnabled: true}
Session ID: c981136c42f11aec577f454296f3b199
at org.openqa.selenium.remote.ErrorHandler.createThrowable(ErrorHandler.java:214)
at org.openqa.selenium.remote.ErrorHandler.throwIfResponseFailed(ErrorHandler.java:166)
at org.openqa.selenium.remote.http.JsonHttpResponseCodec.reconstructValue(JsonHttpResponseCodec.java:40)
at org.openqa.selenium.remote.http.AbstractHttpResponseCodec.decode(AbstractHttpResponseCodec.java:80)
at org.openqa.selenium.remote.http.AbstractHttpResponseCodec.decode(AbstractHttpResponseCodec.java:44)
at org.openqa.selenium.remote.HttpCommandExecutor.execute(HttpCommandExecutor.java:164)
at org.openqa.selenium.remote.service.DriverCommandExecutor.execute(DriverCommandExecutor.java:83)
at org.openqa.selenium.remote.RemoteWebDriver.execute(RemoteWebDriver.java:601)
at org.openqa.selenium.remote.RemoteWebElement.execute(RemoteWebElement.java:279)
at org.openqa.selenium.remote.RemoteWebElement.click(RemoteWebElement.java:83)
at org.openqa.selenium.support.events.EventFiringWebDriver$EventFiringWebElement.lambda$new$0(EventFiringWebDriver.java:371)
at com.sun.proxy.$Proxy14.click(Unknown Source)
at org.openqa.selenium.support.events.EventFiringWebDriver$EventFiringWebElement.click(EventFiringWebDriver.java:383)
at org.openqa.selenium.support.pagefactory.internal.LocatingElementHandler.invoke(LocatingElementHandler.java:51)
at com.sun.proxy.$Proxy13.click(Unknown Source)
at com.ril.Feedzai.Page.BeneficiaryPan_ValidationPage.MPP_trans_details(BeneficiaryPan_ValidationPage.java:137)
at com.ril.feedzai.testScript.BeneficiaryPan_ValidationPageTest.MPP_Tran(BeneficiaryPan_ValidationPageTest.java:160)
... Removed 39 stack frames]]>
    </failure>
  </testcase> <!-- MPP_Tran -->
  <testcase name="IBW_trans_details" time="1.315" classname="com.ril.feedzai.testScript.BeneficiaryPan_ValidationPageTest">
    <skipped/>
  </testcase> <!-- IBW_trans_details -->
  <testcase name="IBW_trans_details" time="1.027" classname="com.ril.feedzai.testScript.BeneficiaryPan_ValidationPageTest">
    <skipped/>
  </testcase> <!-- IBW_trans_details -->
  <testcase name="IBW_trans_details" time="0.885" classname="com.ril.feedzai.testScript.BeneficiaryPan_ValidationPageTest">
    <failure type="org.openqa.selenium.WebDriverException" message="unknown error: Element &amp;lt;a href=&amp;quot;#merchant&amp;quot;&amp;gt;...&amp;lt;/a&amp;gt; is not clickable at point (550, 33). Other element would receive the click: &amp;lt;div id=&amp;quot;select2-drop-mask&amp;quot; class=&amp;quot;select2-drop-mask&amp;quot; style=&amp;quot;display: block;&amp;quot;&amp;gt;&amp;lt;/div&amp;gt;
  (Session info: chrome=69.0.3497.100)
  (Driver info: chromedriver=2.38.552522 (437e6fbedfa8762dec75e2c5b3ddb86763dc9dcb),platform=Windows NT 6.1.7601 SP1 x86_64) (WARNING: The server did not provide any stacktrace information)
Command duration or timeout: 0 milliseconds
Build info: version: &amp;apos;3.8.1&amp;apos;, revision: &amp;apos;6e95a6684b&amp;apos;, time: &amp;apos;2017-12-01T18:33:54.468Z&amp;apos;
System info: host: &amp;apos;LT0021232&amp;apos;, ip: &amp;apos;10.51.174.49&amp;apos;, os.name: &amp;apos;Windows 7&amp;apos;, os.arch: &amp;apos;x86&amp;apos;, os.version: &amp;apos;6.1&amp;apos;, java.version: &amp;apos;1.8.0_60&amp;apos;
Driver info: org.openqa.selenium.chrome.ChromeDriver
Capabilities {acceptInsecureCerts: false, acceptSslCerts: false, applicationCacheEnabled: false, browserConnectionEnabled: false, browserName: chrome, chrome: {chromedriverVersion: 2.38.552522 (437e6fbedfa876..., userDataDir: C:\Users\ANKUR~1.JAI\AppDat...}, cssSelectorsEnabled: true, databaseEnabled: false, handlesAlerts: true, hasTouchScreen: false, javascriptEnabled: true, locationContextEnabled: true, mobileEmulationEnabled: false, nativeEvents: true, networkConnectionEnabled: false, pageLoadStrategy: normal, platform: XP, platformName: XP, rotatable: false, setWindowRect: true, takesHeapSnapshot: true, takesScreenshot: true, unexpectedAlertBehaviour: , unhandledPromptBehavior: , version: 69.0.3497.100, webStorageEnabled: true}
Session ID: c981136c42f11aec577f454296f3b199">
      <![CDATA[org.openqa.selenium.WebDriverException: unknown error: Element <a href="#merchant">...</a> is not clickable at point (550, 33). Other element would receive the click: <div id="select2-drop-mask" class="select2-drop-mask" style="display: block;"></div>
  (Session info: chrome=69.0.3497.100)
  (Driver info: chromedriver=2.38.552522 (437e6fbedfa8762dec75e2c5b3ddb86763dc9dcb),platform=Windows NT 6.1.7601 SP1 x86_64) (WARNING: The server did not provide any stacktrace information)
Command duration or timeout: 0 milliseconds
Build info: version: '3.8.1', revision: '6e95a6684b', time: '2017-12-01T18:33:54.468Z'
System info: host: 'LT0021232', ip: '10.51.174.49', os.name: 'Windows 7', os.arch: 'x86', os.version: '6.1', java.version: '1.8.0_60'
Driver info: org.openqa.selenium.chrome.ChromeDriver
Capabilities {acceptInsecureCerts: false, acceptSslCerts: false, applicationCacheEnabled: false, browserConnectionEnabled: false, browserName: chrome, chrome: {chromedriverVersion: 2.38.552522 (437e6fbedfa876..., userDataDir: C:\Users\ANKUR~1.JAI\AppDat...}, cssSelectorsEnabled: true, databaseEnabled: false, handlesAlerts: true, hasTouchScreen: false, javascriptEnabled: true, locationContextEnabled: true, mobileEmulationEnabled: false, nativeEvents: true, networkConnectionEnabled: false, pageLoadStrategy: normal, platform: XP, platformName: XP, rotatable: false, setWindowRect: true, takesHeapSnapshot: true, takesScreenshot: true, unexpectedAlertBehaviour: , unhandledPromptBehavior: , version: 69.0.3497.100, webStorageEnabled: true}
Session ID: c981136c42f11aec577f454296f3b199
at org.openqa.selenium.remote.ErrorHandler.createThrowable(ErrorHandler.java:214)
at org.openqa.selenium.remote.ErrorHandler.throwIfResponseFailed(ErrorHandler.java:166)
at org.openqa.selenium.remote.http.JsonHttpResponseCodec.reconstructValue(JsonHttpResponseCodec.java:40)
at org.openqa.selenium.remote.http.AbstractHttpResponseCodec.decode(AbstractHttpResponseCodec.java:80)
at org.openqa.selenium.remote.http.AbstractHttpResponseCodec.decode(AbstractHttpResponseCodec.java:44)
at org.openqa.selenium.remote.HttpCommandExecutor.execute(HttpCommandExecutor.java:164)
at org.openqa.selenium.remote.service.DriverCommandExecutor.execute(DriverCommandExecutor.java:83)
at org.openqa.selenium.remote.RemoteWebDriver.execute(RemoteWebDriver.java:601)
at org.openqa.selenium.remote.RemoteWebElement.execute(RemoteWebElement.java:279)
at org.openqa.selenium.remote.RemoteWebElement.click(RemoteWebElement.java:83)
at org.openqa.selenium.support.events.EventFiringWebDriver$EventFiringWebElement.lambda$new$0(EventFiringWebDriver.java:371)
at com.sun.proxy.$Proxy14.click(Unknown Source)
at org.openqa.selenium.support.events.EventFiringWebDriver$EventFiringWebElement.click(EventFiringWebDriver.java:383)
at org.openqa.selenium.support.pagefactory.internal.LocatingElementHandler.invoke(LocatingElementHandler.java:51)
at com.sun.proxy.$Proxy13.click(Unknown Source)
at com.ril.Feedzai.Page.BeneficiaryPan_ValidationPage.IBW_trans_details(BeneficiaryPan_ValidationPage.java:160)
at com.ril.feedzai.testScript.BeneficiaryPan_ValidationPageTest.IBW_trans_details(BeneficiaryPan_ValidationPageTest.java:190)
... Removed 38 stack frames]]>
    </failure>
  </testcase> <!-- IBW_trans_details -->
  <testcase name="Health" time="0.0" classname="com.ril.feedzai.testScript.FeedzaiPulseHomePageTest">
    <skipped/>
  </testcase> <!-- Health -->
  <testcase name="Version" time="0.0" classname="com.ril.feedzai.testScript.FeedzaiPulseHomePageTest">
    <skipped/>
  </testcase> <!-- Version -->
  <testcase name="Job" time="0.0" classname="com.ril.feedzai.testScript.FeedzaiPulseHomePageTest">
    <skipped/>
  </testcase> <!-- Job -->
  <testcase name="TimeMachine" time="0.0" classname="com.ril.feedzai.testScript.FeedzaiPulseHomePageTest">
    <skipped/>
  </testcase> <!-- TimeMachine -->
  <testcase name="Logout" time="0.0" classname="com.ril.feedzai.testScript.FeedzaiPulseHomePageTest">
    <skipped/>
  </testcase> <!-- Logout -->
  <testcase name="@AfterSuite endReport" time="0.0" classname="com.ril.Feedzai.BaseClass.FeedzaiTestBaseClass">
    <ignored/>
  </testcase> <!-- @AfterSuite endReport -->
  <testcase name="@AfterSuite endReport" time="0.0" classname="com.ril.Feedzai.BaseClass.FeedzaiTestBaseClass">
    <ignored/>
  </testcase> <!-- @AfterSuite endReport -->
  <testcase name="@AfterSuite endReport" time="0.0" classname="com.ril.Feedzai.BaseClass.FeedzaiTestBaseClass">
    <ignored/>
  </testcase> <!-- @AfterSuite endReport -->
  <testcase name="@AfterSuite endReport" time="0.0" classname="com.ril.Feedzai.BaseClass.FeedzaiTestBaseClass">
    <ignored/>
  </testcase> <!-- @AfterSuite endReport -->
  <testcase name="@AfterSuite endReport" time="0.0" classname="com.ril.Feedzai.BaseClass.FeedzaiTestBaseClass">
    <ignored/>
  </testcase> <!-- @AfterSuite endReport -->
  <testcase name="@AfterSuite endReport" time="0.0" classname="com.ril.Feedzai.BaseClass.FeedzaiTestBaseClass">
    <ignored/>
  </testcase> <!-- @AfterSuite endReport -->
  <testcase name="@AfterSuite endReport" time="0.0" classname="com.ril.Feedzai.BaseClass.FeedzaiTestBaseClass">
    <ignored/>
  </testcase> <!-- @AfterSuite endReport -->
  <testcase name="@AfterSuite endReport" time="0.0" classname="com.ril.Feedzai.BaseClass.FeedzaiTestBaseClass">
    <ignored/>
  </testcase> <!-- @AfterSuite endReport -->
  <testcase name="@AfterSuite endReport" time="0.0" classname="com.ril.Feedzai.BaseClass.FeedzaiTestBaseClass">
    <ignored/>
  </testcase> <!-- @AfterSuite endReport -->
  <testcase name="@AfterSuite endReport" time="0.0" classname="com.ril.Feedzai.BaseClass.FeedzaiTestBaseClass">
    <ignored/>
  </testcase> <!-- @AfterSuite endReport -->
  <testcase name="@AfterSuite endReport" time="0.0" classname="com.ril.Feedzai.BaseClass.FeedzaiTestBaseClass">
    <ignored/>
  </testcase> <!-- @AfterSuite endReport -->
  <testcase name="@AfterSuite endReport" time="0.0" classname="com.ril.Feedzai.BaseClass.FeedzaiTestBaseClass">
    <ignored/>
  </testcase> <!-- @AfterSuite endReport -->
  <testcase name="@AfterSuite endReport" time="0.0" classname="com.ril.Feedzai.BaseClass.FeedzaiTestBaseClass">
    <ignored/>
  </testcase> <!-- @AfterSuite endReport -->
  <testcase name="@AfterSuite endReport" time="0.0" classname="com.ril.Feedzai.BaseClass.FeedzaiTestBaseClass">
    <ignored/>
  </testcase> <!-- @AfterSuite endReport -->
  <testcase name="@AfterSuite endReport" time="0.0" classname="com.ril.Feedzai.BaseClass.FeedzaiTestBaseClass">
    <ignored/>
  </testcase> <!-- @AfterSuite endReport -->
  <testcase name="@AfterSuite endReport" time="0.0" classname="com.ril.Feedzai.BaseClass.FeedzaiTestBaseClass">
    <ignored/>
  </testcase> <!-- @AfterSuite endReport -->
  <testcase name="@AfterSuite endReport" time="0.0" classname="com.ril.Feedzai.BaseClass.FeedzaiTestBaseClass">
    <ignored/>
  </testcase> <!-- @AfterSuite endReport -->
  <testcase name="@BeforeSuite ReportSetUP" time="0.0" classname="com.ril.Feedzai.BaseClass.FeedzaiTestBaseClass">
    <ignored/>
  </testcase> <!-- @BeforeSuite ReportSetUP -->
  <testcase name="@BeforeSuite ReportSetUP" time="0.0" classname="com.ril.Feedzai.BaseClass.FeedzaiTestBaseClass">
    <ignored/>
  </testcase> <!-- @BeforeSuite ReportSetUP -->
  <testcase name="@BeforeSuite ReportSetUP" time="0.0" classname="com.ril.Feedzai.BaseClass.FeedzaiTestBaseClass">
    <ignored/>
  </testcase> <!-- @BeforeSuite ReportSetUP -->
  <testcase name="@BeforeSuite ReportSetUP" time="0.0" classname="com.ril.Feedzai.BaseClass.FeedzaiTestBaseClass">
    <ignored/>
  </testcase> <!-- @BeforeSuite ReportSetUP -->
  <testcase name="@BeforeSuite ReportSetUP" time="0.0" classname="com.ril.Feedzai.BaseClass.FeedzaiTestBaseClass">
    <ignored/>
  </testcase> <!-- @BeforeSuite ReportSetUP -->
  <testcase name="@BeforeSuite ReportSetUP" time="0.0" classname="com.ril.Feedzai.BaseClass.FeedzaiTestBaseClass">
    <ignored/>
  </testcase> <!-- @BeforeSuite ReportSetUP -->
  <testcase name="@BeforeSuite ReportSetUP" time="0.0" classname="com.ril.Feedzai.BaseClass.FeedzaiTestBaseClass">
    <ignored/>
  </testcase> <!-- @BeforeSuite ReportSetUP -->
  <testcase name="@BeforeSuite ReportSetUP" time="0.0" classname="com.ril.Feedzai.BaseClass.FeedzaiTestBaseClass">
    <ignored/>
  </testcase> <!-- @BeforeSuite ReportSetUP -->
  <testcase name="@BeforeSuite ReportSetUP" time="0.0" classname="com.ril.Feedzai.BaseClass.FeedzaiTestBaseClass">
    <ignored/>
  </testcase> <!-- @BeforeSuite ReportSetUP -->
  <testcase name="@BeforeSuite ReportSetUP" time="0.0" classname="com.ril.Feedzai.BaseClass.FeedzaiTestBaseClass">
    <ignored/>
  </testcase> <!-- @BeforeSuite ReportSetUP -->
  <testcase name="@BeforeSuite ReportSetUP" time="0.0" classname="com.ril.Feedzai.BaseClass.FeedzaiTestBaseClass">
    <ignored/>
  </testcase> <!-- @BeforeSuite ReportSetUP -->
  <testcase name="@BeforeSuite ReportSetUP" time="0.0" classname="com.ril.Feedzai.BaseClass.FeedzaiTestBaseClass">
    <ignored/>
  </testcase> <!-- @BeforeSuite ReportSetUP -->
  <testcase name="@BeforeSuite ReportSetUP" time="0.0" classname="com.ril.Feedzai.BaseClass.FeedzaiTestBaseClass">
    <ignored/>
  </testcase> <!-- @BeforeSuite ReportSetUP -->
  <testcase name="@BeforeSuite ReportSetUP" time="0.0" classname="com.ril.Feedzai.BaseClass.FeedzaiTestBaseClass">
    <ignored/>
  </testcase> <!-- @BeforeSuite ReportSetUP -->
  <testcase name="@BeforeSuite ReportSetUP" time="0.0" classname="com.ril.Feedzai.BaseClass.FeedzaiTestBaseClass">
    <ignored/>
  </testcase> <!-- @BeforeSuite ReportSetUP -->
  <testcase name="@BeforeSuite ReportSetUP" time="0.0" classname="com.ril.Feedzai.BaseClass.FeedzaiTestBaseClass">
    <ignored/>
  </testcase> <!-- @BeforeSuite ReportSetUP -->
  <testcase name="@BeforeSuite ReportSetUP" time="0.0" classname="com.ril.Feedzai.BaseClass.FeedzaiTestBaseClass">
    <ignored/>
  </testcase> <!-- @BeforeSuite ReportSetUP -->
</testsuite> <!-- Feedzai Automation1 -->
