<?xml version="1.0" encoding="UTF-8"?>
<testsuite xmlns:xsi="http://www.w3.org/2001/XMLSchema-instance" xsi:noNamespaceSchemaLocation="https://maven.apache.org/surefire/maven-surefire-plugin/xsd/surefire-test-report.xsd" name="TestSuite" time="1,545.561" tests="93" errors="0" skipped="33" failures="11">
  <properties>
    <property name="sun.desktop" value="windows"/>
    <property name="awt.toolkit" value="sun.awt.windows.WToolkit"/>
    <property name="file.encoding.pkg" value="sun.io"/>
    <property name="java.specification.version" value="1.8"/>
    <property name="sun.cpu.isalist" value="pentium_pro+mmx pentium_pro pentium+mmx pentium i486 i386 i86"/>
    <property name="sun.jnu.encoding" value="Cp1252"/>
    <property name="java.class.path" value="C:\Users\ankur.jain\eclipse-workspace\Feedzai_PP_POM\Feedzai_PP_POM.git\target\test-classes;C:\Users\ankur.jain\eclipse-workspace\Feedzai_PP_POM\Feedzai_PP_POM.git\target\classes;C:\Users\ankur.jain\.m2\repository\org\freemarker\freemarker\2.3.23\freemarker-2.3.23.jar;C:\Users\ankur.jain\.m2\repository\log4j\log4j\1.2.17\log4j-1.2.17.jar;C:\Users\ankur.jain\.m2\repository\org\testng\testng\6.14.2\testng-6.14.2.jar;C:\Users\ankur.jain\.m2\repository\com\beust\jcommander\1.72\jcommander-1.72.jar;C:\Users\ankur.jain\.m2\repository\org\apache-extras\beanshell\bsh\2.0b6\bsh-2.0b6.jar;C:\Users\ankur.jain\.m2\repository\org\apache\maven\plugins\maven-compiler-plugin\3.7.0\maven-compiler-plugin-3.7.0.jar;C:\Users\ankur.jain\.m2\repository\org\apache\maven\maven-plugin-api\3.0\maven-plugin-api-3.0.jar;C:\Users\ankur.jain\.m2\repository\org\apache\maven\maven-model\3.0\maven-model-3.0.jar;C:\Users\ankur.jain\.m2\repository\org\sonatype\sisu\sisu-inject-plexus\1.4.2\sisu-inject-plexus-1.4.2.jar;C:\Users\ankur.jain\.m2\repository\org\sonatype\sisu\sisu-inject-bean\1.4.2\sisu-inject-bean-1.4.2.jar;C:\Users\ankur.jain\.m2\repository\org\sonatype\sisu\sisu-guice\2.1.7\sisu-guice-2.1.7-noaop.jar;C:\Users\ankur.jain\.m2\repository\org\apache\maven\maven-artifact\3.0\maven-artifact-3.0.jar;C:\Users\ankur.jain\.m2\repository\org\codehaus\plexus\plexus-utils\2.0.4\plexus-utils-2.0.4.jar;C:\Users\ankur.jain\.m2\repository\org\apache\maven\maven-core\3.0\maven-core-3.0.jar;C:\Users\ankur.jain\.m2\repository\org\apache\maven\maven-settings\3.0\maven-settings-3.0.jar;C:\Users\ankur.jain\.m2\repository\org\apache\maven\maven-settings-builder\3.0\maven-settings-builder-3.0.jar;C:\Users\ankur.jain\.m2\repository\org\apache\maven\maven-repository-metadata\3.0\maven-repository-metadata-3.0.jar;C:\Users\ankur.jain\.m2\repository\org\apache\maven\maven-model-builder\3.0\maven-model-builder-3.0.jar;C:\Users\ankur.jain\.m2\repository\org\apache\maven\maven-aether-provider\3.0\maven-aether-provider-3.0.jar;C:\Users\ankur.jain\.m2\repository\org\sonatype\aether\aether-impl\1.7\aether-impl-1.7.jar;C:\Users\ankur.jain\.m2\repository\org\sonatype\aether\aether-spi\1.7\aether-spi-1.7.jar;C:\Users\ankur.jain\.m2\repository\org\sonatype\aether\aether-api\1.7\aether-api-1.7.jar;C:\Users\ankur.jain\.m2\repository\org\sonatype\aether\aether-util\1.7\aether-util-1.7.jar;C:\Users\ankur.jain\.m2\repository\org\codehaus\plexus\plexus-interpolation\1.14\plexus-interpolation-1.14.jar;C:\Users\ankur.jain\.m2\repository\org\codehaus\plexus\plexus-classworlds\2.2.3\plexus-classworlds-2.2.3.jar;C:\Users\ankur.jain\.m2\repository\org\codehaus\plexus\plexus-component-annotations\1.5.5\plexus-component-annotations-1.5.5.jar;C:\Users\ankur.jain\.m2\repository\org\sonatype\plexus\plexus-sec-dispatcher\1.3\plexus-sec-dispatcher-1.3.jar;C:\Users\ankur.jain\.m2\repository\org\sonatype\plexus\plexus-cipher\1.4\plexus-cipher-1.4.jar;C:\Users\ankur.jain\.m2\repository\org\apache\maven\shared\maven-shared-utils\3.1.0\maven-shared-utils-3.1.0.jar;C:\Users\ankur.jain\.m2\repository\org\apache\maven\shared\maven-shared-incremental\1.1\maven-shared-incremental-1.1.jar;C:\Users\ankur.jain\.m2\repository\org\codehaus\plexus\plexus-java\0.9.2\plexus-java-0.9.2.jar;C:\Users\ankur.jain\.m2\repository\org\ow2\asm\asm\6.0_BETA\asm-6.0_BETA.jar;C:\Users\ankur.jain\.m2\repository\com\thoughtworks\qdox\qdox\2.0-M7\qdox-2.0-M7.jar;C:\Users\ankur.jain\.m2\repository\org\codehaus\plexus\plexus-compiler-api\2.8.2\plexus-compiler-api-2.8.2.jar;C:\Users\ankur.jain\.m2\repository\org\codehaus\plexus\plexus-compiler-manager\2.8.2\plexus-compiler-manager-2.8.2.jar;C:\Users\ankur.jain\.m2\repository\org\codehaus\plexus\plexus-compiler-javac\2.8.2\plexus-compiler-javac-2.8.2.jar;C:\Users\ankur.jain\.m2\repository\com\codeborne\phantomjsdriver\1.4.4\phantomjsdriver-1.4.4.jar;C:\Users\ankur.jain\.m2\repository\org\seleniumhq\selenium\selenium-api\3.8.1\selenium-api-3.8.1.jar;C:\Users\ankur.jain\.m2\repository\org\seleniumhq\selenium\selenium-remote-driver\3.8.1\selenium-remote-driver-3.8.1.jar;C:\Users\ankur.jain\.m2\repository\org\slf4j\slf4j-log4j12\1.5.6\slf4j-log4j12-1.5.6.jar;C:\Users\ankur.jain\.m2\repository\org\slf4j\slf4j-api\1.5.6\slf4j-api-1.5.6.jar;C:\Users\ankur.jain\.m2\repository\commons-io\commons-io\2.6\commons-io-2.6.jar;C:\Users\ankur.jain\.m2\repository\org\jsoup\jsoup\1.8.3\jsoup-1.8.3.jar;C:\Users\ankur.jain\.m2\repository\org\xerial\sqlite-jdbc\3.8.11.1\sqlite-jdbc-3.8.11.1.jar;C:\Users\ankur.jain\.m2\repository\com\aventstack\extentreports\3.1.5\extentreports-3.1.5.jar;C:\Users\ankur.jain\.m2\repository\org\apache\httpcomponents\httpclient\4.5.2\httpclient-4.5.2.jar;C:\Users\ankur.jain\.m2\repository\org\apache\httpcomponents\httpmime\4.5.2\httpmime-4.5.2.jar;C:\Users\ankur.jain\.m2\repository\com\google\code\gson\gson\2.8.0\gson-2.8.0.jar;C:\Users\ankur.jain\.m2\repository\name\finsterwalder\fileutils\1.1\fileutils-1.1.jar;C:\Users\ankur.jain\.m2\repository\org\seleniumhq\selenium\selenium-chrome-driver\3.11.0\selenium-chrome-driver-3.11.0.jar;C:\Users\ankur.jain\.m2\repository\net\bytebuddy\byte-buddy\1.7.9\byte-buddy-1.7.9.jar;C:\Users\ankur.jain\.m2\repository\org\apache\commons\commons-exec\1.3\commons-exec-1.3.jar;C:\Users\ankur.jain\.m2\repository\commons-codec\commons-codec\1.10\commons-codec-1.10.jar;C:\Users\ankur.jain\.m2\repository\commons-logging\commons-logging\1.2\commons-logging-1.2.jar;C:\Users\ankur.jain\.m2\repository\com\google\guava\guava\23.6-jre\guava-23.6-jre.jar;C:\Users\ankur.jain\.m2\repository\com\google\code\findbugs\jsr305\1.3.9\jsr305-1.3.9.jar;C:\Users\ankur.jain\.m2\repository\org\checkerframework\checker-compat-qual\2.0.0\checker-compat-qual-2.0.0.jar;C:\Users\ankur.jain\.m2\repository\com\google\errorprone\error_prone_annotations\2.1.3\error_prone_annotations-2.1.3.jar;C:\Users\ankur.jain\.m2\repository\com\google\j2objc\j2objc-annotations\1.1\j2objc-annotations-1.1.jar;C:\Users\ankur.jain\.m2\repository\org\codehaus\mojo\animal-sniffer-annotations\1.14\animal-sniffer-annotations-1.14.jar;C:\Users\ankur.jain\.m2\repository\org\apache\httpcomponents\httpcore\4.4.6\httpcore-4.4.6.jar;C:\Users\ankur.jain\.m2\repository\com\squareup\okhttp3\okhttp\3.9.1\okhttp-3.9.1.jar;C:\Users\ankur.jain\.m2\repository\com\squareup\okio\okio\1.13.0\okio-1.13.0.jar;C:\Users\ankur.jain\.m2\repository\org\seleniumhq\selenium\selenium-firefox-driver\3.14.0\selenium-firefox-driver-3.14.0.jar;C:\Users\ankur.jain\.m2\repository\org\seleniumhq\selenium\selenium-support\3.12.0\selenium-support-3.12.0.jar;C:\Users\ankur.jain\.m2\repository\org\apache\maven\plugins\maven-surefire-plugin\2.21.0\maven-surefire-plugin-2.21.0.jar;C:\Users\ankur.jain\.m2\repository\org\apache\maven\surefire\maven-surefire-common\2.21.0\maven-surefire-common-2.21.0.jar;C:\Users\ankur.jain\.m2\repository\org\apache\maven\plugin-tools\maven-plugin-annotations\3.5\maven-plugin-annotations-3.5.jar;C:\Users\ankur.jain\.m2\repository\org\apache\maven\surefire\surefire-api\2.21.0\surefire-api-2.21.0.jar;C:\Users\ankur.jain\.m2\repository\org\apache\maven\surefire\surefire-logger-api\2.21.0\surefire-logger-api-2.21.0.jar;C:\Users\ankur.jain\.m2\repository\org\apache\maven\surefire\surefire-booter\2.21.0\surefire-booter-2.21.0.jar;C:\Users\ankur.jain\.m2\repository\org\apache\maven\maven-plugin-descriptor\2.2.1\maven-plugin-descriptor-2.2.1.jar;C:\Users\ankur.jain\.m2\repository\org\codehaus\plexus\plexus-container-default\1.0-alpha-9-stable-1\plexus-container-default-1.0-alpha-9-stable-1.jar;C:\Users\ankur.jain\.m2\repository\junit\junit\3.8.1\junit-3.8.1.jar;C:\Users\ankur.jain\.m2\repository\classworlds\classworlds\1.1-alpha-2\classworlds-1.1-alpha-2.jar;C:\Users\ankur.jain\.m2\repository\org\apache\maven\maven-project\2.2.1\maven-project-2.2.1.jar;C:\Users\ankur.jain\.m2\repository\org\apache\maven\maven-profile\2.2.1\maven-profile-2.2.1.jar;C:\Users\ankur.jain\.m2\repository\org\apache\maven\maven-artifact-manager\2.2.1\maven-artifact-manager-2.2.1.jar;C:\Users\ankur.jain\.m2\repository\org\apache\maven\wagon\wagon-provider-api\1.0-beta-6\wagon-provider-api-1.0-beta-6.jar;C:\Users\ankur.jain\.m2\repository\backport-util-concurrent\backport-util-concurrent\3.1\backport-util-concurrent-3.1.jar;C:\Users\ankur.jain\.m2\repository\org\apache\maven\maven-plugin-registry\2.2.1\maven-plugin-registry-2.2.1.jar;C:\Users\ankur.jain\.m2\repository\org\apache\maven\maven-toolchain\2.2.1\maven-toolchain-2.2.1.jar;C:\Users\ankur.jain\.m2\repository\org\mongodb\mongodb-driver\3.0.4\mongodb-driver-3.0.4.jar;C:\Users\ankur.jain\.m2\repository\org\mongodb\bson\3.0.4\bson-3.0.4.jar;C:\Users\ankur.jain\.m2\repository\org\mongodb\mongodb-driver-core\3.0.4\mongodb-driver-core-3.0.4.jar;C:\Users\ankur.jain\.m2\repository\org\apache\maven\surefire\surefire-testng-utils\2.21.0\surefire-testng-utils-2.21.0.jar;C:\Users\ankur.jain\.m2\repository\org\apache\maven\surefire\surefire-grouper\2.21.0\surefire-grouper-2.21.0.jar;"/>
    <property name="java.vm.vendor" value="Oracle Corporation"/>
    <property name="sun.arch.data.model" value="32"/>
    <property name="user.variant" value=""/>
    <property name="java.vendor.url" value="http://java.oracle.com/"/>
    <property name="user.timezone" value=""/>
    <property name="java.vm.specification.version" value="1.8"/>
    <property name="os.name" value="Windows 7"/>
    <property name="user.country" value="IN"/>
    <property name="sun.java.launcher" value="SUN_STANDARD"/>
    <property name="sun.boot.library.path" value="D:\jdk1.8.0_60\jdk1.8.0_60\jre\bin"/>
    <property name="sun.java.command" value="C:\Users\ANKUR~1.JAI\AppData\Local\Temp\surefire465351728524370633\surefirebooter3996615786600003734.jar C:\Users\ankur.jain\AppData\Local\Temp\surefire465351728524370633 2018-09-19T14-48-19_354-jvmRun1 surefire2958896635778025029tmp surefire_06283874826216831026tmp"/>
    <property name="surefire.test.class.path" value="C:\Users\ankur.jain\eclipse-workspace\Feedzai_PP_POM\Feedzai_PP_POM.git\target\test-classes;C:\Users\ankur.jain\eclipse-workspace\Feedzai_PP_POM\Feedzai_PP_POM.git\target\classes;C:\Users\ankur.jain\.m2\repository\org\freemarker\freemarker\2.3.23\freemarker-2.3.23.jar;C:\Users\ankur.jain\.m2\repository\log4j\log4j\1.2.17\log4j-1.2.17.jar;C:\Users\ankur.jain\.m2\repository\org\testng\testng\6.14.2\testng-6.14.2.jar;C:\Users\ankur.jain\.m2\repository\com\beust\jcommander\1.72\jcommander-1.72.jar;C:\Users\ankur.jain\.m2\repository\org\apache-extras\beanshell\bsh\2.0b6\bsh-2.0b6.jar;C:\Users\ankur.jain\.m2\repository\org\apache\maven\plugins\maven-compiler-plugin\3.7.0\maven-compiler-plugin-3.7.0.jar;C:\Users\ankur.jain\.m2\repository\org\apache\maven\maven-plugin-api\3.0\maven-plugin-api-3.0.jar;C:\Users\ankur.jain\.m2\repository\org\apache\maven\maven-model\3.0\maven-model-3.0.jar;C:\Users\ankur.jain\.m2\repository\org\sonatype\sisu\sisu-inject-plexus\1.4.2\sisu-inject-plexus-1.4.2.jar;C:\Users\ankur.jain\.m2\repository\org\sonatype\sisu\sisu-inject-bean\1.4.2\sisu-inject-bean-1.4.2.jar;C:\Users\ankur.jain\.m2\repository\org\sonatype\sisu\sisu-guice\2.1.7\sisu-guice-2.1.7-noaop.jar;C:\Users\ankur.jain\.m2\repository\org\apache\maven\maven-artifact\3.0\maven-artifact-3.0.jar;C:\Users\ankur.jain\.m2\repository\org\codehaus\plexus\plexus-utils\2.0.4\plexus-utils-2.0.4.jar;C:\Users\ankur.jain\.m2\repository\org\apache\maven\maven-core\3.0\maven-core-3.0.jar;C:\Users\ankur.jain\.m2\repository\org\apache\maven\maven-settings\3.0\maven-settings-3.0.jar;C:\Users\ankur.jain\.m2\repository\org\apache\maven\maven-settings-builder\3.0\maven-settings-builder-3.0.jar;C:\Users\ankur.jain\.m2\repository\org\apache\maven\maven-repository-metadata\3.0\maven-repository-metadata-3.0.jar;C:\Users\ankur.jain\.m2\repository\org\apache\maven\maven-model-builder\3.0\maven-model-builder-3.0.jar;C:\Users\ankur.jain\.m2\repository\org\apache\maven\maven-aether-provider\3.0\maven-aether-provider-3.0.jar;C:\Users\ankur.jain\.m2\repository\org\sonatype\aether\aether-impl\1.7\aether-impl-1.7.jar;C:\Users\ankur.jain\.m2\repository\org\sonatype\aether\aether-spi\1.7\aether-spi-1.7.jar;C:\Users\ankur.jain\.m2\repository\org\sonatype\aether\aether-api\1.7\aether-api-1.7.jar;C:\Users\ankur.jain\.m2\repository\org\sonatype\aether\aether-util\1.7\aether-util-1.7.jar;C:\Users\ankur.jain\.m2\repository\org\codehaus\plexus\plexus-interpolation\1.14\plexus-interpolation-1.14.jar;C:\Users\ankur.jain\.m2\repository\org\codehaus\plexus\plexus-classworlds\2.2.3\plexus-classworlds-2.2.3.jar;C:\Users\ankur.jain\.m2\repository\org\codehaus\plexus\plexus-component-annotations\1.5.5\plexus-component-annotations-1.5.5.jar;C:\Users\ankur.jain\.m2\repository\org\sonatype\plexus\plexus-sec-dispatcher\1.3\plexus-sec-dispatcher-1.3.jar;C:\Users\ankur.jain\.m2\repository\org\sonatype\plexus\plexus-cipher\1.4\plexus-cipher-1.4.jar;C:\Users\ankur.jain\.m2\repository\org\apache\maven\shared\maven-shared-utils\3.1.0\maven-shared-utils-3.1.0.jar;C:\Users\ankur.jain\.m2\repository\org\apache\maven\shared\maven-shared-incremental\1.1\maven-shared-incremental-1.1.jar;C:\Users\ankur.jain\.m2\repository\org\codehaus\plexus\plexus-java\0.9.2\plexus-java-0.9.2.jar;C:\Users\ankur.jain\.m2\repository\org\ow2\asm\asm\6.0_BETA\asm-6.0_BETA.jar;C:\Users\ankur.jain\.m2\repository\com\thoughtworks\qdox\qdox\2.0-M7\qdox-2.0-M7.jar;C:\Users\ankur.jain\.m2\repository\org\codehaus\plexus\plexus-compiler-api\2.8.2\plexus-compiler-api-2.8.2.jar;C:\Users\ankur.jain\.m2\repository\org\codehaus\plexus\plexus-compiler-manager\2.8.2\plexus-compiler-manager-2.8.2.jar;C:\Users\ankur.jain\.m2\repository\org\codehaus\plexus\plexus-compiler-javac\2.8.2\plexus-compiler-javac-2.8.2.jar;C:\Users\ankur.jain\.m2\repository\com\codeborne\phantomjsdriver\1.4.4\phantomjsdriver-1.4.4.jar;C:\Users\ankur.jain\.m2\repository\org\seleniumhq\selenium\selenium-api\3.8.1\selenium-api-3.8.1.jar;C:\Users\ankur.jain\.m2\repository\org\seleniumhq\selenium\selenium-remote-driver\3.8.1\selenium-remote-driver-3.8.1.jar;C:\Users\ankur.jain\.m2\repository\org\slf4j\slf4j-log4j12\1.5.6\slf4j-log4j12-1.5.6.jar;C:\Users\ankur.jain\.m2\repository\org\slf4j\slf4j-api\1.5.6\slf4j-api-1.5.6.jar;C:\Users\ankur.jain\.m2\repository\commons-io\commons-io\2.6\commons-io-2.6.jar;C:\Users\ankur.jain\.m2\repository\org\jsoup\jsoup\1.8.3\jsoup-1.8.3.jar;C:\Users\ankur.jain\.m2\repository\org\xerial\sqlite-jdbc\3.8.11.1\sqlite-jdbc-3.8.11.1.jar;C:\Users\ankur.jain\.m2\repository\com\aventstack\extentreports\3.1.5\extentreports-3.1.5.jar;C:\Users\ankur.jain\.m2\repository\org\apache\httpcomponents\httpclient\4.5.2\httpclient-4.5.2.jar;C:\Users\ankur.jain\.m2\repository\org\apache\httpcomponents\httpmime\4.5.2\httpmime-4.5.2.jar;C:\Users\ankur.jain\.m2\repository\com\google\code\gson\gson\2.8.0\gson-2.8.0.jar;C:\Users\ankur.jain\.m2\repository\name\finsterwalder\fileutils\1.1\fileutils-1.1.jar;C:\Users\ankur.jain\.m2\repository\org\seleniumhq\selenium\selenium-chrome-driver\3.11.0\selenium-chrome-driver-3.11.0.jar;C:\Users\ankur.jain\.m2\repository\net\bytebuddy\byte-buddy\1.7.9\byte-buddy-1.7.9.jar;C:\Users\ankur.jain\.m2\repository\org\apache\commons\commons-exec\1.3\commons-exec-1.3.jar;C:\Users\ankur.jain\.m2\repository\commons-codec\commons-codec\1.10\commons-codec-1.10.jar;C:\Users\ankur.jain\.m2\repository\commons-logging\commons-logging\1.2\commons-logging-1.2.jar;C:\Users\ankur.jain\.m2\repository\com\google\guava\guava\23.6-jre\guava-23.6-jre.jar;C:\Users\ankur.jain\.m2\repository\com\google\code\findbugs\jsr305\1.3.9\jsr305-1.3.9.jar;C:\Users\ankur.jain\.m2\repository\org\checkerframework\checker-compat-qual\2.0.0\checker-compat-qual-2.0.0.jar;C:\Users\ankur.jain\.m2\repository\com\google\errorprone\error_prone_annotations\2.1.3\error_prone_annotations-2.1.3.jar;C:\Users\ankur.jain\.m2\repository\com\google\j2objc\j2objc-annotations\1.1\j2objc-annotations-1.1.jar;C:\Users\ankur.jain\.m2\repository\org\codehaus\mojo\animal-sniffer-annotations\1.14\animal-sniffer-annotations-1.14.jar;C:\Users\ankur.jain\.m2\repository\org\apache\httpcomponents\httpcore\4.4.6\httpcore-4.4.6.jar;C:\Users\ankur.jain\.m2\repository\com\squareup\okhttp3\okhttp\3.9.1\okhttp-3.9.1.jar;C:\Users\ankur.jain\.m2\repository\com\squareup\okio\okio\1.13.0\okio-1.13.0.jar;C:\Users\ankur.jain\.m2\repository\org\seleniumhq\selenium\selenium-firefox-driver\3.14.0\selenium-firefox-driver-3.14.0.jar;C:\Users\ankur.jain\.m2\repository\org\seleniumhq\selenium\selenium-support\3.12.0\selenium-support-3.12.0.jar;C:\Users\ankur.jain\.m2\repository\org\apache\maven\plugins\maven-surefire-plugin\2.21.0\maven-surefire-plugin-2.21.0.jar;C:\Users\ankur.jain\.m2\repository\org\apache\maven\surefire\maven-surefire-common\2.21.0\maven-surefire-common-2.21.0.jar;C:\Users\ankur.jain\.m2\repository\org\apache\maven\plugin-tools\maven-plugin-annotations\3.5\maven-plugin-annotations-3.5.jar;C:\Users\ankur.jain\.m2\repository\org\apache\maven\surefire\surefire-api\2.21.0\surefire-api-2.21.0.jar;C:\Users\ankur.jain\.m2\repository\org\apache\maven\surefire\surefire-logger-api\2.21.0\surefire-logger-api-2.21.0.jar;C:\Users\ankur.jain\.m2\repository\org\apache\maven\surefire\surefire-booter\2.21.0\surefire-booter-2.21.0.jar;C:\Users\ankur.jain\.m2\repository\org\apache\maven\maven-plugin-descriptor\2.2.1\maven-plugin-descriptor-2.2.1.jar;C:\Users\ankur.jain\.m2\repository\org\codehaus\plexus\plexus-container-default\1.0-alpha-9-stable-1\plexus-container-default-1.0-alpha-9-stable-1.jar;C:\Users\ankur.jain\.m2\repository\junit\junit\3.8.1\junit-3.8.1.jar;C:\Users\ankur.jain\.m2\repository\classworlds\classworlds\1.1-alpha-2\classworlds-1.1-alpha-2.jar;C:\Users\ankur.jain\.m2\repository\org\apache\maven\maven-project\2.2.1\maven-project-2.2.1.jar;C:\Users\ankur.jain\.m2\repository\org\apache\maven\maven-profile\2.2.1\maven-profile-2.2.1.jar;C:\Users\ankur.jain\.m2\repository\org\apache\maven\maven-artifact-manager\2.2.1\maven-artifact-manager-2.2.1.jar;C:\Users\ankur.jain\.m2\repository\org\apache\maven\wagon\wagon-provider-api\1.0-beta-6\wagon-provider-api-1.0-beta-6.jar;C:\Users\ankur.jain\.m2\repository\backport-util-concurrent\backport-util-concurrent\3.1\backport-util-concurrent-3.1.jar;C:\Users\ankur.jain\.m2\repository\org\apache\maven\maven-plugin-registry\2.2.1\maven-plugin-registry-2.2.1.jar;C:\Users\ankur.jain\.m2\repository\org\apache\maven\maven-toolchain\2.2.1\maven-toolchain-2.2.1.jar;C:\Users\ankur.jain\.m2\repository\org\mongodb\mongodb-driver\3.0.4\mongodb-driver-3.0.4.jar;C:\Users\ankur.jain\.m2\repository\org\mongodb\bson\3.0.4\bson-3.0.4.jar;C:\Users\ankur.jain\.m2\repository\org\mongodb\mongodb-driver-core\3.0.4\mongodb-driver-core-3.0.4.jar;C:\Users\ankur.jain\.m2\repository\org\apache\maven\surefire\surefire-testng-utils\2.21.0\surefire-testng-utils-2.21.0.jar;C:\Users\ankur.jain\.m2\repository\org\apache\maven\surefire\surefire-grouper\2.21.0\surefire-grouper-2.21.0.jar;"/>
    <property name="sun.cpu.endian" value="little"/>
    <property name="user.home" value="C:\Users\ankur.jain"/>
    <property name="user.language" value="en"/>
    <property name="java.specification.vendor" value="Oracle Corporation"/>
    <property name="java.home" value="D:\jdk1.8.0_60\jdk1.8.0_60\jre"/>
    <property name="basedir" value="C:\Users\ankur.jain\eclipse-workspace\Feedzai_PP_POM\Feedzai_PP_POM.git"/>
    <property name="file.separator" value="\"/>
    <property name="line.separator" value="&#10;"/>
    <property name="java.vm.specification.vendor" value="Oracle Corporation"/>
    <property name="java.specification.name" value="Java Platform API Specification"/>
    <property name="java.awt.graphicsenv" value="sun.awt.Win32GraphicsEnvironment"/>
    <property name="surefire.real.class.path" value="C:\Users\ANKUR~1.JAI\AppData\Local\Temp\surefire465351728524370633\surefirebooter3996615786600003734.jar"/>
    <property name="sun.boot.class.path" value="D:\jdk1.8.0_60\jdk1.8.0_60\jre\lib\resources.jar;D:\jdk1.8.0_60\jdk1.8.0_60\jre\lib\rt.jar;D:\jdk1.8.0_60\jdk1.8.0_60\jre\lib\sunrsasign.jar;D:\jdk1.8.0_60\jdk1.8.0_60\jre\lib\jsse.jar;D:\jdk1.8.0_60\jdk1.8.0_60\jre\lib\jce.jar;D:\jdk1.8.0_60\jdk1.8.0_60\jre\lib\charsets.jar;D:\jdk1.8.0_60\jdk1.8.0_60\jre\lib\jfr.jar;D:\jdk1.8.0_60\jdk1.8.0_60\jre\classes"/>
    <property name="user.script" value=""/>
    <property name="sun.management.compiler" value="HotSpot Client Compiler"/>
    <property name="java.runtime.version" value="1.8.0_60-b27"/>
    <property name="user.name" value="Ankur.Jain"/>
    <property name="path.separator" value=";"/>
    <property name="os.version" value="6.1"/>
    <property name="java.endorsed.dirs" value="D:\jdk1.8.0_60\jdk1.8.0_60\jre\lib\endorsed"/>
    <property name="java.runtime.name" value="Java(TM) SE Runtime Environment"/>
    <property name="file.encoding" value="Cp1252"/>
    <property name="java.vm.name" value="Java HotSpot(TM) Client VM"/>
    <property name="localRepository" value="C:\Users\ankur.jain\.m2\repository"/>
    <property name="java.vendor.url.bug" value="http://bugreport.sun.com/bugreport/"/>
    <property name="java.io.tmpdir" value="C:\Users\ANKUR~1.JAI\AppData\Local\Temp\"/>
    <property name="java.version" value="1.8.0_60"/>
    <property name="user.dir" value="C:\Users\ankur.jain\eclipse-workspace\Feedzai_PP_POM\Feedzai_PP_POM.git"/>
    <property name="os.arch" value="x86"/>
    <property name="java.vm.specification.name" value="Java Virtual Machine Specification"/>
    <property name="java.awt.printerjob" value="sun.awt.windows.WPrinterJob"/>
    <property name="sun.os.patch.level" value="Service Pack 1"/>
    <property name="java.library.path" value="D:\jdk1.8.0_60\jdk1.8.0_60\jre\bin;C:\Windows\Sun\Java\bin;C:\Windows\system32;C:\Windows;C:\Program Files\avs\bin;C:\Program Files\Documentum\Shared;C:\ProgramData\Oracle\Java\javapath;D:\jdk1.8.0_60\jdk1.8.0_60\bin;D:\Mobile Automation Setup\SDK-Sailaja\sdk\tools;D:\Mobile Automation Setup\SDK-Sailaja\sdk\platforms;D:\Mobile Automation Setup\SDK-Sailaja\sdk\platform-tools;C:\Program Files (x86)\Enterprise Vault\EVClient\x64\;C:\Windows\System32\WindowsPowerShell\v1.0\;C:\Windows\System32\WindowsPowerShell\v1.0\;C:\Program Files\Java\jre1.8.0_161\bin;D:\apache-ant-1.9.11-bin\apache-ant-1.9.11\bin;D:\apache-maven-3.5.3-bin\apache-maven-3.5.3\bin;D:\jdk1.8.0_60\jdk1.8.0_60\bin;C:\Program Files\nodejs\;C:\Program Files\Microsoft VS Code\bin;C:\Users\ankur.jain\AppData\Local\Programs\Git\cmd;C:\Program Files (x86)\Google\Chrome\Application;D:\Mobile Automation Setup\SDK-Sailaja\sdk\\tools;D:\Mobile Automation Setup\SDK-Sailaja\sdk\\platforms;D:\Mobile Automation Setup\SDK-Sailaja\sdk\\platform-tools;C:\Users\ankur.jain\AppData\Local\Programs\Git\mingw64\bin;C:\Users\ankur.jain\AppData\Local\Programs\Git\usr\bin;C:\Users\ankur.jain\AppData\Roaming\npm;."/>
    <property name="java.vm.info" value="mixed mode"/>
    <property name="java.vendor" value="Oracle Corporation"/>
    <property name="java.vm.version" value="25.60-b23"/>
    <property name="java.ext.dirs" value="D:\jdk1.8.0_60\jdk1.8.0_60\jre\lib\ext;C:\Windows\Sun\Java\lib\ext"/>
    <property name="sun.io.unicode.encoding" value="UnicodeLittle"/>
    <property name="java.class.version" value="52.0"/>
  </properties>
  <testcase name="VerifyUserLogin" classname="com.ril.feedzai.testScript.LoginPageTest" time="19.309"/>
  <testcase name="MarkNotFraud" classname="com.ril.feedzai.testScript.AlertPageTest" time="0">
    <skipped message="stale element reference: element is not attached to the page document&#10;  (Session info: chrome=69.0.3497.100)&#10;  (Driver info: chromedriver=2.38.552522 (437e6fbedfa8762dec75e2c5b3ddb86763dc9dcb),platform=Windows NT 6.1.7601 SP1 x86_64) (WARNING: The server did not provide any stacktrace information)&#10;Command duration or timeout: 0 milliseconds&#10;For documentation on this error, please visit: http://seleniumhq.org/exceptions/stale_element_reference.html&#10;Build info: version: &apos;3.8.1&apos;, revision: &apos;6e95a6684b&apos;, time: &apos;2017-12-01T18:33:54.468Z&apos;&#10;System info: host: &apos;LT0021232&apos;, ip: &apos;10.51.174.49&apos;, os.name: &apos;Windows 7&apos;, os.arch: &apos;x86&apos;, os.version: &apos;6.1&apos;, java.version: &apos;1.8.0_60&apos;&#10;Driver info: org.openqa.selenium.chrome.ChromeDriver&#10;Capabilities {acceptInsecureCerts: false, acceptSslCerts: false, applicationCacheEnabled: false, browserConnectionEnabled: false, browserName: chrome, chrome: {chromedriverVersion: 2.38.552522 (437e6fbedfa876..., userDataDir: C:\Users\ANKUR~1.JAI\AppDat...}, cssSelectorsEnabled: true, databaseEnabled: false, handlesAlerts: true, hasTouchScreen: false, javascriptEnabled: true, locationContextEnabled: true, mobileEmulationEnabled: false, nativeEvents: true, networkConnectionEnabled: false, pageLoadStrategy: normal, platform: XP, platformName: XP, rotatable: false, setWindowRect: true, takesHeapSnapshot: true, takesScreenshot: true, unexpectedAlertBehaviour: , unhandledPromptBehavior: , version: 69.0.3497.100, webStorageEnabled: true}&#10;Session ID: c981136c42f11aec577f454296f3b199"/>
    <system-out><![CDATA[===========================================================
Test Case Executed Sucesfully,Test Name is:	VerifyUserLogin
===========================================================
 INFO [main] (FeedzaiTestBaseClass.java:136)- Inside ResultSet
 INFO [main] (AlertPageTest.java:32)- Moved To AlertPage 
Trying to find Element By : By.xpath: //*[@id='navbar']/ul/li[3]/a
Found Element By : By.xpath: //*[@id='navbar']/ul/li[3]/a
Trying to click on: [[ChromeDriver: chrome on XP (c981136c42f11aec577f454296f3b199)] -> xpath: //*[@id='navbar']/ul/li[3]/a]
Clicked on: [[ChromeDriver: chrome on XP (c981136c42f11aec577f454296f3b199)] -> xpath: //*[@id='navbar']/ul/li[3]/a]
Trying to find Element By : By.xpath: //*[@id='navbar']/ul/li[1]/a
Found Element By : By.xpath: //*[@id='navbar']/ul/li[1]/a
Trying to click on: [[ChromeDriver: chrome on XP (c981136c42f11aec577f454296f3b199)] -> xpath: //*[@id='navbar']/ul/li[1]/a]
Clicked on: [[ChromeDriver: chrome on XP (c981136c42f11aec577f454296f3b199)] -> xpath: //*[@id='navbar']/ul/li[1]/a]
Trying to find Element By : By.xpath: //html//th[2]/button[1]
Found Element By : By.xpath: //html//th[2]/button[1]
Trying to click on: [[ChromeDriver: chrome on XP (c981136c42f11aec577f454296f3b199)] -> xpath: //html//th[2]/button[1]]
Clicked on: [[ChromeDriver: chrome on XP (c981136c42f11aec577f454296f3b199)] -> xpath: //html//th[2]/button[1]]
Trying to find Element By : By.xpath: //i[@class='fa fa-sort-amount-desc']
Found Element By : By.xpath: //i[@class='fa fa-sort-amount-desc']
Trying to click on: [[ChromeDriver: chrome on XP (c981136c42f11aec577f454296f3b199)] -> xpath: //i[@class='fa fa-sort-amount-desc']]
Clicked on: [[ChromeDriver: chrome on XP (c981136c42f11aec577f454296f3b199)] -> xpath: //i[@class='fa fa-sort-amount-desc']]
Trying to find Element By : By.xpath: /html/body/div[1]/div[1]/div[2]/div/div/div/div[2]/div/div[2]/table/thead/tr/th[5]/button/i
Found Element By : By.xpath: /html/body/div[1]/div[1]/div[2]/div/div/div/div[2]/div/div[2]/table/thead/tr/th[5]/button/i
Trying to click on: [[ChromeDriver: chrome on XP (c981136c42f11aec577f454296f3b199)] -> xpath: /html/body/div[1]/div[1]/div[2]/div/div/div/div[2]/div/div[2]/table/thead/tr/th[5]/button/i]
Clicked on: [[ChromeDriver: chrome on XP (c981136c42f11aec577f454296f3b199)] -> xpath: /html/body/div[1]/div[1]/div[2]/div/div/div/div[2]/div/div[2]/table/thead/tr/th[5]/button/i]
Trying to find Element By : By.xpath: //*[@id="s2id_fdz-label-filterValue"]/ul
Found Element By : By.xpath: //*[@id="s2id_fdz-label-filterValue"]/ul
Trying to click on: [[ChromeDriver: chrome on XP (c981136c42f11aec577f454296f3b199)] -> xpath: //*[@id="s2id_fdz-label-filterValue"]/ul]
Clicked on: [[ChromeDriver: chrome on XP (c981136c42f11aec577f454296f3b199)] -> xpath: //*[@id="s2id_fdz-label-filterValue"]/ul]
Trying to find Element By : By.xpath: //div[@id='s2id_fdz-label-filterValue']//input[1]
Found Element By : By.xpath: //div[@id='s2id_fdz-label-filterValue']//input[1]
Trying to find Element By : By.xpath: //div[@id='s2id_fdz-label-filterValue']//input[1]
Found Element By : By.xpath: //div[@id='s2id_fdz-label-filterValue']//input[1]
===========================================================
Test Case Execution Started,Test Name is:	MarkNotFraud
===========================================================
Trying to find Element By : By.xpath: //i[@class='glyphicon glyphicon-ok']
Found Element By : By.xpath: //i[@class='glyphicon glyphicon-ok']
Trying to click on: [[ChromeDriver: chrome on XP (c981136c42f11aec577f454296f3b199)] -> xpath: //i[@class='glyphicon glyphicon-ok']]
Exception occured: org.openqa.selenium.StaleElementReferenceException: stale element reference: element is not attached to the page document
  (Session info: chrome=69.0.3497.100)
  (Driver info: chromedriver=2.38.552522 (437e6fbedfa8762dec75e2c5b3ddb86763dc9dcb),platform=Windows NT 6.1.7601 SP1 x86_64) (WARNING: The server did not provide any stacktrace information)
Command duration or timeout: 0 milliseconds
For documentation on this error, please visit: http://seleniumhq.org/exceptions/stale_element_reference.html
Build info: version: '3.8.1', revision: '6e95a6684b', time: '2017-12-01T18:33:54.468Z'
System info: host: 'LT0021232', ip: '10.51.174.49', os.name: 'Windows 7', os.arch: 'x86', os.version: '6.1', java.version: '1.8.0_60'
Driver info: org.openqa.selenium.chrome.ChromeDriver
Capabilities {acceptInsecureCerts: false, acceptSslCerts: false, applicationCacheEnabled: false, browserConnectionEnabled: false, browserName: chrome, chrome: {chromedriverVersion: 2.38.552522 (437e6fbedfa876..., userDataDir: C:\Users\ANKUR~1.JAI\AppDat...}, cssSelectorsEnabled: true, databaseEnabled: false, handlesAlerts: true, hasTouchScreen: false, javascriptEnabled: true, locationContextEnabled: true, mobileEmulationEnabled: false, nativeEvents: true, networkConnectionEnabled: false, pageLoadStrategy: normal, platform: XP, platformName: XP, rotatable: false, setWindowRect: true, takesHeapSnapshot: true, takesScreenshot: true, unexpectedAlertBehaviour: , unhandledPromptBehavior: , version: 69.0.3497.100, webStorageEnabled: true}
Session ID: c981136c42f11aec577f454296f3b199
Screenshot Captured
Retrying MarkNotFraud again and the count is 1
]]></system-out>
  </testcase>
  <testcase name="MarkNotFraud" classname="com.ril.feedzai.testScript.AlertPageTest" time="11.422"/>
  <testcase name="MarkFraud" classname="com.ril.feedzai.testScript.AlertPageTest" time="24.55"/>
  <testcase name="MarkSuspicious" classname="com.ril.feedzai.testScript.AlertPageTest" time="27.114"/>
  <testcase name="markTransNotFraud" classname="com.ril.feedzai.testScript.TransactionpageTest" time="10.289"/>
  <testcase name="markTransFraud" classname="com.ril.feedzai.testScript.TransactionpageTest" time="21.156"/>
  <testcase name="CustMobSearch" classname="com.ril.feedzai.testScript.CustomerPageTest" time="7.471"/>
  <testcase name="custIdSearch" classname="com.ril.feedzai.testScript.CustomerPageTest" time="16.568"/>
  <testcase name="CustDetailInfo" classname="com.ril.feedzai.testScript.CustomerPageTest" time="18.541"/>
  <testcase name="MerchantDeatilsMno" classname="com.ril.feedzai.testScript.MerchantPageTest" time="25.452"/>
  <testcase name="MerchantDeatilsID" classname="com.ril.feedzai.testScript.MerchantPageTest" time="15.859"/>
  <testcase name="verifyAgentdetail" classname="com.ril.feedzai.testScript.AgentPageTest" time="24.384"/>
  <testcase name="SettingTab" classname="com.ril.feedzai.testScript.SettingsPageTest" time="28.582"/>
  <testcase name="ReportCheck" classname="com.ril.feedzai.testScript.ReportPageTest" time="11.641"/>
  <testcase name="CustSearch" classname="com.ril.feedzai.testScript.AMSearchPageTest" time="40.005"/>
  <testcase name="MerSearch" classname="com.ril.feedzai.testScript.AMSearchPageTest" time="41.989"/>
  <testcase name="ChannelSearch" classname="com.ril.feedzai.testScript.AMSearchPageTest" time="21.693"/>
  <testcase name="AgentIDSearch" classname="com.ril.feedzai.testScript.AMSearchPageTest" time="32.308"/>
  <testcase name="CusNumSearch" classname="com.ril.feedzai.testScript.AMSearchPageTest" time="21.001"/>
  <testcase name="MerNumSearch" classname="com.ril.feedzai.testScript.AMSearchPageTest" time="21.115"/>
  <testcase name="SrcInstIDSearch" classname="com.ril.feedzai.testScript.AMSearchPageTest" time="19.673"/>
  <testcase name="ResponseCodeSearch" classname="com.ril.feedzai.testScript.AMSearchPageTest" time="23.172"/>
  <testcase name="ProcessCodeSearch" classname="com.ril.feedzai.testScript.AMSearchPageTest" time="22.51"/>
  <testcase name="HashedCardPanSearch" classname="com.ril.feedzai.testScript.AMSearchPageTest" time="24.825"/>
  <testcase name="CustAppIDSearch" classname="com.ril.feedzai.testScript.AMSearchPageTest" time="23.165"/>
  <testcase name="SenderPanSearch" classname="com.ril.feedzai.testScript.AMSearchPageTest" time="24.175"/>
  <testcase name="CardBinSearch" classname="com.ril.feedzai.testScript.AMSearchPageTest" time="28.827"/>
  <testcase name="Suspicious" classname="com.ril.feedzai.testScript.HoldandReleasePageTest" time="10.759"/>
  <testcase name="NotFraud" classname="com.ril.feedzai.testScript.HoldandReleasePageTest" time="77.796"/>
  <testcase name="JBPSender_pan" classname="com.ril.feedzai.testScript.JBP_AdvanceSearchPageTest" time="13.187"/>
  <testcase name="Beneficiary_pan" classname="com.ril.feedzai.testScript.JBP_AdvanceSearchPageTest" time="12.236"/>
  <testcase name="Sender_MMID" classname="com.ril.feedzai.testScript.JBP_AdvanceSearchPageTest" time="17.904"/>
  <testcase name="Beneficiary_MMID" classname="com.ril.feedzai.testScript.JBP_AdvanceSearchPageTest" time="12.989"/>
  <testcase name="JBP_SearchCIFID" classname="com.ril.feedzai.testScript.JPB_CustomerSearchPageTest" time="33.451"/>
  <testcase name="Customer_Details_CIFID" classname="com.ril.feedzai.testScript.JPB_CustomerSearchPageTest" time="4.454"/>
  <testcase name="Customer_Account_Number" classname="com.ril.feedzai.testScript.JPB_CustomerSearchPageTest" time="14.015"/>
  <testcase name="Customer_Account_Details" classname="com.ril.feedzai.testScript.JPB_CustomerSearchPageTest" time="0">
    <skipped message="expected [true] but found [false]"/>
    <system-out><![CDATA[===========================================================
Test Case Executed Sucesfully,Test Name is:	Customer_Account_Number
===========================================================
 INFO [main] (FeedzaiTestBaseClass.java:136)- Inside ResultSet
===========================================================
Test Case Execution Started,Test Name is:	Customer_Account_Details
===========================================================
Trying to find Element By : By.xpath: //table[@class='fdz-css-color-rows']
Found Element By : By.xpath: //table[@class='fdz-css-color-rows']
Account details of customer =Account Number
Account Type
Available Balance (?)
Ledger Balance (?)
Account Status
Last Updated
Pin Code
Risk Gradation
30000001021502
FULL-PPI
0.00
0.00
Active
Unknown (2019 years ago)
400709
1
30000001021510
SA-PPI
324.00
0.00
Active
Unknown (2019 years ago)
400709
1
 INFO [main] (JPB_CustomerSearchPageTest.java:69)- JPB account number displayed 
Retrying Customer_Account_Details again and the count is 1
]]></system-out>
  </testcase>
  <testcase name="Customer_Account_Details" classname="com.ril.feedzai.testScript.JPB_CustomerSearchPageTest" time="0">
    <skipped message="expected [true] but found [false]"/>
    <system-out><![CDATA[===========================================================
Test Case is Skipped,Test Name is:	Customer_Account_Details
===========================================================
 INFO [main] (FeedzaiTestBaseClass.java:136)- Inside ResultSet
===========================================================
Test Case Execution Started,Test Name is:	Customer_Account_Details
===========================================================
Trying to find Element By : By.xpath: //table[@class='fdz-css-color-rows']
Found Element By : By.xpath: //table[@class='fdz-css-color-rows']
Account details of customer =Account Number
Account Type
Available Balance (?)
Ledger Balance (?)
Account Status
Last Updated
Pin Code
Risk Gradation
30000001021502
FULL-PPI
0.00
0.00
Active
Unknown (2019 years ago)
400709
1
30000001021510
SA-PPI
324.00
0.00
Active
Unknown (2019 years ago)
400709
1
 INFO [main] (JPB_CustomerSearchPageTest.java:69)- JPB account number displayed 
Retrying Customer_Account_Details again and the count is 2
]]></system-out>
  </testcase>
  <testcase name="Customer_Account_Details" classname="com.ril.feedzai.testScript.JPB_CustomerSearchPageTest" time="4.034">
    <failure message="expected [true] but found [false]" type="java.lang.AssertionError">java.lang.AssertionError: expected [true] but found [false]
	at com.ril.feedzai.testScript.JPB_CustomerSearchPageTest.Customer_Account_Details(JPB_CustomerSearchPageTest.java:70)
</failure>
    <system-out><![CDATA[===========================================================
Test Case is Skipped,Test Name is:	Customer_Account_Details
===========================================================
 INFO [main] (FeedzaiTestBaseClass.java:136)- Inside ResultSet
===========================================================
Test Case Execution Started,Test Name is:	Customer_Account_Details
===========================================================
Trying to find Element By : By.xpath: //table[@class='fdz-css-color-rows']
Found Element By : By.xpath: //table[@class='fdz-css-color-rows']
Account details of customer =Account Number
Account Type
Available Balance (?)
Ledger Balance (?)
Account Status
Last Updated
Pin Code
Risk Gradation
30000001021502
FULL-PPI
0.00
0.00
Active
Unknown (2019 years ago)
400709
1
30000001021510
SA-PPI
324.00
0.00
Active
Unknown (2019 years ago)
400709
1
 INFO [main] (JPB_CustomerSearchPageTest.java:69)- JPB account number displayed 
]]></system-out>
  </testcase>
  <testcase name="VerifyAlldetail" classname="com.ril.feedzai.testScript.JPB_CustomerSearchPageTest" time="11.192"/>
  <testcase name="LMW_TranData" classname="com.ril.feedzai.testScript.LMW_TranDetailsPageTest" time="15.267"/>
  <testcase name="LMW_Instrument_details" classname="com.ril.feedzai.testScript.LMW_TranDetailsPageTest" time="0">
    <skipped message="Card details not found in instrument details section for IBW transaction"/>
    <system-out><![CDATA[===========================================================
Test Case Executed Sucesfully,Test Name is:	LMW_TranData
===========================================================
 INFO [main] (FeedzaiTestBaseClass.java:136)- Inside ResultSet
===========================================================
Test Case Execution Started,Test Name is:	LMW_Instrument_details
===========================================================
Trying to find Element By : By.xpath: /html[1]/body[1]/div[1]/div[1]/div[2]/div[2]/div[1]/div[2]/div[3]/div[3]/div[2]
Found Element By : By.xpath: /html[1]/body[1]/div[1]/div[1]/div[2]/div[2]/div[1]/div[2]/div[3]/div[3]/div[2]
Customer Instrument Details =Unknown
 INFO [main] (LMW_TranDetailsPageTest.java:40)- Customer Card details not displayed
Retrying LMW_Instrument_details again and the count is 1
]]></system-out>
  </testcase>
  <testcase name="LMW_Instrument_details" classname="com.ril.feedzai.testScript.LMW_TranDetailsPageTest" time="0">
    <skipped message="Card details not found in instrument details section for IBW transaction"/>
    <system-out><![CDATA[===========================================================
Test Case is Skipped,Test Name is:	LMW_Instrument_details
===========================================================
 INFO [main] (FeedzaiTestBaseClass.java:136)- Inside ResultSet
===========================================================
Test Case Execution Started,Test Name is:	LMW_Instrument_details
===========================================================
Trying to find Element By : By.xpath: /html[1]/body[1]/div[1]/div[1]/div[2]/div[2]/div[1]/div[2]/div[3]/div[3]/div[2]
Found Element By : By.xpath: /html[1]/body[1]/div[1]/div[1]/div[2]/div[2]/div[1]/div[2]/div[3]/div[3]/div[2]
Customer Instrument Details =Unknown
 INFO [main] (LMW_TranDetailsPageTest.java:40)- Customer Card details not displayed
Retrying LMW_Instrument_details again and the count is 2
]]></system-out>
  </testcase>
  <testcase name="LMW_Instrument_details" classname="com.ril.feedzai.testScript.LMW_TranDetailsPageTest" time="0.091">
    <failure message="Card details not found in instrument details section for IBW transaction" type="java.lang.AssertionError">java.lang.AssertionError: Card details not found in instrument details section for IBW transaction
	at com.ril.feedzai.testScript.LMW_TranDetailsPageTest.LMW_Instrument_details(LMW_TranDetailsPageTest.java:41)
</failure>
    <system-out><![CDATA[===========================================================
Test Case is Skipped,Test Name is:	LMW_Instrument_details
===========================================================
 INFO [main] (FeedzaiTestBaseClass.java:136)- Inside ResultSet
===========================================================
Test Case Execution Started,Test Name is:	LMW_Instrument_details
===========================================================
Trying to find Element By : By.xpath: /html[1]/body[1]/div[1]/div[1]/div[2]/div[2]/div[1]/div[2]/div[3]/div[3]/div[2]
Found Element By : By.xpath: /html[1]/body[1]/div[1]/div[1]/div[2]/div[2]/div[1]/div[2]/div[3]/div[3]/div[2]
Customer Instrument Details =Unknown
 INFO [main] (LMW_TranDetailsPageTest.java:40)- Customer Card details not displayed
]]></system-out>
  </testcase>
  <testcase name="LMW_CustomerMob" classname="com.ril.feedzai.testScript.LMW_TranDetailsPageTest" time="0.156"/>
  <testcase name="LMW_transaction_details" classname="com.ril.feedzai.testScript.LMW_TranDetailsPageTest" time="0.114"/>
  <testcase name="MPP_Tran" classname="com.ril.feedzai.testScript.MPP_TranDetailsPageTest" time="21.883"/>
  <testcase name="Customer_dt" classname="com.ril.feedzai.testScript.MPP_TranDetailsPageTest" time="5.634"/>
  <testcase name="Card_dt" classname="com.ril.feedzai.testScript.MPP_TranDetailsPageTest" time="2.023"/>
  <testcase name="transaction_dt" classname="com.ril.feedzai.testScript.MPP_TranDetailsPageTest" time="2.583"/>
  <testcase name="IBW_Tran" classname="com.ril.feedzai.testScript.IBW_TranDetailsPageTest" time="0">
    <skipped message="unknown error: Element &lt;a href=&quot;#alerts/48745e32-d1a7-4564-8215-1c91f569bcd4&quot; class=&quot;button button-primary button-xs action-details pleaseEnableTooltip&quot; title=&quot;&quot; data-original-title=&quot;View Details&quot;&gt;...&lt;/a&gt; is not clickable at point (1304, 252). Other element would receive the click: &lt;div id=&quot;select2-drop-mask&quot; class=&quot;select2-drop-mask&quot; style=&quot;display: block;&quot;&gt;&lt;/div&gt;&#10;  (Session info: chrome=69.0.3497.100)&#10;  (Driver info: chromedriver=2.38.552522 (437e6fbedfa8762dec75e2c5b3ddb86763dc9dcb),platform=Windows NT 6.1.7601 SP1 x86_64) (WARNING: The server did not provide any stacktrace information)&#10;Command duration or timeout: 0 milliseconds&#10;Build info: version: &apos;3.8.1&apos;, revision: &apos;6e95a6684b&apos;, time: &apos;2017-12-01T18:33:54.468Z&apos;&#10;System info: host: &apos;LT0021232&apos;, ip: &apos;10.51.174.49&apos;, os.name: &apos;Windows 7&apos;, os.arch: &apos;x86&apos;, os.version: &apos;6.1&apos;, java.version: &apos;1.8.0_60&apos;&#10;Driver info: org.openqa.selenium.chrome.ChromeDriver&#10;Capabilities {acceptInsecureCerts: false, acceptSslCerts: false, applicationCacheEnabled: false, browserConnectionEnabled: false, browserName: chrome, chrome: {chromedriverVersion: 2.38.552522 (437e6fbedfa876..., userDataDir: C:\Users\ANKUR~1.JAI\AppDat...}, cssSelectorsEnabled: true, databaseEnabled: false, handlesAlerts: true, hasTouchScreen: false, javascriptEnabled: true, locationContextEnabled: true, mobileEmulationEnabled: false, nativeEvents: true, networkConnectionEnabled: false, pageLoadStrategy: normal, platform: XP, platformName: XP, rotatable: false, setWindowRect: true, takesHeapSnapshot: true, takesScreenshot: true, unexpectedAlertBehaviour: , unhandledPromptBehavior: , version: 69.0.3497.100, webStorageEnabled: true}&#10;Session ID: c981136c42f11aec577f454296f3b199"/>
    <system-out><![CDATA[===========================================================
Test Case Executed Sucesfully,Test Name is:	transaction_dt
===========================================================
 INFO [main] (FeedzaiTestBaseClass.java:136)- Inside ResultSet
 INFO [main] (IBW_TranDetailsPageTest.java:23)- Moved To IBW Transaction Page
===========================================================
Test Case Execution Started,Test Name is:	IBW_Tran
===========================================================
Trying to find Element By : By.xpath: .//*[@id='navbar']/ul/li[3]/a
Found Element By : By.xpath: .//*[@id='navbar']/ul/li[3]/a
Trying to click on: [[ChromeDriver: chrome on XP (c981136c42f11aec577f454296f3b199)] -> xpath: .//*[@id='navbar']/ul/li[3]/a]
Clicked on: [[ChromeDriver: chrome on XP (c981136c42f11aec577f454296f3b199)] -> xpath: .//*[@id='navbar']/ul/li[3]/a]
Trying to find Element By : By.xpath: //*[@id="navbar"]/ul/li[1]/a
Found Element By : By.xpath: //*[@id="navbar"]/ul/li[1]/a
Trying to click on: [[ChromeDriver: chrome on XP (c981136c42f11aec577f454296f3b199)] -> xpath: //*[@id="navbar"]/ul/li[1]/a]
Clicked on: [[ChromeDriver: chrome on XP (c981136c42f11aec577f454296f3b199)] -> xpath: //*[@id="navbar"]/ul/li[1]/a]
Trying to find Element By : By.xpath: //html//th[2]/button[1]
Found Element By : By.xpath: //html//th[2]/button[1]
Trying to click on: [[ChromeDriver: chrome on XP (c981136c42f11aec577f454296f3b199)] -> xpath: //html//th[2]/button[1]]
Clicked on: [[ChromeDriver: chrome on XP (c981136c42f11aec577f454296f3b199)] -> xpath: //html//th[2]/button[1]]
Trying to find Element By : By.xpath: //i[@class='fa fa-sort-amount-desc']
Found Element By : By.xpath: //i[@class='fa fa-sort-amount-desc']
Trying to click on: [[ChromeDriver: chrome on XP (c981136c42f11aec577f454296f3b199)] -> xpath: //i[@class='fa fa-sort-amount-desc']]
Clicked on: [[ChromeDriver: chrome on XP (c981136c42f11aec577f454296f3b199)] -> xpath: //i[@class='fa fa-sort-amount-desc']]
Trying to find Element By : By.xpath: //html//th[9]/button[1]/i[1]
Found Element By : By.xpath: //html//th[9]/button[1]/i[1]
Trying to click on: [[ChromeDriver: chrome on XP (c981136c42f11aec577f454296f3b199)] -> xpath: //html//th[9]/button[1]/i[1]]
Clicked on: [[ChromeDriver: chrome on XP (c981136c42f11aec577f454296f3b199)] -> xpath: //html//th[9]/button[1]/i[1]]
Trying to find Element By : By.xpath: //div[@id='s2id_fdz-label-filterValue']//input[1]
Found Element By : By.xpath: //div[@id='s2id_fdz-label-filterValue']//input[1]
Trying to find Element By : By.xpath: //div[@id='s2id_fdz-label-filterValue']//input[1]
Found Element By : By.xpath: //div[@id='s2id_fdz-label-filterValue']//input[1]
Trying to find Element By : By.xpath: //html//th[11]/button[1]/i[1]
Found Element By : By.xpath: //html//th[11]/button[1]/i[1]
Trying to click on: [[ChromeDriver: chrome on XP (c981136c42f11aec577f454296f3b199)] -> xpath: //html//th[11]/button[1]/i[1]]
Clicked on: [[ChromeDriver: chrome on XP (c981136c42f11aec577f454296f3b199)] -> xpath: //html//th[11]/button[1]/i[1]]
Trying to find Element By : By.xpath: //div[@id='s2id_fdz-label-filterValue']//input[1]
Found Element By : By.xpath: //div[@id='s2id_fdz-label-filterValue']//input[1]
Trying to find Element By : By.xpath: //div[@id='s2id_fdz-label-filterValue']//input[1]
Found Element By : By.xpath: //div[@id='s2id_fdz-label-filterValue']//input[1]
Trying to find Element By : By.xpath: //tr[1]//td[@class='funcs fdz-css-overflow-visible']//a[1]
Found Element By : By.xpath: //tr[1]//td[@class='funcs fdz-css-overflow-visible']//a[1]
Trying to click on: [[ChromeDriver: chrome on XP (c981136c42f11aec577f454296f3b199)] -> xpath: //tr[1]//td[@class='funcs fdz-css-overflow-visible']//a[1]]
Exception occured: org.openqa.selenium.WebDriverException: unknown error: Element <a href="#alerts/48745e32-d1a7-4564-8215-1c91f569bcd4" class="button button-primary button-xs action-details pleaseEnableTooltip" title="" data-original-title="View Details">...</a> is not clickable at point (1304, 252). Other element would receive the click: <div id="select2-drop-mask" class="select2-drop-mask" style="display: block;"></div>
  (Session info: chrome=69.0.3497.100)
  (Driver info: chromedriver=2.38.552522 (437e6fbedfa8762dec75e2c5b3ddb86763dc9dcb),platform=Windows NT 6.1.7601 SP1 x86_64) (WARNING: The server did not provide any stacktrace information)
Command duration or timeout: 0 milliseconds
Build info: version: '3.8.1', revision: '6e95a6684b', time: '2017-12-01T18:33:54.468Z'
System info: host: 'LT0021232', ip: '10.51.174.49', os.name: 'Windows 7', os.arch: 'x86', os.version: '6.1', java.version: '1.8.0_60'
Driver info: org.openqa.selenium.chrome.ChromeDriver
Capabilities {acceptInsecureCerts: false, acceptSslCerts: false, applicationCacheEnabled: false, browserConnectionEnabled: false, browserName: chrome, chrome: {chromedriverVersion: 2.38.552522 (437e6fbedfa876..., userDataDir: C:\Users\ANKUR~1.JAI\AppDat...}, cssSelectorsEnabled: true, databaseEnabled: false, handlesAlerts: true, hasTouchScreen: false, javascriptEnabled: true, locationContextEnabled: true, mobileEmulationEnabled: false, nativeEvents: true, networkConnectionEnabled: false, pageLoadStrategy: normal, platform: XP, platformName: XP, rotatable: false, setWindowRect: true, takesHeapSnapshot: true, takesScreenshot: true, unexpectedAlertBehaviour: , unhandledPromptBehavior: , version: 69.0.3497.100, webStorageEnabled: true}
Session ID: c981136c42f11aec577f454296f3b199
Screenshot Captured
Retrying IBW_Tran again and the count is 1
]]></system-out>
  </testcase>
  <testcase name="IBW_Tran" classname="com.ril.feedzai.testScript.IBW_TranDetailsPageTest" time="0">
    <skipped message="unknown error: Element &lt;a href=&quot;#merchant&quot;&gt;...&lt;/a&gt; is not clickable at point (550, 33). Other element would receive the click: &lt;div id=&quot;select2-drop-mask&quot; class=&quot;select2-drop-mask&quot; style=&quot;display: block;&quot;&gt;&lt;/div&gt;&#10;  (Session info: chrome=69.0.3497.100)&#10;  (Driver info: chromedriver=2.38.552522 (437e6fbedfa8762dec75e2c5b3ddb86763dc9dcb),platform=Windows NT 6.1.7601 SP1 x86_64) (WARNING: The server did not provide any stacktrace information)&#10;Command duration or timeout: 0 milliseconds&#10;Build info: version: &apos;3.8.1&apos;, revision: &apos;6e95a6684b&apos;, time: &apos;2017-12-01T18:33:54.468Z&apos;&#10;System info: host: &apos;LT0021232&apos;, ip: &apos;10.51.174.49&apos;, os.name: &apos;Windows 7&apos;, os.arch: &apos;x86&apos;, os.version: &apos;6.1&apos;, java.version: &apos;1.8.0_60&apos;&#10;Driver info: org.openqa.selenium.chrome.ChromeDriver&#10;Capabilities {acceptInsecureCerts: false, acceptSslCerts: false, applicationCacheEnabled: false, browserConnectionEnabled: false, browserName: chrome, chrome: {chromedriverVersion: 2.38.552522 (437e6fbedfa876..., userDataDir: C:\Users\ANKUR~1.JAI\AppDat...}, cssSelectorsEnabled: true, databaseEnabled: false, handlesAlerts: true, hasTouchScreen: false, javascriptEnabled: true, locationContextEnabled: true, mobileEmulationEnabled: false, nativeEvents: true, networkConnectionEnabled: false, pageLoadStrategy: normal, platform: XP, platformName: XP, rotatable: false, setWindowRect: true, takesHeapSnapshot: true, takesScreenshot: true, unexpectedAlertBehaviour: , unhandledPromptBehavior: , version: 69.0.3497.100, webStorageEnabled: true}&#10;Session ID: c981136c42f11aec577f454296f3b199"/>
    <system-out><![CDATA[===========================================================
Test Case is Skipped,Test Name is:	IBW_Tran
===========================================================
 INFO [main] (FeedzaiTestBaseClass.java:136)- Inside ResultSet
===========================================================
Test Case Execution Started,Test Name is:	IBW_Tran
===========================================================
Trying to find Element By : By.xpath: .//*[@id='navbar']/ul/li[3]/a
Found Element By : By.xpath: .//*[@id='navbar']/ul/li[3]/a
Trying to click on: [[ChromeDriver: chrome on XP (c981136c42f11aec577f454296f3b199)] -> xpath: .//*[@id='navbar']/ul/li[3]/a]
Exception occured: org.openqa.selenium.WebDriverException: unknown error: Element <a href="#merchant">...</a> is not clickable at point (550, 33). Other element would receive the click: <div id="select2-drop-mask" class="select2-drop-mask" style="display: block;"></div>
  (Session info: chrome=69.0.3497.100)
  (Driver info: chromedriver=2.38.552522 (437e6fbedfa8762dec75e2c5b3ddb86763dc9dcb),platform=Windows NT 6.1.7601 SP1 x86_64) (WARNING: The server did not provide any stacktrace information)
Command duration or timeout: 0 milliseconds
Build info: version: '3.8.1', revision: '6e95a6684b', time: '2017-12-01T18:33:54.468Z'
System info: host: 'LT0021232', ip: '10.51.174.49', os.name: 'Windows 7', os.arch: 'x86', os.version: '6.1', java.version: '1.8.0_60'
Driver info: org.openqa.selenium.chrome.ChromeDriver
Capabilities {acceptInsecureCerts: false, acceptSslCerts: false, applicationCacheEnabled: false, browserConnectionEnabled: false, browserName: chrome, chrome: {chromedriverVersion: 2.38.552522 (437e6fbedfa876..., userDataDir: C:\Users\ANKUR~1.JAI\AppDat...}, cssSelectorsEnabled: true, databaseEnabled: false, handlesAlerts: true, hasTouchScreen: false, javascriptEnabled: true, locationContextEnabled: true, mobileEmulationEnabled: false, nativeEvents: true, networkConnectionEnabled: false, pageLoadStrategy: normal, platform: XP, platformName: XP, rotatable: false, setWindowRect: true, takesHeapSnapshot: true, takesScreenshot: true, unexpectedAlertBehaviour: , unhandledPromptBehavior: , version: 69.0.3497.100, webStorageEnabled: true}
Session ID: c981136c42f11aec577f454296f3b199
Screenshot Captured
Retrying IBW_Tran again and the count is 2
]]></system-out>
  </testcase>
  <testcase name="IBW_Tran" classname="com.ril.feedzai.testScript.IBW_TranDetailsPageTest" time="0.647">
    <failure message="unknown error: Element &lt;a href=&quot;#merchant&quot;&gt;...&lt;/a&gt; is not clickable at point (550, 33). Other element would receive the click: &lt;div id=&quot;select2-drop-mask&quot; class=&quot;select2-drop-mask&quot; style=&quot;display: block;&quot;&gt;&lt;/div&gt;&#10;  (Session info: chrome=69.0.3497.100)&#10;  (Driver info: chromedriver=2.38.552522 (437e6fbedfa8762dec75e2c5b3ddb86763dc9dcb),platform=Windows NT 6.1.7601 SP1 x86_64) (WARNING: The server did not provide any stacktrace information)&#10;Command duration or timeout: 0 milliseconds&#10;Build info: version: &apos;3.8.1&apos;, revision: &apos;6e95a6684b&apos;, time: &apos;2017-12-01T18:33:54.468Z&apos;&#10;System info: host: &apos;LT0021232&apos;, ip: &apos;10.51.174.49&apos;, os.name: &apos;Windows 7&apos;, os.arch: &apos;x86&apos;, os.version: &apos;6.1&apos;, java.version: &apos;1.8.0_60&apos;&#10;Driver info: org.openqa.selenium.chrome.ChromeDriver&#10;Capabilities {acceptInsecureCerts: false, acceptSslCerts: false, applicationCacheEnabled: false, browserConnectionEnabled: false, browserName: chrome, chrome: {chromedriverVersion: 2.38.552522 (437e6fbedfa876..., userDataDir: C:\Users\ANKUR~1.JAI\AppDat...}, cssSelectorsEnabled: true, databaseEnabled: false, handlesAlerts: true, hasTouchScreen: false, javascriptEnabled: true, locationContextEnabled: true, mobileEmulationEnabled: false, nativeEvents: true, networkConnectionEnabled: false, pageLoadStrategy: normal, platform: XP, platformName: XP, rotatable: false, setWindowRect: true, takesHeapSnapshot: true, takesScreenshot: true, unexpectedAlertBehaviour: , unhandledPromptBehavior: , version: 69.0.3497.100, webStorageEnabled: true}&#10;Session ID: c981136c42f11aec577f454296f3b199" type="org.openqa.selenium.WebDriverException"><![CDATA[org.openqa.selenium.WebDriverException: 
unknown error: Element <a href="#merchant">...</a> is not clickable at point (550, 33). Other element would receive the click: <div id="select2-drop-mask" class="select2-drop-mask" style="display: block;"></div>
  (Session info: chrome=69.0.3497.100)
  (Driver info: chromedriver=2.38.552522 (437e6fbedfa8762dec75e2c5b3ddb86763dc9dcb),platform=Windows NT 6.1.7601 SP1 x86_64) (WARNING: The server did not provide any stacktrace information)
Command duration or timeout: 0 milliseconds
Build info: version: '3.8.1', revision: '6e95a6684b', time: '2017-12-01T18:33:54.468Z'
System info: host: 'LT0021232', ip: '10.51.174.49', os.name: 'Windows 7', os.arch: 'x86', os.version: '6.1', java.version: '1.8.0_60'
Driver info: org.openqa.selenium.chrome.ChromeDriver
Capabilities {acceptInsecureCerts: false, acceptSslCerts: false, applicationCacheEnabled: false, browserConnectionEnabled: false, browserName: chrome, chrome: {chromedriverVersion: 2.38.552522 (437e6fbedfa876..., userDataDir: C:\Users\ANKUR~1.JAI\AppDat...}, cssSelectorsEnabled: true, databaseEnabled: false, handlesAlerts: true, hasTouchScreen: false, javascriptEnabled: true, locationContextEnabled: true, mobileEmulationEnabled: false, nativeEvents: true, networkConnectionEnabled: false, pageLoadStrategy: normal, platform: XP, platformName: XP, rotatable: false, setWindowRect: true, takesHeapSnapshot: true, takesScreenshot: true, unexpectedAlertBehaviour: , unhandledPromptBehavior: , version: 69.0.3497.100, webStorageEnabled: true}
Session ID: c981136c42f11aec577f454296f3b199
	at com.ril.feedzai.testScript.IBW_TranDetailsPageTest.IBW_Tran(IBW_TranDetailsPageTest.java:30)
]]></failure>
    <system-out><![CDATA[===========================================================
Test Case is Skipped,Test Name is:	IBW_Tran
===========================================================
 INFO [main] (FeedzaiTestBaseClass.java:136)- Inside ResultSet
===========================================================
Test Case Execution Started,Test Name is:	IBW_Tran
===========================================================
Trying to find Element By : By.xpath: .//*[@id='navbar']/ul/li[3]/a
Found Element By : By.xpath: .//*[@id='navbar']/ul/li[3]/a
Trying to click on: [[ChromeDriver: chrome on XP (c981136c42f11aec577f454296f3b199)] -> xpath: .//*[@id='navbar']/ul/li[3]/a]
Exception occured: org.openqa.selenium.WebDriverException: unknown error: Element <a href="#merchant">...</a> is not clickable at point (550, 33). Other element would receive the click: <div id="select2-drop-mask" class="select2-drop-mask" style="display: block;"></div>
  (Session info: chrome=69.0.3497.100)
  (Driver info: chromedriver=2.38.552522 (437e6fbedfa8762dec75e2c5b3ddb86763dc9dcb),platform=Windows NT 6.1.7601 SP1 x86_64) (WARNING: The server did not provide any stacktrace information)
Command duration or timeout: 0 milliseconds
Build info: version: '3.8.1', revision: '6e95a6684b', time: '2017-12-01T18:33:54.468Z'
System info: host: 'LT0021232', ip: '10.51.174.49', os.name: 'Windows 7', os.arch: 'x86', os.version: '6.1', java.version: '1.8.0_60'
Driver info: org.openqa.selenium.chrome.ChromeDriver
Capabilities {acceptInsecureCerts: false, acceptSslCerts: false, applicationCacheEnabled: false, browserConnectionEnabled: false, browserName: chrome, chrome: {chromedriverVersion: 2.38.552522 (437e6fbedfa876..., userDataDir: C:\Users\ANKUR~1.JAI\AppDat...}, cssSelectorsEnabled: true, databaseEnabled: false, handlesAlerts: true, hasTouchScreen: false, javascriptEnabled: true, locationContextEnabled: true, mobileEmulationEnabled: false, nativeEvents: true, networkConnectionEnabled: false, pageLoadStrategy: normal, platform: XP, platformName: XP, rotatable: false, setWindowRect: true, takesHeapSnapshot: true, takesScreenshot: true, unexpectedAlertBehaviour: , unhandledPromptBehavior: , version: 69.0.3497.100, webStorageEnabled: true}
Session ID: c981136c42f11aec577f454296f3b199
Screenshot Captured
]]></system-out>
  </testcase>
  <testcase name="Customer_Details" classname="com.ril.feedzai.testScript.IBW_TranDetailsPageTest" time="0">
    <skipped message="Mobile number not found in customer details section for IBW transaction"/>
    <system-out><![CDATA[===========================================================
Test Case Execution Got Failed,Test Name is:	IBW_Tran
===========================================================
 INFO [main] (FeedzaiTestBaseClass.java:136)- Inside ResultSet
Screenshot Captured
===========================================================
Test Case Execution Started,Test Name is:	Customer_Details
===========================================================
Trying to find Element By : By.xpath: //html//div[@class='col-md-6 col-lg-6 col-sm-12 col-xs-12 fdz-css-flow-from pull-left']//div[1]/div[2]/div[1]/div[2]/div[2]
Found Element By : By.xpath: //html//div[@class='col-md-6 col-lg-6 col-sm-12 col-xs-12 fdz-css-flow-from pull-left']//div[1]/div[2]/div[1]/div[2]/div[2]
Customer id =4000000186
 INFO [main] (IBW_TranDetailsPageTest.java:43)- Customer id is Present
Trying to find Element By : By.xpath: //html//div[@class='col-lg-12 col-md-12 col-sm-12 col-xs-12']//div[1]/div[2]/div[3]/div[2]/div[2]
Found Element By : By.xpath: //html//div[@class='col-lg-12 col-md-12 col-sm-12 col-xs-12']//div[1]/div[2]/div[3]/div[2]/div[2]
Customer Mobile number =Unknown
 INFO [main] (IBW_TranDetailsPageTest.java:51)- Mobile Number is not Present
Retrying Customer_Details again and the count is 1
]]></system-out>
  </testcase>
  <testcase name="Customer_Details" classname="com.ril.feedzai.testScript.IBW_TranDetailsPageTest" time="0">
    <skipped message="Mobile number not found in customer details section for IBW transaction"/>
    <system-out><![CDATA[===========================================================
Test Case is Skipped,Test Name is:	Customer_Details
===========================================================
 INFO [main] (FeedzaiTestBaseClass.java:136)- Inside ResultSet
===========================================================
Test Case Execution Started,Test Name is:	Customer_Details
===========================================================
Trying to find Element By : By.xpath: //html//div[@class='col-md-6 col-lg-6 col-sm-12 col-xs-12 fdz-css-flow-from pull-left']//div[1]/div[2]/div[1]/div[2]/div[2]
Found Element By : By.xpath: //html//div[@class='col-md-6 col-lg-6 col-sm-12 col-xs-12 fdz-css-flow-from pull-left']//div[1]/div[2]/div[1]/div[2]/div[2]
Customer id =4000000186
 INFO [main] (IBW_TranDetailsPageTest.java:43)- Customer id is Present
Trying to find Element By : By.xpath: //html//div[@class='col-lg-12 col-md-12 col-sm-12 col-xs-12']//div[1]/div[2]/div[3]/div[2]/div[2]
Found Element By : By.xpath: //html//div[@class='col-lg-12 col-md-12 col-sm-12 col-xs-12']//div[1]/div[2]/div[3]/div[2]/div[2]
Customer Mobile number =Unknown
 INFO [main] (IBW_TranDetailsPageTest.java:51)- Mobile Number is not Present
Retrying Customer_Details again and the count is 2
]]></system-out>
  </testcase>
  <testcase name="Customer_Details" classname="com.ril.feedzai.testScript.IBW_TranDetailsPageTest" time="2.481">
    <failure message="Mobile number not found in customer details section for IBW transaction" type="java.lang.AssertionError">java.lang.AssertionError: Mobile number not found in customer details section for IBW transaction
	at com.ril.feedzai.testScript.IBW_TranDetailsPageTest.Customer_Details(IBW_TranDetailsPageTest.java:52)
</failure>
    <system-out><![CDATA[===========================================================
Test Case is Skipped,Test Name is:	Customer_Details
===========================================================
 INFO [main] (FeedzaiTestBaseClass.java:136)- Inside ResultSet
===========================================================
Test Case Execution Started,Test Name is:	Customer_Details
===========================================================
Trying to find Element By : By.xpath: //html//div[@class='col-md-6 col-lg-6 col-sm-12 col-xs-12 fdz-css-flow-from pull-left']//div[1]/div[2]/div[1]/div[2]/div[2]
Found Element By : By.xpath: //html//div[@class='col-md-6 col-lg-6 col-sm-12 col-xs-12 fdz-css-flow-from pull-left']//div[1]/div[2]/div[1]/div[2]/div[2]
Customer id =4000000186
 INFO [main] (IBW_TranDetailsPageTest.java:43)- Customer id is Present
Trying to find Element By : By.xpath: //html//div[@class='col-lg-12 col-md-12 col-sm-12 col-xs-12']//div[1]/div[2]/div[3]/div[2]/div[2]
Found Element By : By.xpath: //html//div[@class='col-lg-12 col-md-12 col-sm-12 col-xs-12']//div[1]/div[2]/div[3]/div[2]/div[2]
Customer Mobile number =Unknown
 INFO [main] (IBW_TranDetailsPageTest.java:51)- Mobile Number is not Present
]]></system-out>
  </testcase>
  <testcase name="Payment_Details" classname="com.ril.feedzai.testScript.IBW_TranDetailsPageTest" time="2.201"/>
  <testcase name="transaction_Details" classname="com.ril.feedzai.testScript.IBW_TranDetailsPageTest" time="0">
    <skipped message="Customer app id not found in transaction details section for IBW transaction"/>
    <system-out><![CDATA[===========================================================
Test Case Executed Sucesfully,Test Name is:	Payment_Details
===========================================================
 INFO [main] (FeedzaiTestBaseClass.java:136)- Inside ResultSet
===========================================================
Test Case Execution Started,Test Name is:	transaction_Details
===========================================================
Trying to find Element By : By.xpath: /html/body/div[1]/div[1]/div[2]/div[2]/div/div[2]/div[3]/div[5]/div[2]
Found Element By : By.xpath: /html/body/div[1]/div[1]/div[2]/div[2]/div/div[2]/div[3]/div[5]/div[2]
Source Institution ID=3133
 INFO [main] (IBW_TranDetailsPageTest.java:84)- IBW:Source Institution ID is present
Trying to find Element By : By.xpath: //html//div[@class='col-md-12 col-lg-12 col-sm-12 col-xs-12 fdz-css-float-none']//div[3]/div[3]/div[2]
Found Element By : By.xpath: //html//div[@class='col-md-12 col-lg-12 col-sm-12 col-xs-12 fdz-css-float-none']//div[3]/div[3]/div[2]
Customer app id=Unknown
 INFO [main] (IBW_TranDetailsPageTest.java:93)- Customer app id is not present
Retrying transaction_Details again and the count is 1
]]></system-out>
  </testcase>
  <testcase name="transaction_Details" classname="com.ril.feedzai.testScript.IBW_TranDetailsPageTest" time="0">
    <skipped message="Customer app id not found in transaction details section for IBW transaction"/>
    <system-out><![CDATA[===========================================================
Test Case is Skipped,Test Name is:	transaction_Details
===========================================================
 INFO [main] (FeedzaiTestBaseClass.java:136)- Inside ResultSet
===========================================================
Test Case Execution Started,Test Name is:	transaction_Details
===========================================================
Trying to find Element By : By.xpath: /html/body/div[1]/div[1]/div[2]/div[2]/div/div[2]/div[3]/div[5]/div[2]
Found Element By : By.xpath: /html/body/div[1]/div[1]/div[2]/div[2]/div/div[2]/div[3]/div[5]/div[2]
Source Institution ID=3133
 INFO [main] (IBW_TranDetailsPageTest.java:84)- IBW:Source Institution ID is present
Trying to find Element By : By.xpath: //html//div[@class='col-md-12 col-lg-12 col-sm-12 col-xs-12 fdz-css-float-none']//div[3]/div[3]/div[2]
Found Element By : By.xpath: //html//div[@class='col-md-12 col-lg-12 col-sm-12 col-xs-12 fdz-css-float-none']//div[3]/div[3]/div[2]
Customer app id=Unknown
 INFO [main] (IBW_TranDetailsPageTest.java:93)- Customer app id is not present
Retrying transaction_Details again and the count is 2
]]></system-out>
  </testcase>
  <testcase name="transaction_Details" classname="com.ril.feedzai.testScript.IBW_TranDetailsPageTest" time="2.294">
    <failure message="Customer app id not found in transaction details section for IBW transaction" type="java.lang.AssertionError">java.lang.AssertionError: Customer app id not found in transaction details section for IBW transaction
	at com.ril.feedzai.testScript.IBW_TranDetailsPageTest.transaction_Details(IBW_TranDetailsPageTest.java:94)
</failure>
    <system-out><![CDATA[===========================================================
Test Case is Skipped,Test Name is:	transaction_Details
===========================================================
 INFO [main] (FeedzaiTestBaseClass.java:136)- Inside ResultSet
===========================================================
Test Case Execution Started,Test Name is:	transaction_Details
===========================================================
Trying to find Element By : By.xpath: /html/body/div[1]/div[1]/div[2]/div[2]/div/div[2]/div[3]/div[5]/div[2]
Found Element By : By.xpath: /html/body/div[1]/div[1]/div[2]/div[2]/div/div[2]/div[3]/div[5]/div[2]
Source Institution ID=3133
 INFO [main] (IBW_TranDetailsPageTest.java:84)- IBW:Source Institution ID is present
Trying to find Element By : By.xpath: //html//div[@class='col-md-12 col-lg-12 col-sm-12 col-xs-12 fdz-css-float-none']//div[3]/div[3]/div[2]
Found Element By : By.xpath: //html//div[@class='col-md-12 col-lg-12 col-sm-12 col-xs-12 fdz-css-float-none']//div[3]/div[3]/div[2]
Customer app id=Unknown
 INFO [main] (IBW_TranDetailsPageTest.java:93)- Customer app id is not present
]]></system-out>
  </testcase>
  <testcase name="P2M_Tran" classname="com.ril.feedzai.testScript.P2M_TranDetailsPageTest" time="32.177"/>
  <testcase name="Customer_Data" classname="com.ril.feedzai.testScript.P2M_TranDetailsPageTest" time="6.12"/>
  <testcase name="Cust_app_id" classname="com.ril.feedzai.testScript.P2M_TranDetailsPageTest" time="2.111"/>
  <testcase name="P2M_merchant_app_id" classname="com.ril.feedzai.testScript.P2M_TranDetailsPageTest" time="2.47"/>
  <testcase name="P2M_Tran" classname="com.ril.feedzai.testScript.BeneficiaryPan_ValidationPageTest" time="0">
    <skipped message="unknown error: Element &lt;i class=&quot;glyphicon glyphicon-cog&quot;&gt;&lt;/i&gt; is not clickable at point (982, 218). Other element would receive the click: &lt;div id=&quot;select2-drop-mask&quot; class=&quot;select2-drop-mask&quot; style=&quot;display: block;&quot;&gt;&lt;/div&gt;&#10;  (Session info: chrome=69.0.3497.100)&#10;  (Driver info: chromedriver=2.38.552522 (437e6fbedfa8762dec75e2c5b3ddb86763dc9dcb),platform=Windows NT 6.1.7601 SP1 x86_64) (WARNING: The server did not provide any stacktrace information)&#10;Command duration or timeout: 0 milliseconds&#10;Build info: version: &apos;3.8.1&apos;, revision: &apos;6e95a6684b&apos;, time: &apos;2017-12-01T18:33:54.468Z&apos;&#10;System info: host: &apos;LT0021232&apos;, ip: &apos;10.51.174.49&apos;, os.name: &apos;Windows 7&apos;, os.arch: &apos;x86&apos;, os.version: &apos;6.1&apos;, java.version: &apos;1.8.0_60&apos;&#10;Driver info: org.openqa.selenium.chrome.ChromeDriver&#10;Capabilities {acceptInsecureCerts: false, acceptSslCerts: false, applicationCacheEnabled: false, browserConnectionEnabled: false, browserName: chrome, chrome: {chromedriverVersion: 2.38.552522 (437e6fbedfa876..., userDataDir: C:\Users\ANKUR~1.JAI\AppDat...}, cssSelectorsEnabled: true, databaseEnabled: false, handlesAlerts: true, hasTouchScreen: false, javascriptEnabled: true, locationContextEnabled: true, mobileEmulationEnabled: false, nativeEvents: true, networkConnectionEnabled: false, pageLoadStrategy: normal, platform: XP, platformName: XP, rotatable: false, setWindowRect: true, takesHeapSnapshot: true, takesScreenshot: true, unexpectedAlertBehaviour: , unhandledPromptBehavior: , version: 69.0.3497.100, webStorageEnabled: true}&#10;Session ID: c981136c42f11aec577f454296f3b199"/>
    <system-out><![CDATA[===========================================================
Test Case Executed Sucesfully,Test Name is:	P2M_merchant_app_id
===========================================================
 INFO [main] (FeedzaiTestBaseClass.java:136)- Inside ResultSet
 INFO [main] (BeneficiaryPan_ValidationPageTest.java:25)- Moved To Benificiary Pan validation Page
===========================================================
Test Case Execution Started,Test Name is:	P2M_Tran
===========================================================
Trying to find Element By : By.xpath: .//*[@id='navbar']/ul/li[3]/a
Found Element By : By.xpath: .//*[@id='navbar']/ul/li[3]/a
Trying to click on: [[ChromeDriver: chrome on XP (c981136c42f11aec577f454296f3b199)] -> xpath: .//*[@id='navbar']/ul/li[3]/a]
Clicked on: [[ChromeDriver: chrome on XP (c981136c42f11aec577f454296f3b199)] -> xpath: .//*[@id='navbar']/ul/li[3]/a]
Trying to find Element By : By.xpath: //*[@id="navbar"]/ul/li[1]/a
Found Element By : By.xpath: //*[@id="navbar"]/ul/li[1]/a
Trying to click on: [[ChromeDriver: chrome on XP (c981136c42f11aec577f454296f3b199)] -> xpath: //*[@id="navbar"]/ul/li[1]/a]
Clicked on: [[ChromeDriver: chrome on XP (c981136c42f11aec577f454296f3b199)] -> xpath: //*[@id="navbar"]/ul/li[1]/a]
Trying to find Element By : By.xpath: //html//th[2]/button[1]
Found Element By : By.xpath: //html//th[2]/button[1]
Trying to click on: [[ChromeDriver: chrome on XP (c981136c42f11aec577f454296f3b199)] -> xpath: //html//th[2]/button[1]]
Clicked on: [[ChromeDriver: chrome on XP (c981136c42f11aec577f454296f3b199)] -> xpath: //html//th[2]/button[1]]
Trying to find Element By : By.xpath: //i[@class='fa fa-sort-amount-desc']
Found Element By : By.xpath: //i[@class='fa fa-sort-amount-desc']
Trying to click on: [[ChromeDriver: chrome on XP (c981136c42f11aec577f454296f3b199)] -> xpath: //i[@class='fa fa-sort-amount-desc']]
Clicked on: [[ChromeDriver: chrome on XP (c981136c42f11aec577f454296f3b199)] -> xpath: //i[@class='fa fa-sort-amount-desc']]
Trying to find Element By : By.xpath: //html//th[9]/button[1]/i[1]
Found Element By : By.xpath: //html//th[9]/button[1]/i[1]
Trying to click on: [[ChromeDriver: chrome on XP (c981136c42f11aec577f454296f3b199)] -> xpath: //html//th[9]/button[1]/i[1]]
Clicked on: [[ChromeDriver: chrome on XP (c981136c42f11aec577f454296f3b199)] -> xpath: //html//th[9]/button[1]/i[1]]
Trying to find Element By : By.xpath: //div[@id='s2id_fdz-label-filterValue']//input[1]
Found Element By : By.xpath: //div[@id='s2id_fdz-label-filterValue']//input[1]
Trying to find Element By : By.xpath: //div[@id='s2id_fdz-label-filterValue']//input[1]
Found Element By : By.xpath: //div[@id='s2id_fdz-label-filterValue']//input[1]
Trying to find Element By : By.xpath: //html//th[11]/button[1]/i[1]
Found Element By : By.xpath: //html//th[11]/button[1]/i[1]
Trying to click on: [[ChromeDriver: chrome on XP (c981136c42f11aec577f454296f3b199)] -> xpath: //html//th[11]/button[1]/i[1]]
Exception occured: org.openqa.selenium.WebDriverException: unknown error: Element <i class="glyphicon glyphicon-cog"></i> is not clickable at point (982, 218). Other element would receive the click: <div id="select2-drop-mask" class="select2-drop-mask" style="display: block;"></div>
  (Session info: chrome=69.0.3497.100)
  (Driver info: chromedriver=2.38.552522 (437e6fbedfa8762dec75e2c5b3ddb86763dc9dcb),platform=Windows NT 6.1.7601 SP1 x86_64) (WARNING: The server did not provide any stacktrace information)
Command duration or timeout: 0 milliseconds
Build info: version: '3.8.1', revision: '6e95a6684b', time: '2017-12-01T18:33:54.468Z'
System info: host: 'LT0021232', ip: '10.51.174.49', os.name: 'Windows 7', os.arch: 'x86', os.version: '6.1', java.version: '1.8.0_60'
Driver info: org.openqa.selenium.chrome.ChromeDriver
Capabilities {acceptInsecureCerts: false, acceptSslCerts: false, applicationCacheEnabled: false, browserConnectionEnabled: false, browserName: chrome, chrome: {chromedriverVersion: 2.38.552522 (437e6fbedfa876..., userDataDir: C:\Users\ANKUR~1.JAI\AppDat...}, cssSelectorsEnabled: true, databaseEnabled: false, handlesAlerts: true, hasTouchScreen: false, javascriptEnabled: true, locationContextEnabled: true, mobileEmulationEnabled: false, nativeEvents: true, networkConnectionEnabled: false, pageLoadStrategy: normal, platform: XP, platformName: XP, rotatable: false, setWindowRect: true, takesHeapSnapshot: true, takesScreenshot: true, unexpectedAlertBehaviour: , unhandledPromptBehavior: , version: 69.0.3497.100, webStorageEnabled: true}
Session ID: c981136c42f11aec577f454296f3b199
Screenshot Captured
Retrying P2M_Tran again and the count is 1
]]></system-out>
  </testcase>
  <testcase name="P2M_Tran" classname="com.ril.feedzai.testScript.BeneficiaryPan_ValidationPageTest" time="0">
    <skipped message="unknown error: Element &lt;a href=&quot;#merchant&quot;&gt;...&lt;/a&gt; is not clickable at point (550, 33). Other element would receive the click: &lt;div id=&quot;select2-drop-mask&quot; class=&quot;select2-drop-mask&quot; style=&quot;display: block;&quot;&gt;&lt;/div&gt;&#10;  (Session info: chrome=69.0.3497.100)&#10;  (Driver info: chromedriver=2.38.552522 (437e6fbedfa8762dec75e2c5b3ddb86763dc9dcb),platform=Windows NT 6.1.7601 SP1 x86_64) (WARNING: The server did not provide any stacktrace information)&#10;Command duration or timeout: 0 milliseconds&#10;Build info: version: &apos;3.8.1&apos;, revision: &apos;6e95a6684b&apos;, time: &apos;2017-12-01T18:33:54.468Z&apos;&#10;System info: host: &apos;LT0021232&apos;, ip: &apos;10.51.174.49&apos;, os.name: &apos;Windows 7&apos;, os.arch: &apos;x86&apos;, os.version: &apos;6.1&apos;, java.version: &apos;1.8.0_60&apos;&#10;Driver info: org.openqa.selenium.chrome.ChromeDriver&#10;Capabilities {acceptInsecureCerts: false, acceptSslCerts: false, applicationCacheEnabled: false, browserConnectionEnabled: false, browserName: chrome, chrome: {chromedriverVersion: 2.38.552522 (437e6fbedfa876..., userDataDir: C:\Users\ANKUR~1.JAI\AppDat...}, cssSelectorsEnabled: true, databaseEnabled: false, handlesAlerts: true, hasTouchScreen: false, javascriptEnabled: true, locationContextEnabled: true, mobileEmulationEnabled: false, nativeEvents: true, networkConnectionEnabled: false, pageLoadStrategy: normal, platform: XP, platformName: XP, rotatable: false, setWindowRect: true, takesHeapSnapshot: true, takesScreenshot: true, unexpectedAlertBehaviour: , unhandledPromptBehavior: , version: 69.0.3497.100, webStorageEnabled: true}&#10;Session ID: c981136c42f11aec577f454296f3b199"/>
    <system-out><![CDATA[===========================================================
Test Case is Skipped,Test Name is:	P2M_Tran
===========================================================
 INFO [main] (FeedzaiTestBaseClass.java:136)- Inside ResultSet
===========================================================
Test Case Execution Started,Test Name is:	P2M_Tran
===========================================================
Trying to find Element By : By.xpath: .//*[@id='navbar']/ul/li[3]/a
Found Element By : By.xpath: .//*[@id='navbar']/ul/li[3]/a
Trying to click on: [[ChromeDriver: chrome on XP (c981136c42f11aec577f454296f3b199)] -> xpath: .//*[@id='navbar']/ul/li[3]/a]
Exception occured: org.openqa.selenium.WebDriverException: unknown error: Element <a href="#merchant">...</a> is not clickable at point (550, 33). Other element would receive the click: <div id="select2-drop-mask" class="select2-drop-mask" style="display: block;"></div>
  (Session info: chrome=69.0.3497.100)
  (Driver info: chromedriver=2.38.552522 (437e6fbedfa8762dec75e2c5b3ddb86763dc9dcb),platform=Windows NT 6.1.7601 SP1 x86_64) (WARNING: The server did not provide any stacktrace information)
Command duration or timeout: 0 milliseconds
Build info: version: '3.8.1', revision: '6e95a6684b', time: '2017-12-01T18:33:54.468Z'
System info: host: 'LT0021232', ip: '10.51.174.49', os.name: 'Windows 7', os.arch: 'x86', os.version: '6.1', java.version: '1.8.0_60'
Driver info: org.openqa.selenium.chrome.ChromeDriver
Capabilities {acceptInsecureCerts: false, acceptSslCerts: false, applicationCacheEnabled: false, browserConnectionEnabled: false, browserName: chrome, chrome: {chromedriverVersion: 2.38.552522 (437e6fbedfa876..., userDataDir: C:\Users\ANKUR~1.JAI\AppDat...}, cssSelectorsEnabled: true, databaseEnabled: false, handlesAlerts: true, hasTouchScreen: false, javascriptEnabled: true, locationContextEnabled: true, mobileEmulationEnabled: false, nativeEvents: true, networkConnectionEnabled: false, pageLoadStrategy: normal, platform: XP, platformName: XP, rotatable: false, setWindowRect: true, takesHeapSnapshot: true, takesScreenshot: true, unexpectedAlertBehaviour: , unhandledPromptBehavior: , version: 69.0.3497.100, webStorageEnabled: true}
Session ID: c981136c42f11aec577f454296f3b199
Screenshot Captured
Retrying P2M_Tran again and the count is 2
]]></system-out>
  </testcase>
  <testcase name="P2M_Tran" classname="com.ril.feedzai.testScript.BeneficiaryPan_ValidationPageTest" time="1.278">
    <failure message="unknown error: Element &lt;a href=&quot;#merchant&quot;&gt;...&lt;/a&gt; is not clickable at point (550, 33). Other element would receive the click: &lt;div id=&quot;select2-drop-mask&quot; class=&quot;select2-drop-mask&quot; style=&quot;display: block;&quot;&gt;&lt;/div&gt;&#10;  (Session info: chrome=69.0.3497.100)&#10;  (Driver info: chromedriver=2.38.552522 (437e6fbedfa8762dec75e2c5b3ddb86763dc9dcb),platform=Windows NT 6.1.7601 SP1 x86_64) (WARNING: The server did not provide any stacktrace information)&#10;Command duration or timeout: 0 milliseconds&#10;Build info: version: &apos;3.8.1&apos;, revision: &apos;6e95a6684b&apos;, time: &apos;2017-12-01T18:33:54.468Z&apos;&#10;System info: host: &apos;LT0021232&apos;, ip: &apos;10.51.174.49&apos;, os.name: &apos;Windows 7&apos;, os.arch: &apos;x86&apos;, os.version: &apos;6.1&apos;, java.version: &apos;1.8.0_60&apos;&#10;Driver info: org.openqa.selenium.chrome.ChromeDriver&#10;Capabilities {acceptInsecureCerts: false, acceptSslCerts: false, applicationCacheEnabled: false, browserConnectionEnabled: false, browserName: chrome, chrome: {chromedriverVersion: 2.38.552522 (437e6fbedfa876..., userDataDir: C:\Users\ANKUR~1.JAI\AppDat...}, cssSelectorsEnabled: true, databaseEnabled: false, handlesAlerts: true, hasTouchScreen: false, javascriptEnabled: true, locationContextEnabled: true, mobileEmulationEnabled: false, nativeEvents: true, networkConnectionEnabled: false, pageLoadStrategy: normal, platform: XP, platformName: XP, rotatable: false, setWindowRect: true, takesHeapSnapshot: true, takesScreenshot: true, unexpectedAlertBehaviour: , unhandledPromptBehavior: , version: 69.0.3497.100, webStorageEnabled: true}&#10;Session ID: c981136c42f11aec577f454296f3b199" type="org.openqa.selenium.WebDriverException"><![CDATA[org.openqa.selenium.WebDriverException: 
unknown error: Element <a href="#merchant">...</a> is not clickable at point (550, 33). Other element would receive the click: <div id="select2-drop-mask" class="select2-drop-mask" style="display: block;"></div>
  (Session info: chrome=69.0.3497.100)
  (Driver info: chromedriver=2.38.552522 (437e6fbedfa8762dec75e2c5b3ddb86763dc9dcb),platform=Windows NT 6.1.7601 SP1 x86_64) (WARNING: The server did not provide any stacktrace information)
Command duration or timeout: 0 milliseconds
Build info: version: '3.8.1', revision: '6e95a6684b', time: '2017-12-01T18:33:54.468Z'
System info: host: 'LT0021232', ip: '10.51.174.49', os.name: 'Windows 7', os.arch: 'x86', os.version: '6.1', java.version: '1.8.0_60'
Driver info: org.openqa.selenium.chrome.ChromeDriver
Capabilities {acceptInsecureCerts: false, acceptSslCerts: false, applicationCacheEnabled: false, browserConnectionEnabled: false, browserName: chrome, chrome: {chromedriverVersion: 2.38.552522 (437e6fbedfa876..., userDataDir: C:\Users\ANKUR~1.JAI\AppDat...}, cssSelectorsEnabled: true, databaseEnabled: false, handlesAlerts: true, hasTouchScreen: false, javascriptEnabled: true, locationContextEnabled: true, mobileEmulationEnabled: false, nativeEvents: true, networkConnectionEnabled: false, pageLoadStrategy: normal, platform: XP, platformName: XP, rotatable: false, setWindowRect: true, takesHeapSnapshot: true, takesScreenshot: true, unexpectedAlertBehaviour: , unhandledPromptBehavior: , version: 69.0.3497.100, webStorageEnabled: true}
Session ID: c981136c42f11aec577f454296f3b199
	at com.ril.feedzai.testScript.BeneficiaryPan_ValidationPageTest.P2M_Tran(BeneficiaryPan_ValidationPageTest.java:32)
]]></failure>
    <system-out><![CDATA[===========================================================
Test Case is Skipped,Test Name is:	P2M_Tran
===========================================================
 INFO [main] (FeedzaiTestBaseClass.java:136)- Inside ResultSet
===========================================================
Test Case Execution Started,Test Name is:	P2M_Tran
===========================================================
Trying to find Element By : By.xpath: .//*[@id='navbar']/ul/li[3]/a
Found Element By : By.xpath: .//*[@id='navbar']/ul/li[3]/a
Trying to click on: [[ChromeDriver: chrome on XP (c981136c42f11aec577f454296f3b199)] -> xpath: .//*[@id='navbar']/ul/li[3]/a]
Exception occured: org.openqa.selenium.WebDriverException: unknown error: Element <a href="#merchant">...</a> is not clickable at point (550, 33). Other element would receive the click: <div id="select2-drop-mask" class="select2-drop-mask" style="display: block;"></div>
  (Session info: chrome=69.0.3497.100)
  (Driver info: chromedriver=2.38.552522 (437e6fbedfa8762dec75e2c5b3ddb86763dc9dcb),platform=Windows NT 6.1.7601 SP1 x86_64) (WARNING: The server did not provide any stacktrace information)
Command duration or timeout: 0 milliseconds
Build info: version: '3.8.1', revision: '6e95a6684b', time: '2017-12-01T18:33:54.468Z'
System info: host: 'LT0021232', ip: '10.51.174.49', os.name: 'Windows 7', os.arch: 'x86', os.version: '6.1', java.version: '1.8.0_60'
Driver info: org.openqa.selenium.chrome.ChromeDriver
Capabilities {acceptInsecureCerts: false, acceptSslCerts: false, applicationCacheEnabled: false, browserConnectionEnabled: false, browserName: chrome, chrome: {chromedriverVersion: 2.38.552522 (437e6fbedfa876..., userDataDir: C:\Users\ANKUR~1.JAI\AppDat...}, cssSelectorsEnabled: true, databaseEnabled: false, handlesAlerts: true, hasTouchScreen: false, javascriptEnabled: true, locationContextEnabled: true, mobileEmulationEnabled: false, nativeEvents: true, networkConnectionEnabled: false, pageLoadStrategy: normal, platform: XP, platformName: XP, rotatable: false, setWindowRect: true, takesHeapSnapshot: true, takesScreenshot: true, unexpectedAlertBehaviour: , unhandledPromptBehavior: , version: 69.0.3497.100, webStorageEnabled: true}
Session ID: c981136c42f11aec577f454296f3b199
Screenshot Captured
]]></system-out>
  </testcase>
  <testcase name="LMW_Tran" classname="com.ril.feedzai.testScript.BeneficiaryPan_ValidationPageTest" time="0">
    <skipped message="unknown error: Element &lt;a href=&quot;#merchant&quot;&gt;...&lt;/a&gt; is not clickable at point (550, 33). Other element would receive the click: &lt;div id=&quot;select2-drop-mask&quot; class=&quot;select2-drop-mask&quot; style=&quot;display: block;&quot;&gt;&lt;/div&gt;&#10;  (Session info: chrome=69.0.3497.100)&#10;  (Driver info: chromedriver=2.38.552522 (437e6fbedfa8762dec75e2c5b3ddb86763dc9dcb),platform=Windows NT 6.1.7601 SP1 x86_64) (WARNING: The server did not provide any stacktrace information)&#10;Command duration or timeout: 0 milliseconds&#10;Build info: version: &apos;3.8.1&apos;, revision: &apos;6e95a6684b&apos;, time: &apos;2017-12-01T18:33:54.468Z&apos;&#10;System info: host: &apos;LT0021232&apos;, ip: &apos;10.51.174.49&apos;, os.name: &apos;Windows 7&apos;, os.arch: &apos;x86&apos;, os.version: &apos;6.1&apos;, java.version: &apos;1.8.0_60&apos;&#10;Driver info: org.openqa.selenium.chrome.ChromeDriver&#10;Capabilities {acceptInsecureCerts: false, acceptSslCerts: false, applicationCacheEnabled: false, browserConnectionEnabled: false, browserName: chrome, chrome: {chromedriverVersion: 2.38.552522 (437e6fbedfa876..., userDataDir: C:\Users\ANKUR~1.JAI\AppDat...}, cssSelectorsEnabled: true, databaseEnabled: false, handlesAlerts: true, hasTouchScreen: false, javascriptEnabled: true, locationContextEnabled: true, mobileEmulationEnabled: false, nativeEvents: true, networkConnectionEnabled: false, pageLoadStrategy: normal, platform: XP, platformName: XP, rotatable: false, setWindowRect: true, takesHeapSnapshot: true, takesScreenshot: true, unexpectedAlertBehaviour: , unhandledPromptBehavior: , version: 69.0.3497.100, webStorageEnabled: true}&#10;Session ID: c981136c42f11aec577f454296f3b199"/>
    <system-out><![CDATA[===========================================================
Test Case Execution Got Failed,Test Name is:	P2M_Tran
===========================================================
 INFO [main] (FeedzaiTestBaseClass.java:136)- Inside ResultSet
Screenshot Captured
===========================================================
Test Case Execution Started,Test Name is:	LMW_Tran
===========================================================
Trying to find Element By : By.xpath: .//*[@id='navbar']/ul/li[3]/a
Found Element By : By.xpath: .//*[@id='navbar']/ul/li[3]/a
Trying to click on: [[ChromeDriver: chrome on XP (c981136c42f11aec577f454296f3b199)] -> xpath: .//*[@id='navbar']/ul/li[3]/a]
Exception occured: org.openqa.selenium.WebDriverException: unknown error: Element <a href="#merchant">...</a> is not clickable at point (550, 33). Other element would receive the click: <div id="select2-drop-mask" class="select2-drop-mask" style="display: block;"></div>
  (Session info: chrome=69.0.3497.100)
  (Driver info: chromedriver=2.38.552522 (437e6fbedfa8762dec75e2c5b3ddb86763dc9dcb),platform=Windows NT 6.1.7601 SP1 x86_64) (WARNING: The server did not provide any stacktrace information)
Command duration or timeout: 0 milliseconds
Build info: version: '3.8.1', revision: '6e95a6684b', time: '2017-12-01T18:33:54.468Z'
System info: host: 'LT0021232', ip: '10.51.174.49', os.name: 'Windows 7', os.arch: 'x86', os.version: '6.1', java.version: '1.8.0_60'
Driver info: org.openqa.selenium.chrome.ChromeDriver
Capabilities {acceptInsecureCerts: false, acceptSslCerts: false, applicationCacheEnabled: false, browserConnectionEnabled: false, browserName: chrome, chrome: {chromedriverVersion: 2.38.552522 (437e6fbedfa876..., userDataDir: C:\Users\ANKUR~1.JAI\AppDat...}, cssSelectorsEnabled: true, databaseEnabled: false, handlesAlerts: true, hasTouchScreen: false, javascriptEnabled: true, locationContextEnabled: true, mobileEmulationEnabled: false, nativeEvents: true, networkConnectionEnabled: false, pageLoadStrategy: normal, platform: XP, platformName: XP, rotatable: false, setWindowRect: true, takesHeapSnapshot: true, takesScreenshot: true, unexpectedAlertBehaviour: , unhandledPromptBehavior: , version: 69.0.3497.100, webStorageEnabled: true}
Session ID: c981136c42f11aec577f454296f3b199
Screenshot Captured
Retrying LMW_Tran again and the count is 1
]]></system-out>
  </testcase>
  <testcase name="LMW_Tran" classname="com.ril.feedzai.testScript.BeneficiaryPan_ValidationPageTest" time="0">
    <skipped message="unknown error: Element &lt;a href=&quot;#merchant&quot;&gt;...&lt;/a&gt; is not clickable at point (550, 33). Other element would receive the click: &lt;div id=&quot;select2-drop-mask&quot; class=&quot;select2-drop-mask&quot; style=&quot;display: block;&quot;&gt;&lt;/div&gt;&#10;  (Session info: chrome=69.0.3497.100)&#10;  (Driver info: chromedriver=2.38.552522 (437e6fbedfa8762dec75e2c5b3ddb86763dc9dcb),platform=Windows NT 6.1.7601 SP1 x86_64) (WARNING: The server did not provide any stacktrace information)&#10;Command duration or timeout: 0 milliseconds&#10;Build info: version: &apos;3.8.1&apos;, revision: &apos;6e95a6684b&apos;, time: &apos;2017-12-01T18:33:54.468Z&apos;&#10;System info: host: &apos;LT0021232&apos;, ip: &apos;10.51.174.49&apos;, os.name: &apos;Windows 7&apos;, os.arch: &apos;x86&apos;, os.version: &apos;6.1&apos;, java.version: &apos;1.8.0_60&apos;&#10;Driver info: org.openqa.selenium.chrome.ChromeDriver&#10;Capabilities {acceptInsecureCerts: false, acceptSslCerts: false, applicationCacheEnabled: false, browserConnectionEnabled: false, browserName: chrome, chrome: {chromedriverVersion: 2.38.552522 (437e6fbedfa876..., userDataDir: C:\Users\ANKUR~1.JAI\AppDat...}, cssSelectorsEnabled: true, databaseEnabled: false, handlesAlerts: true, hasTouchScreen: false, javascriptEnabled: true, locationContextEnabled: true, mobileEmulationEnabled: false, nativeEvents: true, networkConnectionEnabled: false, pageLoadStrategy: normal, platform: XP, platformName: XP, rotatable: false, setWindowRect: true, takesHeapSnapshot: true, takesScreenshot: true, unexpectedAlertBehaviour: , unhandledPromptBehavior: , version: 69.0.3497.100, webStorageEnabled: true}&#10;Session ID: c981136c42f11aec577f454296f3b199"/>
    <system-out><![CDATA[===========================================================
Test Case is Skipped,Test Name is:	LMW_Tran
===========================================================
 INFO [main] (FeedzaiTestBaseClass.java:136)- Inside ResultSet
===========================================================
Test Case Execution Started,Test Name is:	LMW_Tran
===========================================================
Trying to find Element By : By.xpath: .//*[@id='navbar']/ul/li[3]/a
Found Element By : By.xpath: .//*[@id='navbar']/ul/li[3]/a
Trying to click on: [[ChromeDriver: chrome on XP (c981136c42f11aec577f454296f3b199)] -> xpath: .//*[@id='navbar']/ul/li[3]/a]
Exception occured: org.openqa.selenium.WebDriverException: unknown error: Element <a href="#merchant">...</a> is not clickable at point (550, 33). Other element would receive the click: <div id="select2-drop-mask" class="select2-drop-mask" style="display: block;"></div>
  (Session info: chrome=69.0.3497.100)
  (Driver info: chromedriver=2.38.552522 (437e6fbedfa8762dec75e2c5b3ddb86763dc9dcb),platform=Windows NT 6.1.7601 SP1 x86_64) (WARNING: The server did not provide any stacktrace information)
Command duration or timeout: 0 milliseconds
Build info: version: '3.8.1', revision: '6e95a6684b', time: '2017-12-01T18:33:54.468Z'
System info: host: 'LT0021232', ip: '10.51.174.49', os.name: 'Windows 7', os.arch: 'x86', os.version: '6.1', java.version: '1.8.0_60'
Driver info: org.openqa.selenium.chrome.ChromeDriver
Capabilities {acceptInsecureCerts: false, acceptSslCerts: false, applicationCacheEnabled: false, browserConnectionEnabled: false, browserName: chrome, chrome: {chromedriverVersion: 2.38.552522 (437e6fbedfa876..., userDataDir: C:\Users\ANKUR~1.JAI\AppDat...}, cssSelectorsEnabled: true, databaseEnabled: false, handlesAlerts: true, hasTouchScreen: false, javascriptEnabled: true, locationContextEnabled: true, mobileEmulationEnabled: false, nativeEvents: true, networkConnectionEnabled: false, pageLoadStrategy: normal, platform: XP, platformName: XP, rotatable: false, setWindowRect: true, takesHeapSnapshot: true, takesScreenshot: true, unexpectedAlertBehaviour: , unhandledPromptBehavior: , version: 69.0.3497.100, webStorageEnabled: true}
Session ID: c981136c42f11aec577f454296f3b199
Screenshot Captured
Retrying LMW_Tran again and the count is 2
]]></system-out>
  </testcase>
  <testcase name="LMW_Tran" classname="com.ril.feedzai.testScript.BeneficiaryPan_ValidationPageTest" time="0.916">
    <failure message="unknown error: Element &lt;a href=&quot;#merchant&quot;&gt;...&lt;/a&gt; is not clickable at point (550, 33). Other element would receive the click: &lt;div id=&quot;select2-drop-mask&quot; class=&quot;select2-drop-mask&quot; style=&quot;display: block;&quot;&gt;&lt;/div&gt;&#10;  (Session info: chrome=69.0.3497.100)&#10;  (Driver info: chromedriver=2.38.552522 (437e6fbedfa8762dec75e2c5b3ddb86763dc9dcb),platform=Windows NT 6.1.7601 SP1 x86_64) (WARNING: The server did not provide any stacktrace information)&#10;Command duration or timeout: 0 milliseconds&#10;Build info: version: &apos;3.8.1&apos;, revision: &apos;6e95a6684b&apos;, time: &apos;2017-12-01T18:33:54.468Z&apos;&#10;System info: host: &apos;LT0021232&apos;, ip: &apos;10.51.174.49&apos;, os.name: &apos;Windows 7&apos;, os.arch: &apos;x86&apos;, os.version: &apos;6.1&apos;, java.version: &apos;1.8.0_60&apos;&#10;Driver info: org.openqa.selenium.chrome.ChromeDriver&#10;Capabilities {acceptInsecureCerts: false, acceptSslCerts: false, applicationCacheEnabled: false, browserConnectionEnabled: false, browserName: chrome, chrome: {chromedriverVersion: 2.38.552522 (437e6fbedfa876..., userDataDir: C:\Users\ANKUR~1.JAI\AppDat...}, cssSelectorsEnabled: true, databaseEnabled: false, handlesAlerts: true, hasTouchScreen: false, javascriptEnabled: true, locationContextEnabled: true, mobileEmulationEnabled: false, nativeEvents: true, networkConnectionEnabled: false, pageLoadStrategy: normal, platform: XP, platformName: XP, rotatable: false, setWindowRect: true, takesHeapSnapshot: true, takesScreenshot: true, unexpectedAlertBehaviour: , unhandledPromptBehavior: , version: 69.0.3497.100, webStorageEnabled: true}&#10;Session ID: c981136c42f11aec577f454296f3b199" type="org.openqa.selenium.WebDriverException"><![CDATA[org.openqa.selenium.WebDriverException: 
unknown error: Element <a href="#merchant">...</a> is not clickable at point (550, 33). Other element would receive the click: <div id="select2-drop-mask" class="select2-drop-mask" style="display: block;"></div>
  (Session info: chrome=69.0.3497.100)
  (Driver info: chromedriver=2.38.552522 (437e6fbedfa8762dec75e2c5b3ddb86763dc9dcb),platform=Windows NT 6.1.7601 SP1 x86_64) (WARNING: The server did not provide any stacktrace information)
Command duration or timeout: 0 milliseconds
Build info: version: '3.8.1', revision: '6e95a6684b', time: '2017-12-01T18:33:54.468Z'
System info: host: 'LT0021232', ip: '10.51.174.49', os.name: 'Windows 7', os.arch: 'x86', os.version: '6.1', java.version: '1.8.0_60'
Driver info: org.openqa.selenium.chrome.ChromeDriver
Capabilities {acceptInsecureCerts: false, acceptSslCerts: false, applicationCacheEnabled: false, browserConnectionEnabled: false, browserName: chrome, chrome: {chromedriverVersion: 2.38.552522 (437e6fbedfa876..., userDataDir: C:\Users\ANKUR~1.JAI\AppDat...}, cssSelectorsEnabled: true, databaseEnabled: false, handlesAlerts: true, hasTouchScreen: false, javascriptEnabled: true, locationContextEnabled: true, mobileEmulationEnabled: false, nativeEvents: true, networkConnectionEnabled: false, pageLoadStrategy: normal, platform: XP, platformName: XP, rotatable: false, setWindowRect: true, takesHeapSnapshot: true, takesScreenshot: true, unexpectedAlertBehaviour: , unhandledPromptBehavior: , version: 69.0.3497.100, webStorageEnabled: true}
Session ID: c981136c42f11aec577f454296f3b199
	at com.ril.feedzai.testScript.BeneficiaryPan_ValidationPageTest.LMW_Tran(BeneficiaryPan_ValidationPageTest.java:74)
]]></failure>
    <system-out><![CDATA[===========================================================
Test Case is Skipped,Test Name is:	LMW_Tran
===========================================================
 INFO [main] (FeedzaiTestBaseClass.java:136)- Inside ResultSet
===========================================================
Test Case Execution Started,Test Name is:	LMW_Tran
===========================================================
Trying to find Element By : By.xpath: .//*[@id='navbar']/ul/li[3]/a
Found Element By : By.xpath: .//*[@id='navbar']/ul/li[3]/a
Trying to click on: [[ChromeDriver: chrome on XP (c981136c42f11aec577f454296f3b199)] -> xpath: .//*[@id='navbar']/ul/li[3]/a]
Exception occured: org.openqa.selenium.WebDriverException: unknown error: Element <a href="#merchant">...</a> is not clickable at point (550, 33). Other element would receive the click: <div id="select2-drop-mask" class="select2-drop-mask" style="display: block;"></div>
  (Session info: chrome=69.0.3497.100)
  (Driver info: chromedriver=2.38.552522 (437e6fbedfa8762dec75e2c5b3ddb86763dc9dcb),platform=Windows NT 6.1.7601 SP1 x86_64) (WARNING: The server did not provide any stacktrace information)
Command duration or timeout: 0 milliseconds
Build info: version: '3.8.1', revision: '6e95a6684b', time: '2017-12-01T18:33:54.468Z'
System info: host: 'LT0021232', ip: '10.51.174.49', os.name: 'Windows 7', os.arch: 'x86', os.version: '6.1', java.version: '1.8.0_60'
Driver info: org.openqa.selenium.chrome.ChromeDriver
Capabilities {acceptInsecureCerts: false, acceptSslCerts: false, applicationCacheEnabled: false, browserConnectionEnabled: false, browserName: chrome, chrome: {chromedriverVersion: 2.38.552522 (437e6fbedfa876..., userDataDir: C:\Users\ANKUR~1.JAI\AppDat...}, cssSelectorsEnabled: true, databaseEnabled: false, handlesAlerts: true, hasTouchScreen: false, javascriptEnabled: true, locationContextEnabled: true, mobileEmulationEnabled: false, nativeEvents: true, networkConnectionEnabled: false, pageLoadStrategy: normal, platform: XP, platformName: XP, rotatable: false, setWindowRect: true, takesHeapSnapshot: true, takesScreenshot: true, unexpectedAlertBehaviour: , unhandledPromptBehavior: , version: 69.0.3497.100, webStorageEnabled: true}
Session ID: c981136c42f11aec577f454296f3b199
Screenshot Captured
]]></system-out>
  </testcase>
  <testcase name="WPP_Tran" classname="com.ril.feedzai.testScript.BeneficiaryPan_ValidationPageTest" time="0">
    <skipped message="unknown error: Element &lt;a href=&quot;#merchant&quot;&gt;...&lt;/a&gt; is not clickable at point (550, 33). Other element would receive the click: &lt;div id=&quot;select2-drop-mask&quot; class=&quot;select2-drop-mask&quot; style=&quot;display: block;&quot;&gt;&lt;/div&gt;&#10;  (Session info: chrome=69.0.3497.100)&#10;  (Driver info: chromedriver=2.38.552522 (437e6fbedfa8762dec75e2c5b3ddb86763dc9dcb),platform=Windows NT 6.1.7601 SP1 x86_64) (WARNING: The server did not provide any stacktrace information)&#10;Command duration or timeout: 0 milliseconds&#10;Build info: version: &apos;3.8.1&apos;, revision: &apos;6e95a6684b&apos;, time: &apos;2017-12-01T18:33:54.468Z&apos;&#10;System info: host: &apos;LT0021232&apos;, ip: &apos;10.51.174.49&apos;, os.name: &apos;Windows 7&apos;, os.arch: &apos;x86&apos;, os.version: &apos;6.1&apos;, java.version: &apos;1.8.0_60&apos;&#10;Driver info: org.openqa.selenium.chrome.ChromeDriver&#10;Capabilities {acceptInsecureCerts: false, acceptSslCerts: false, applicationCacheEnabled: false, browserConnectionEnabled: false, browserName: chrome, chrome: {chromedriverVersion: 2.38.552522 (437e6fbedfa876..., userDataDir: C:\Users\ANKUR~1.JAI\AppDat...}, cssSelectorsEnabled: true, databaseEnabled: false, handlesAlerts: true, hasTouchScreen: false, javascriptEnabled: true, locationContextEnabled: true, mobileEmulationEnabled: false, nativeEvents: true, networkConnectionEnabled: false, pageLoadStrategy: normal, platform: XP, platformName: XP, rotatable: false, setWindowRect: true, takesHeapSnapshot: true, takesScreenshot: true, unexpectedAlertBehaviour: , unhandledPromptBehavior: , version: 69.0.3497.100, webStorageEnabled: true}&#10;Session ID: c981136c42f11aec577f454296f3b199"/>
    <system-out><![CDATA[===========================================================
Test Case Execution Got Failed,Test Name is:	LMW_Tran
===========================================================
 INFO [main] (FeedzaiTestBaseClass.java:136)- Inside ResultSet
Screenshot Captured
===========================================================
Test Case Execution Started,Test Name is:	WPP_Tran
===========================================================
Trying to find Element By : By.xpath: .//*[@id='navbar']/ul/li[3]/a
Found Element By : By.xpath: .//*[@id='navbar']/ul/li[3]/a
Trying to click on: [[ChromeDriver: chrome on XP (c981136c42f11aec577f454296f3b199)] -> xpath: .//*[@id='navbar']/ul/li[3]/a]
Exception occured: org.openqa.selenium.WebDriverException: unknown error: Element <a href="#merchant">...</a> is not clickable at point (550, 33). Other element would receive the click: <div id="select2-drop-mask" class="select2-drop-mask" style="display: block;"></div>
  (Session info: chrome=69.0.3497.100)
  (Driver info: chromedriver=2.38.552522 (437e6fbedfa8762dec75e2c5b3ddb86763dc9dcb),platform=Windows NT 6.1.7601 SP1 x86_64) (WARNING: The server did not provide any stacktrace information)
Command duration or timeout: 0 milliseconds
Build info: version: '3.8.1', revision: '6e95a6684b', time: '2017-12-01T18:33:54.468Z'
System info: host: 'LT0021232', ip: '10.51.174.49', os.name: 'Windows 7', os.arch: 'x86', os.version: '6.1', java.version: '1.8.0_60'
Driver info: org.openqa.selenium.chrome.ChromeDriver
Capabilities {acceptInsecureCerts: false, acceptSslCerts: false, applicationCacheEnabled: false, browserConnectionEnabled: false, browserName: chrome, chrome: {chromedriverVersion: 2.38.552522 (437e6fbedfa876..., userDataDir: C:\Users\ANKUR~1.JAI\AppDat...}, cssSelectorsEnabled: true, databaseEnabled: false, handlesAlerts: true, hasTouchScreen: false, javascriptEnabled: true, locationContextEnabled: true, mobileEmulationEnabled: false, nativeEvents: true, networkConnectionEnabled: false, pageLoadStrategy: normal, platform: XP, platformName: XP, rotatable: false, setWindowRect: true, takesHeapSnapshot: true, takesScreenshot: true, unexpectedAlertBehaviour: , unhandledPromptBehavior: , version: 69.0.3497.100, webStorageEnabled: true}
Session ID: c981136c42f11aec577f454296f3b199
Screenshot Captured
Retrying WPP_Tran again and the count is 1
]]></system-out>
  </testcase>
  <testcase name="WPP_Tran" classname="com.ril.feedzai.testScript.BeneficiaryPan_ValidationPageTest" time="0">
    <skipped message="unknown error: Element &lt;a href=&quot;#merchant&quot;&gt;...&lt;/a&gt; is not clickable at point (550, 33). Other element would receive the click: &lt;div id=&quot;select2-drop-mask&quot; class=&quot;select2-drop-mask&quot; style=&quot;display: block;&quot;&gt;&lt;/div&gt;&#10;  (Session info: chrome=69.0.3497.100)&#10;  (Driver info: chromedriver=2.38.552522 (437e6fbedfa8762dec75e2c5b3ddb86763dc9dcb),platform=Windows NT 6.1.7601 SP1 x86_64) (WARNING: The server did not provide any stacktrace information)&#10;Command duration or timeout: 0 milliseconds&#10;Build info: version: &apos;3.8.1&apos;, revision: &apos;6e95a6684b&apos;, time: &apos;2017-12-01T18:33:54.468Z&apos;&#10;System info: host: &apos;LT0021232&apos;, ip: &apos;10.51.174.49&apos;, os.name: &apos;Windows 7&apos;, os.arch: &apos;x86&apos;, os.version: &apos;6.1&apos;, java.version: &apos;1.8.0_60&apos;&#10;Driver info: org.openqa.selenium.chrome.ChromeDriver&#10;Capabilities {acceptInsecureCerts: false, acceptSslCerts: false, applicationCacheEnabled: false, browserConnectionEnabled: false, browserName: chrome, chrome: {chromedriverVersion: 2.38.552522 (437e6fbedfa876..., userDataDir: C:\Users\ANKUR~1.JAI\AppDat...}, cssSelectorsEnabled: true, databaseEnabled: false, handlesAlerts: true, hasTouchScreen: false, javascriptEnabled: true, locationContextEnabled: true, mobileEmulationEnabled: false, nativeEvents: true, networkConnectionEnabled: false, pageLoadStrategy: normal, platform: XP, platformName: XP, rotatable: false, setWindowRect: true, takesHeapSnapshot: true, takesScreenshot: true, unexpectedAlertBehaviour: , unhandledPromptBehavior: , version: 69.0.3497.100, webStorageEnabled: true}&#10;Session ID: c981136c42f11aec577f454296f3b199"/>
    <system-out><![CDATA[===========================================================
Test Case is Skipped,Test Name is:	WPP_Tran
===========================================================
 INFO [main] (FeedzaiTestBaseClass.java:136)- Inside ResultSet
===========================================================
Test Case Execution Started,Test Name is:	WPP_Tran
===========================================================
Trying to find Element By : By.xpath: .//*[@id='navbar']/ul/li[3]/a
Found Element By : By.xpath: .//*[@id='navbar']/ul/li[3]/a
Trying to click on: [[ChromeDriver: chrome on XP (c981136c42f11aec577f454296f3b199)] -> xpath: .//*[@id='navbar']/ul/li[3]/a]
Exception occured: org.openqa.selenium.WebDriverException: unknown error: Element <a href="#merchant">...</a> is not clickable at point (550, 33). Other element would receive the click: <div id="select2-drop-mask" class="select2-drop-mask" style="display: block;"></div>
  (Session info: chrome=69.0.3497.100)
  (Driver info: chromedriver=2.38.552522 (437e6fbedfa8762dec75e2c5b3ddb86763dc9dcb),platform=Windows NT 6.1.7601 SP1 x86_64) (WARNING: The server did not provide any stacktrace information)
Command duration or timeout: 0 milliseconds
Build info: version: '3.8.1', revision: '6e95a6684b', time: '2017-12-01T18:33:54.468Z'
System info: host: 'LT0021232', ip: '10.51.174.49', os.name: 'Windows 7', os.arch: 'x86', os.version: '6.1', java.version: '1.8.0_60'
Driver info: org.openqa.selenium.chrome.ChromeDriver
Capabilities {acceptInsecureCerts: false, acceptSslCerts: false, applicationCacheEnabled: false, browserConnectionEnabled: false, browserName: chrome, chrome: {chromedriverVersion: 2.38.552522 (437e6fbedfa876..., userDataDir: C:\Users\ANKUR~1.JAI\AppDat...}, cssSelectorsEnabled: true, databaseEnabled: false, handlesAlerts: true, hasTouchScreen: false, javascriptEnabled: true, locationContextEnabled: true, mobileEmulationEnabled: false, nativeEvents: true, networkConnectionEnabled: false, pageLoadStrategy: normal, platform: XP, platformName: XP, rotatable: false, setWindowRect: true, takesHeapSnapshot: true, takesScreenshot: true, unexpectedAlertBehaviour: , unhandledPromptBehavior: , version: 69.0.3497.100, webStorageEnabled: true}
Session ID: c981136c42f11aec577f454296f3b199
Screenshot Captured
Retrying WPP_Tran again and the count is 2
]]></system-out>
  </testcase>
  <testcase name="WPP_Tran" classname="com.ril.feedzai.testScript.BeneficiaryPan_ValidationPageTest" time="1.622">
    <failure message="unknown error: Element &lt;a href=&quot;#merchant&quot;&gt;...&lt;/a&gt; is not clickable at point (550, 33). Other element would receive the click: &lt;div id=&quot;select2-drop-mask&quot; class=&quot;select2-drop-mask&quot; style=&quot;display: block;&quot;&gt;&lt;/div&gt;&#10;  (Session info: chrome=69.0.3497.100)&#10;  (Driver info: chromedriver=2.38.552522 (437e6fbedfa8762dec75e2c5b3ddb86763dc9dcb),platform=Windows NT 6.1.7601 SP1 x86_64) (WARNING: The server did not provide any stacktrace information)&#10;Command duration or timeout: 0 milliseconds&#10;Build info: version: &apos;3.8.1&apos;, revision: &apos;6e95a6684b&apos;, time: &apos;2017-12-01T18:33:54.468Z&apos;&#10;System info: host: &apos;LT0021232&apos;, ip: &apos;10.51.174.49&apos;, os.name: &apos;Windows 7&apos;, os.arch: &apos;x86&apos;, os.version: &apos;6.1&apos;, java.version: &apos;1.8.0_60&apos;&#10;Driver info: org.openqa.selenium.chrome.ChromeDriver&#10;Capabilities {acceptInsecureCerts: false, acceptSslCerts: false, applicationCacheEnabled: false, browserConnectionEnabled: false, browserName: chrome, chrome: {chromedriverVersion: 2.38.552522 (437e6fbedfa876..., userDataDir: C:\Users\ANKUR~1.JAI\AppDat...}, cssSelectorsEnabled: true, databaseEnabled: false, handlesAlerts: true, hasTouchScreen: false, javascriptEnabled: true, locationContextEnabled: true, mobileEmulationEnabled: false, nativeEvents: true, networkConnectionEnabled: false, pageLoadStrategy: normal, platform: XP, platformName: XP, rotatable: false, setWindowRect: true, takesHeapSnapshot: true, takesScreenshot: true, unexpectedAlertBehaviour: , unhandledPromptBehavior: , version: 69.0.3497.100, webStorageEnabled: true}&#10;Session ID: c981136c42f11aec577f454296f3b199" type="org.openqa.selenium.WebDriverException"><![CDATA[org.openqa.selenium.WebDriverException: 
unknown error: Element <a href="#merchant">...</a> is not clickable at point (550, 33). Other element would receive the click: <div id="select2-drop-mask" class="select2-drop-mask" style="display: block;"></div>
  (Session info: chrome=69.0.3497.100)
  (Driver info: chromedriver=2.38.552522 (437e6fbedfa8762dec75e2c5b3ddb86763dc9dcb),platform=Windows NT 6.1.7601 SP1 x86_64) (WARNING: The server did not provide any stacktrace information)
Command duration or timeout: 0 milliseconds
Build info: version: '3.8.1', revision: '6e95a6684b', time: '2017-12-01T18:33:54.468Z'
System info: host: 'LT0021232', ip: '10.51.174.49', os.name: 'Windows 7', os.arch: 'x86', os.version: '6.1', java.version: '1.8.0_60'
Driver info: org.openqa.selenium.chrome.ChromeDriver
Capabilities {acceptInsecureCerts: false, acceptSslCerts: false, applicationCacheEnabled: false, browserConnectionEnabled: false, browserName: chrome, chrome: {chromedriverVersion: 2.38.552522 (437e6fbedfa876..., userDataDir: C:\Users\ANKUR~1.JAI\AppDat...}, cssSelectorsEnabled: true, databaseEnabled: false, handlesAlerts: true, hasTouchScreen: false, javascriptEnabled: true, locationContextEnabled: true, mobileEmulationEnabled: false, nativeEvents: true, networkConnectionEnabled: false, pageLoadStrategy: normal, platform: XP, platformName: XP, rotatable: false, setWindowRect: true, takesHeapSnapshot: true, takesScreenshot: true, unexpectedAlertBehaviour: , unhandledPromptBehavior: , version: 69.0.3497.100, webStorageEnabled: true}
Session ID: c981136c42f11aec577f454296f3b199
	at com.ril.feedzai.testScript.BeneficiaryPan_ValidationPageTest.WPP_Tran(BeneficiaryPan_ValidationPageTest.java:118)
]]></failure>
    <system-out><![CDATA[===========================================================
Test Case is Skipped,Test Name is:	WPP_Tran
===========================================================
 INFO [main] (FeedzaiTestBaseClass.java:136)- Inside ResultSet
===========================================================
Test Case Execution Started,Test Name is:	WPP_Tran
===========================================================
Trying to find Element By : By.xpath: .//*[@id='navbar']/ul/li[3]/a
Found Element By : By.xpath: .//*[@id='navbar']/ul/li[3]/a
Trying to click on: [[ChromeDriver: chrome on XP (c981136c42f11aec577f454296f3b199)] -> xpath: .//*[@id='navbar']/ul/li[3]/a]
Exception occured: org.openqa.selenium.WebDriverException: unknown error: Element <a href="#merchant">...</a> is not clickable at point (550, 33). Other element would receive the click: <div id="select2-drop-mask" class="select2-drop-mask" style="display: block;"></div>
  (Session info: chrome=69.0.3497.100)
  (Driver info: chromedriver=2.38.552522 (437e6fbedfa8762dec75e2c5b3ddb86763dc9dcb),platform=Windows NT 6.1.7601 SP1 x86_64) (WARNING: The server did not provide any stacktrace information)
Command duration or timeout: 0 milliseconds
Build info: version: '3.8.1', revision: '6e95a6684b', time: '2017-12-01T18:33:54.468Z'
System info: host: 'LT0021232', ip: '10.51.174.49', os.name: 'Windows 7', os.arch: 'x86', os.version: '6.1', java.version: '1.8.0_60'
Driver info: org.openqa.selenium.chrome.ChromeDriver
Capabilities {acceptInsecureCerts: false, acceptSslCerts: false, applicationCacheEnabled: false, browserConnectionEnabled: false, browserName: chrome, chrome: {chromedriverVersion: 2.38.552522 (437e6fbedfa876..., userDataDir: C:\Users\ANKUR~1.JAI\AppDat...}, cssSelectorsEnabled: true, databaseEnabled: false, handlesAlerts: true, hasTouchScreen: false, javascriptEnabled: true, locationContextEnabled: true, mobileEmulationEnabled: false, nativeEvents: true, networkConnectionEnabled: false, pageLoadStrategy: normal, platform: XP, platformName: XP, rotatable: false, setWindowRect: true, takesHeapSnapshot: true, takesScreenshot: true, unexpectedAlertBehaviour: , unhandledPromptBehavior: , version: 69.0.3497.100, webStorageEnabled: true}
Session ID: c981136c42f11aec577f454296f3b199
Screenshot Captured
]]></system-out>
  </testcase>
  <testcase name="MPP_Tran" classname="com.ril.feedzai.testScript.BeneficiaryPan_ValidationPageTest" time="0">
    <skipped message="unknown error: Element &lt;a href=&quot;#merchant&quot;&gt;...&lt;/a&gt; is not clickable at point (550, 33). Other element would receive the click: &lt;div id=&quot;select2-drop-mask&quot; class=&quot;select2-drop-mask&quot; style=&quot;display: block;&quot;&gt;&lt;/div&gt;&#10;  (Session info: chrome=69.0.3497.100)&#10;  (Driver info: chromedriver=2.38.552522 (437e6fbedfa8762dec75e2c5b3ddb86763dc9dcb),platform=Windows NT 6.1.7601 SP1 x86_64) (WARNING: The server did not provide any stacktrace information)&#10;Command duration or timeout: 0 milliseconds&#10;Build info: version: &apos;3.8.1&apos;, revision: &apos;6e95a6684b&apos;, time: &apos;2017-12-01T18:33:54.468Z&apos;&#10;System info: host: &apos;LT0021232&apos;, ip: &apos;10.51.174.49&apos;, os.name: &apos;Windows 7&apos;, os.arch: &apos;x86&apos;, os.version: &apos;6.1&apos;, java.version: &apos;1.8.0_60&apos;&#10;Driver info: org.openqa.selenium.chrome.ChromeDriver&#10;Capabilities {acceptInsecureCerts: false, acceptSslCerts: false, applicationCacheEnabled: false, browserConnectionEnabled: false, browserName: chrome, chrome: {chromedriverVersion: 2.38.552522 (437e6fbedfa876..., userDataDir: C:\Users\ANKUR~1.JAI\AppDat...}, cssSelectorsEnabled: true, databaseEnabled: false, handlesAlerts: true, hasTouchScreen: false, javascriptEnabled: true, locationContextEnabled: true, mobileEmulationEnabled: false, nativeEvents: true, networkConnectionEnabled: false, pageLoadStrategy: normal, platform: XP, platformName: XP, rotatable: false, setWindowRect: true, takesHeapSnapshot: true, takesScreenshot: true, unexpectedAlertBehaviour: , unhandledPromptBehavior: , version: 69.0.3497.100, webStorageEnabled: true}&#10;Session ID: c981136c42f11aec577f454296f3b199"/>
    <system-out><![CDATA[===========================================================
Test Case Execution Got Failed,Test Name is:	WPP_Tran
===========================================================
 INFO [main] (FeedzaiTestBaseClass.java:136)- Inside ResultSet
Screenshot Captured
===========================================================
Test Case Execution Started,Test Name is:	MPP_Tran
===========================================================
Trying to find Element By : By.xpath: .//*[@id='navbar']/ul/li[3]/a
Found Element By : By.xpath: .//*[@id='navbar']/ul/li[3]/a
Trying to click on: [[ChromeDriver: chrome on XP (c981136c42f11aec577f454296f3b199)] -> xpath: .//*[@id='navbar']/ul/li[3]/a]
Exception occured: org.openqa.selenium.WebDriverException: unknown error: Element <a href="#merchant">...</a> is not clickable at point (550, 33). Other element would receive the click: <div id="select2-drop-mask" class="select2-drop-mask" style="display: block;"></div>
  (Session info: chrome=69.0.3497.100)
  (Driver info: chromedriver=2.38.552522 (437e6fbedfa8762dec75e2c5b3ddb86763dc9dcb),platform=Windows NT 6.1.7601 SP1 x86_64) (WARNING: The server did not provide any stacktrace information)
Command duration or timeout: 0 milliseconds
Build info: version: '3.8.1', revision: '6e95a6684b', time: '2017-12-01T18:33:54.468Z'
System info: host: 'LT0021232', ip: '10.51.174.49', os.name: 'Windows 7', os.arch: 'x86', os.version: '6.1', java.version: '1.8.0_60'
Driver info: org.openqa.selenium.chrome.ChromeDriver
Capabilities {acceptInsecureCerts: false, acceptSslCerts: false, applicationCacheEnabled: false, browserConnectionEnabled: false, browserName: chrome, chrome: {chromedriverVersion: 2.38.552522 (437e6fbedfa876..., userDataDir: C:\Users\ANKUR~1.JAI\AppDat...}, cssSelectorsEnabled: true, databaseEnabled: false, handlesAlerts: true, hasTouchScreen: false, javascriptEnabled: true, locationContextEnabled: true, mobileEmulationEnabled: false, nativeEvents: true, networkConnectionEnabled: false, pageLoadStrategy: normal, platform: XP, platformName: XP, rotatable: false, setWindowRect: true, takesHeapSnapshot: true, takesScreenshot: true, unexpectedAlertBehaviour: , unhandledPromptBehavior: , version: 69.0.3497.100, webStorageEnabled: true}
Session ID: c981136c42f11aec577f454296f3b199
Screenshot Captured
Retrying MPP_Tran again and the count is 1
]]></system-out>
  </testcase>
  <testcase name="MPP_Tran" classname="com.ril.feedzai.testScript.BeneficiaryPan_ValidationPageTest" time="0">
    <skipped message="unknown error: Element &lt;a href=&quot;#merchant&quot;&gt;...&lt;/a&gt; is not clickable at point (550, 33). Other element would receive the click: &lt;div id=&quot;select2-drop-mask&quot; class=&quot;select2-drop-mask&quot; style=&quot;display: block;&quot;&gt;&lt;/div&gt;&#10;  (Session info: chrome=69.0.3497.100)&#10;  (Driver info: chromedriver=2.38.552522 (437e6fbedfa8762dec75e2c5b3ddb86763dc9dcb),platform=Windows NT 6.1.7601 SP1 x86_64) (WARNING: The server did not provide any stacktrace information)&#10;Command duration or timeout: 0 milliseconds&#10;Build info: version: &apos;3.8.1&apos;, revision: &apos;6e95a6684b&apos;, time: &apos;2017-12-01T18:33:54.468Z&apos;&#10;System info: host: &apos;LT0021232&apos;, ip: &apos;10.51.174.49&apos;, os.name: &apos;Windows 7&apos;, os.arch: &apos;x86&apos;, os.version: &apos;6.1&apos;, java.version: &apos;1.8.0_60&apos;&#10;Driver info: org.openqa.selenium.chrome.ChromeDriver&#10;Capabilities {acceptInsecureCerts: false, acceptSslCerts: false, applicationCacheEnabled: false, browserConnectionEnabled: false, browserName: chrome, chrome: {chromedriverVersion: 2.38.552522 (437e6fbedfa876..., userDataDir: C:\Users\ANKUR~1.JAI\AppDat...}, cssSelectorsEnabled: true, databaseEnabled: false, handlesAlerts: true, hasTouchScreen: false, javascriptEnabled: true, locationContextEnabled: true, mobileEmulationEnabled: false, nativeEvents: true, networkConnectionEnabled: false, pageLoadStrategy: normal, platform: XP, platformName: XP, rotatable: false, setWindowRect: true, takesHeapSnapshot: true, takesScreenshot: true, unexpectedAlertBehaviour: , unhandledPromptBehavior: , version: 69.0.3497.100, webStorageEnabled: true}&#10;Session ID: c981136c42f11aec577f454296f3b199"/>
    <system-out><![CDATA[===========================================================
Test Case is Skipped,Test Name is:	MPP_Tran
===========================================================
 INFO [main] (FeedzaiTestBaseClass.java:136)- Inside ResultSet
===========================================================
Test Case Execution Started,Test Name is:	MPP_Tran
===========================================================
Trying to find Element By : By.xpath: .//*[@id='navbar']/ul/li[3]/a
Found Element By : By.xpath: .//*[@id='navbar']/ul/li[3]/a
Trying to click on: [[ChromeDriver: chrome on XP (c981136c42f11aec577f454296f3b199)] -> xpath: .//*[@id='navbar']/ul/li[3]/a]
Exception occured: org.openqa.selenium.WebDriverException: unknown error: Element <a href="#merchant">...</a> is not clickable at point (550, 33). Other element would receive the click: <div id="select2-drop-mask" class="select2-drop-mask" style="display: block;"></div>
  (Session info: chrome=69.0.3497.100)
  (Driver info: chromedriver=2.38.552522 (437e6fbedfa8762dec75e2c5b3ddb86763dc9dcb),platform=Windows NT 6.1.7601 SP1 x86_64) (WARNING: The server did not provide any stacktrace information)
Command duration or timeout: 0 milliseconds
Build info: version: '3.8.1', revision: '6e95a6684b', time: '2017-12-01T18:33:54.468Z'
System info: host: 'LT0021232', ip: '10.51.174.49', os.name: 'Windows 7', os.arch: 'x86', os.version: '6.1', java.version: '1.8.0_60'
Driver info: org.openqa.selenium.chrome.ChromeDriver
Capabilities {acceptInsecureCerts: false, acceptSslCerts: false, applicationCacheEnabled: false, browserConnectionEnabled: false, browserName: chrome, chrome: {chromedriverVersion: 2.38.552522 (437e6fbedfa876..., userDataDir: C:\Users\ANKUR~1.JAI\AppDat...}, cssSelectorsEnabled: true, databaseEnabled: false, handlesAlerts: true, hasTouchScreen: false, javascriptEnabled: true, locationContextEnabled: true, mobileEmulationEnabled: false, nativeEvents: true, networkConnectionEnabled: false, pageLoadStrategy: normal, platform: XP, platformName: XP, rotatable: false, setWindowRect: true, takesHeapSnapshot: true, takesScreenshot: true, unexpectedAlertBehaviour: , unhandledPromptBehavior: , version: 69.0.3497.100, webStorageEnabled: true}
Session ID: c981136c42f11aec577f454296f3b199
Screenshot Captured
Retrying MPP_Tran again and the count is 2
]]></system-out>
  </testcase>
  <testcase name="MPP_Tran" classname="com.ril.feedzai.testScript.BeneficiaryPan_ValidationPageTest" time="0.843">
    <failure message="unknown error: Element &lt;a href=&quot;#merchant&quot;&gt;...&lt;/a&gt; is not clickable at point (550, 33). Other element would receive the click: &lt;div id=&quot;select2-drop-mask&quot; class=&quot;select2-drop-mask&quot; style=&quot;display: block;&quot;&gt;&lt;/div&gt;&#10;  (Session info: chrome=69.0.3497.100)&#10;  (Driver info: chromedriver=2.38.552522 (437e6fbedfa8762dec75e2c5b3ddb86763dc9dcb),platform=Windows NT 6.1.7601 SP1 x86_64) (WARNING: The server did not provide any stacktrace information)&#10;Command duration or timeout: 0 milliseconds&#10;Build info: version: &apos;3.8.1&apos;, revision: &apos;6e95a6684b&apos;, time: &apos;2017-12-01T18:33:54.468Z&apos;&#10;System info: host: &apos;LT0021232&apos;, ip: &apos;10.51.174.49&apos;, os.name: &apos;Windows 7&apos;, os.arch: &apos;x86&apos;, os.version: &apos;6.1&apos;, java.version: &apos;1.8.0_60&apos;&#10;Driver info: org.openqa.selenium.chrome.ChromeDriver&#10;Capabilities {acceptInsecureCerts: false, acceptSslCerts: false, applicationCacheEnabled: false, browserConnectionEnabled: false, browserName: chrome, chrome: {chromedriverVersion: 2.38.552522 (437e6fbedfa876..., userDataDir: C:\Users\ANKUR~1.JAI\AppDat...}, cssSelectorsEnabled: true, databaseEnabled: false, handlesAlerts: true, hasTouchScreen: false, javascriptEnabled: true, locationContextEnabled: true, mobileEmulationEnabled: false, nativeEvents: true, networkConnectionEnabled: false, pageLoadStrategy: normal, platform: XP, platformName: XP, rotatable: false, setWindowRect: true, takesHeapSnapshot: true, takesScreenshot: true, unexpectedAlertBehaviour: , unhandledPromptBehavior: , version: 69.0.3497.100, webStorageEnabled: true}&#10;Session ID: c981136c42f11aec577f454296f3b199" type="org.openqa.selenium.WebDriverException"><![CDATA[org.openqa.selenium.WebDriverException: 
unknown error: Element <a href="#merchant">...</a> is not clickable at point (550, 33). Other element would receive the click: <div id="select2-drop-mask" class="select2-drop-mask" style="display: block;"></div>
  (Session info: chrome=69.0.3497.100)
  (Driver info: chromedriver=2.38.552522 (437e6fbedfa8762dec75e2c5b3ddb86763dc9dcb),platform=Windows NT 6.1.7601 SP1 x86_64) (WARNING: The server did not provide any stacktrace information)
Command duration or timeout: 0 milliseconds
Build info: version: '3.8.1', revision: '6e95a6684b', time: '2017-12-01T18:33:54.468Z'
System info: host: 'LT0021232', ip: '10.51.174.49', os.name: 'Windows 7', os.arch: 'x86', os.version: '6.1', java.version: '1.8.0_60'
Driver info: org.openqa.selenium.chrome.ChromeDriver
Capabilities {acceptInsecureCerts: false, acceptSslCerts: false, applicationCacheEnabled: false, browserConnectionEnabled: false, browserName: chrome, chrome: {chromedriverVersion: 2.38.552522 (437e6fbedfa876..., userDataDir: C:\Users\ANKUR~1.JAI\AppDat...}, cssSelectorsEnabled: true, databaseEnabled: false, handlesAlerts: true, hasTouchScreen: false, javascriptEnabled: true, locationContextEnabled: true, mobileEmulationEnabled: false, nativeEvents: true, networkConnectionEnabled: false, pageLoadStrategy: normal, platform: XP, platformName: XP, rotatable: false, setWindowRect: true, takesHeapSnapshot: true, takesScreenshot: true, unexpectedAlertBehaviour: , unhandledPromptBehavior: , version: 69.0.3497.100, webStorageEnabled: true}
Session ID: c981136c42f11aec577f454296f3b199
	at com.ril.feedzai.testScript.BeneficiaryPan_ValidationPageTest.MPP_Tran(BeneficiaryPan_ValidationPageTest.java:160)
]]></failure>
    <system-out><![CDATA[===========================================================
Test Case is Skipped,Test Name is:	MPP_Tran
===========================================================
 INFO [main] (FeedzaiTestBaseClass.java:136)- Inside ResultSet
===========================================================
Test Case Execution Started,Test Name is:	MPP_Tran
===========================================================
Trying to find Element By : By.xpath: .//*[@id='navbar']/ul/li[3]/a
Found Element By : By.xpath: .//*[@id='navbar']/ul/li[3]/a
Trying to click on: [[ChromeDriver: chrome on XP (c981136c42f11aec577f454296f3b199)] -> xpath: .//*[@id='navbar']/ul/li[3]/a]
Exception occured: org.openqa.selenium.WebDriverException: unknown error: Element <a href="#merchant">...</a> is not clickable at point (550, 33). Other element would receive the click: <div id="select2-drop-mask" class="select2-drop-mask" style="display: block;"></div>
  (Session info: chrome=69.0.3497.100)
  (Driver info: chromedriver=2.38.552522 (437e6fbedfa8762dec75e2c5b3ddb86763dc9dcb),platform=Windows NT 6.1.7601 SP1 x86_64) (WARNING: The server did not provide any stacktrace information)
Command duration or timeout: 0 milliseconds
Build info: version: '3.8.1', revision: '6e95a6684b', time: '2017-12-01T18:33:54.468Z'
System info: host: 'LT0021232', ip: '10.51.174.49', os.name: 'Windows 7', os.arch: 'x86', os.version: '6.1', java.version: '1.8.0_60'
Driver info: org.openqa.selenium.chrome.ChromeDriver
Capabilities {acceptInsecureCerts: false, acceptSslCerts: false, applicationCacheEnabled: false, browserConnectionEnabled: false, browserName: chrome, chrome: {chromedriverVersion: 2.38.552522 (437e6fbedfa876..., userDataDir: C:\Users\ANKUR~1.JAI\AppDat...}, cssSelectorsEnabled: true, databaseEnabled: false, handlesAlerts: true, hasTouchScreen: false, javascriptEnabled: true, locationContextEnabled: true, mobileEmulationEnabled: false, nativeEvents: true, networkConnectionEnabled: false, pageLoadStrategy: normal, platform: XP, platformName: XP, rotatable: false, setWindowRect: true, takesHeapSnapshot: true, takesScreenshot: true, unexpectedAlertBehaviour: , unhandledPromptBehavior: , version: 69.0.3497.100, webStorageEnabled: true}
Session ID: c981136c42f11aec577f454296f3b199
Screenshot Captured
]]></system-out>
  </testcase>
  <testcase name="IBW_trans_details" classname="com.ril.feedzai.testScript.BeneficiaryPan_ValidationPageTest" time="0">
    <skipped message="unknown error: Element &lt;a href=&quot;#merchant&quot;&gt;...&lt;/a&gt; is not clickable at point (550, 33). Other element would receive the click: &lt;div id=&quot;select2-drop-mask&quot; class=&quot;select2-drop-mask&quot; style=&quot;display: block;&quot;&gt;&lt;/div&gt;&#10;  (Session info: chrome=69.0.3497.100)&#10;  (Driver info: chromedriver=2.38.552522 (437e6fbedfa8762dec75e2c5b3ddb86763dc9dcb),platform=Windows NT 6.1.7601 SP1 x86_64) (WARNING: The server did not provide any stacktrace information)&#10;Command duration or timeout: 0 milliseconds&#10;Build info: version: &apos;3.8.1&apos;, revision: &apos;6e95a6684b&apos;, time: &apos;2017-12-01T18:33:54.468Z&apos;&#10;System info: host: &apos;LT0021232&apos;, ip: &apos;10.51.174.49&apos;, os.name: &apos;Windows 7&apos;, os.arch: &apos;x86&apos;, os.version: &apos;6.1&apos;, java.version: &apos;1.8.0_60&apos;&#10;Driver info: org.openqa.selenium.chrome.ChromeDriver&#10;Capabilities {acceptInsecureCerts: false, acceptSslCerts: false, applicationCacheEnabled: false, browserConnectionEnabled: false, browserName: chrome, chrome: {chromedriverVersion: 2.38.552522 (437e6fbedfa876..., userDataDir: C:\Users\ANKUR~1.JAI\AppDat...}, cssSelectorsEnabled: true, databaseEnabled: false, handlesAlerts: true, hasTouchScreen: false, javascriptEnabled: true, locationContextEnabled: true, mobileEmulationEnabled: false, nativeEvents: true, networkConnectionEnabled: false, pageLoadStrategy: normal, platform: XP, platformName: XP, rotatable: false, setWindowRect: true, takesHeapSnapshot: true, takesScreenshot: true, unexpectedAlertBehaviour: , unhandledPromptBehavior: , version: 69.0.3497.100, webStorageEnabled: true}&#10;Session ID: c981136c42f11aec577f454296f3b199"/>
    <system-out><![CDATA[===========================================================
Test Case Execution Got Failed,Test Name is:	MPP_Tran
===========================================================
 INFO [main] (FeedzaiTestBaseClass.java:136)- Inside ResultSet
Screenshot Captured
===========================================================
Test Case Execution Started,Test Name is:	IBW_trans_details
===========================================================
Trying to find Element By : By.xpath: .//*[@id='navbar']/ul/li[3]/a
Found Element By : By.xpath: .//*[@id='navbar']/ul/li[3]/a
Trying to click on: [[ChromeDriver: chrome on XP (c981136c42f11aec577f454296f3b199)] -> xpath: .//*[@id='navbar']/ul/li[3]/a]
Exception occured: org.openqa.selenium.WebDriverException: unknown error: Element <a href="#merchant">...</a> is not clickable at point (550, 33). Other element would receive the click: <div id="select2-drop-mask" class="select2-drop-mask" style="display: block;"></div>
  (Session info: chrome=69.0.3497.100)
  (Driver info: chromedriver=2.38.552522 (437e6fbedfa8762dec75e2c5b3ddb86763dc9dcb),platform=Windows NT 6.1.7601 SP1 x86_64) (WARNING: The server did not provide any stacktrace information)
Command duration or timeout: 0 milliseconds
Build info: version: '3.8.1', revision: '6e95a6684b', time: '2017-12-01T18:33:54.468Z'
System info: host: 'LT0021232', ip: '10.51.174.49', os.name: 'Windows 7', os.arch: 'x86', os.version: '6.1', java.version: '1.8.0_60'
Driver info: org.openqa.selenium.chrome.ChromeDriver
Capabilities {acceptInsecureCerts: false, acceptSslCerts: false, applicationCacheEnabled: false, browserConnectionEnabled: false, browserName: chrome, chrome: {chromedriverVersion: 2.38.552522 (437e6fbedfa876..., userDataDir: C:\Users\ANKUR~1.JAI\AppDat...}, cssSelectorsEnabled: true, databaseEnabled: false, handlesAlerts: true, hasTouchScreen: false, javascriptEnabled: true, locationContextEnabled: true, mobileEmulationEnabled: false, nativeEvents: true, networkConnectionEnabled: false, pageLoadStrategy: normal, platform: XP, platformName: XP, rotatable: false, setWindowRect: true, takesHeapSnapshot: true, takesScreenshot: true, unexpectedAlertBehaviour: , unhandledPromptBehavior: , version: 69.0.3497.100, webStorageEnabled: true}
Session ID: c981136c42f11aec577f454296f3b199
Screenshot Captured
Retrying IBW_trans_details again and the count is 1
]]></system-out>
  </testcase>
  <testcase name="IBW_trans_details" classname="com.ril.feedzai.testScript.BeneficiaryPan_ValidationPageTest" time="0">
    <skipped message="unknown error: Element &lt;a href=&quot;#merchant&quot;&gt;...&lt;/a&gt; is not clickable at point (550, 33). Other element would receive the click: &lt;div id=&quot;select2-drop-mask&quot; class=&quot;select2-drop-mask&quot; style=&quot;display: block;&quot;&gt;&lt;/div&gt;&#10;  (Session info: chrome=69.0.3497.100)&#10;  (Driver info: chromedriver=2.38.552522 (437e6fbedfa8762dec75e2c5b3ddb86763dc9dcb),platform=Windows NT 6.1.7601 SP1 x86_64) (WARNING: The server did not provide any stacktrace information)&#10;Command duration or timeout: 0 milliseconds&#10;Build info: version: &apos;3.8.1&apos;, revision: &apos;6e95a6684b&apos;, time: &apos;2017-12-01T18:33:54.468Z&apos;&#10;System info: host: &apos;LT0021232&apos;, ip: &apos;10.51.174.49&apos;, os.name: &apos;Windows 7&apos;, os.arch: &apos;x86&apos;, os.version: &apos;6.1&apos;, java.version: &apos;1.8.0_60&apos;&#10;Driver info: org.openqa.selenium.chrome.ChromeDriver&#10;Capabilities {acceptInsecureCerts: false, acceptSslCerts: false, applicationCacheEnabled: false, browserConnectionEnabled: false, browserName: chrome, chrome: {chromedriverVersion: 2.38.552522 (437e6fbedfa876..., userDataDir: C:\Users\ANKUR~1.JAI\AppDat...}, cssSelectorsEnabled: true, databaseEnabled: false, handlesAlerts: true, hasTouchScreen: false, javascriptEnabled: true, locationContextEnabled: true, mobileEmulationEnabled: false, nativeEvents: true, networkConnectionEnabled: false, pageLoadStrategy: normal, platform: XP, platformName: XP, rotatable: false, setWindowRect: true, takesHeapSnapshot: true, takesScreenshot: true, unexpectedAlertBehaviour: , unhandledPromptBehavior: , version: 69.0.3497.100, webStorageEnabled: true}&#10;Session ID: c981136c42f11aec577f454296f3b199"/>
    <system-out><![CDATA[===========================================================
Test Case is Skipped,Test Name is:	IBW_trans_details
===========================================================
 INFO [main] (FeedzaiTestBaseClass.java:136)- Inside ResultSet
===========================================================
Test Case Execution Started,Test Name is:	IBW_trans_details
===========================================================
Trying to find Element By : By.xpath: .//*[@id='navbar']/ul/li[3]/a
Found Element By : By.xpath: .//*[@id='navbar']/ul/li[3]/a
Trying to click on: [[ChromeDriver: chrome on XP (c981136c42f11aec577f454296f3b199)] -> xpath: .//*[@id='navbar']/ul/li[3]/a]
Exception occured: org.openqa.selenium.WebDriverException: unknown error: Element <a href="#merchant">...</a> is not clickable at point (550, 33). Other element would receive the click: <div id="select2-drop-mask" class="select2-drop-mask" style="display: block;"></div>
  (Session info: chrome=69.0.3497.100)
  (Driver info: chromedriver=2.38.552522 (437e6fbedfa8762dec75e2c5b3ddb86763dc9dcb),platform=Windows NT 6.1.7601 SP1 x86_64) (WARNING: The server did not provide any stacktrace information)
Command duration or timeout: 0 milliseconds
Build info: version: '3.8.1', revision: '6e95a6684b', time: '2017-12-01T18:33:54.468Z'
System info: host: 'LT0021232', ip: '10.51.174.49', os.name: 'Windows 7', os.arch: 'x86', os.version: '6.1', java.version: '1.8.0_60'
Driver info: org.openqa.selenium.chrome.ChromeDriver
Capabilities {acceptInsecureCerts: false, acceptSslCerts: false, applicationCacheEnabled: false, browserConnectionEnabled: false, browserName: chrome, chrome: {chromedriverVersion: 2.38.552522 (437e6fbedfa876..., userDataDir: C:\Users\ANKUR~1.JAI\AppDat...}, cssSelectorsEnabled: true, databaseEnabled: false, handlesAlerts: true, hasTouchScreen: false, javascriptEnabled: true, locationContextEnabled: true, mobileEmulationEnabled: false, nativeEvents: true, networkConnectionEnabled: false, pageLoadStrategy: normal, platform: XP, platformName: XP, rotatable: false, setWindowRect: true, takesHeapSnapshot: true, takesScreenshot: true, unexpectedAlertBehaviour: , unhandledPromptBehavior: , version: 69.0.3497.100, webStorageEnabled: true}
Session ID: c981136c42f11aec577f454296f3b199
Screenshot Captured
Retrying IBW_trans_details again and the count is 2
]]></system-out>
  </testcase>
  <testcase name="IBW_trans_details" classname="com.ril.feedzai.testScript.BeneficiaryPan_ValidationPageTest" time="0.845">
    <failure message="unknown error: Element &lt;a href=&quot;#merchant&quot;&gt;...&lt;/a&gt; is not clickable at point (550, 33). Other element would receive the click: &lt;div id=&quot;select2-drop-mask&quot; class=&quot;select2-drop-mask&quot; style=&quot;display: block;&quot;&gt;&lt;/div&gt;&#10;  (Session info: chrome=69.0.3497.100)&#10;  (Driver info: chromedriver=2.38.552522 (437e6fbedfa8762dec75e2c5b3ddb86763dc9dcb),platform=Windows NT 6.1.7601 SP1 x86_64) (WARNING: The server did not provide any stacktrace information)&#10;Command duration or timeout: 0 milliseconds&#10;Build info: version: &apos;3.8.1&apos;, revision: &apos;6e95a6684b&apos;, time: &apos;2017-12-01T18:33:54.468Z&apos;&#10;System info: host: &apos;LT0021232&apos;, ip: &apos;10.51.174.49&apos;, os.name: &apos;Windows 7&apos;, os.arch: &apos;x86&apos;, os.version: &apos;6.1&apos;, java.version: &apos;1.8.0_60&apos;&#10;Driver info: org.openqa.selenium.chrome.ChromeDriver&#10;Capabilities {acceptInsecureCerts: false, acceptSslCerts: false, applicationCacheEnabled: false, browserConnectionEnabled: false, browserName: chrome, chrome: {chromedriverVersion: 2.38.552522 (437e6fbedfa876..., userDataDir: C:\Users\ANKUR~1.JAI\AppDat...}, cssSelectorsEnabled: true, databaseEnabled: false, handlesAlerts: true, hasTouchScreen: false, javascriptEnabled: true, locationContextEnabled: true, mobileEmulationEnabled: false, nativeEvents: true, networkConnectionEnabled: false, pageLoadStrategy: normal, platform: XP, platformName: XP, rotatable: false, setWindowRect: true, takesHeapSnapshot: true, takesScreenshot: true, unexpectedAlertBehaviour: , unhandledPromptBehavior: , version: 69.0.3497.100, webStorageEnabled: true}&#10;Session ID: c981136c42f11aec577f454296f3b199" type="org.openqa.selenium.WebDriverException"><![CDATA[org.openqa.selenium.WebDriverException: 
unknown error: Element <a href="#merchant">...</a> is not clickable at point (550, 33). Other element would receive the click: <div id="select2-drop-mask" class="select2-drop-mask" style="display: block;"></div>
  (Session info: chrome=69.0.3497.100)
  (Driver info: chromedriver=2.38.552522 (437e6fbedfa8762dec75e2c5b3ddb86763dc9dcb),platform=Windows NT 6.1.7601 SP1 x86_64) (WARNING: The server did not provide any stacktrace information)
Command duration or timeout: 0 milliseconds
Build info: version: '3.8.1', revision: '6e95a6684b', time: '2017-12-01T18:33:54.468Z'
System info: host: 'LT0021232', ip: '10.51.174.49', os.name: 'Windows 7', os.arch: 'x86', os.version: '6.1', java.version: '1.8.0_60'
Driver info: org.openqa.selenium.chrome.ChromeDriver
Capabilities {acceptInsecureCerts: false, acceptSslCerts: false, applicationCacheEnabled: false, browserConnectionEnabled: false, browserName: chrome, chrome: {chromedriverVersion: 2.38.552522 (437e6fbedfa876..., userDataDir: C:\Users\ANKUR~1.JAI\AppDat...}, cssSelectorsEnabled: true, databaseEnabled: false, handlesAlerts: true, hasTouchScreen: false, javascriptEnabled: true, locationContextEnabled: true, mobileEmulationEnabled: false, nativeEvents: true, networkConnectionEnabled: false, pageLoadStrategy: normal, platform: XP, platformName: XP, rotatable: false, setWindowRect: true, takesHeapSnapshot: true, takesScreenshot: true, unexpectedAlertBehaviour: , unhandledPromptBehavior: , version: 69.0.3497.100, webStorageEnabled: true}
Session ID: c981136c42f11aec577f454296f3b199
	at com.ril.feedzai.testScript.BeneficiaryPan_ValidationPageTest.IBW_trans_details(BeneficiaryPan_ValidationPageTest.java:190)
]]></failure>
    <system-out><![CDATA[===========================================================
Test Case is Skipped,Test Name is:	IBW_trans_details
===========================================================
 INFO [main] (FeedzaiTestBaseClass.java:136)- Inside ResultSet
===========================================================
Test Case Execution Started,Test Name is:	IBW_trans_details
===========================================================
Trying to find Element By : By.xpath: .//*[@id='navbar']/ul/li[3]/a
Found Element By : By.xpath: .//*[@id='navbar']/ul/li[3]/a
Trying to click on: [[ChromeDriver: chrome on XP (c981136c42f11aec577f454296f3b199)] -> xpath: .//*[@id='navbar']/ul/li[3]/a]
Exception occured: org.openqa.selenium.WebDriverException: unknown error: Element <a href="#merchant">...</a> is not clickable at point (550, 33). Other element would receive the click: <div id="select2-drop-mask" class="select2-drop-mask" style="display: block;"></div>
  (Session info: chrome=69.0.3497.100)
  (Driver info: chromedriver=2.38.552522 (437e6fbedfa8762dec75e2c5b3ddb86763dc9dcb),platform=Windows NT 6.1.7601 SP1 x86_64) (WARNING: The server did not provide any stacktrace information)
Command duration or timeout: 0 milliseconds
Build info: version: '3.8.1', revision: '6e95a6684b', time: '2017-12-01T18:33:54.468Z'
System info: host: 'LT0021232', ip: '10.51.174.49', os.name: 'Windows 7', os.arch: 'x86', os.version: '6.1', java.version: '1.8.0_60'
Driver info: org.openqa.selenium.chrome.ChromeDriver
Capabilities {acceptInsecureCerts: false, acceptSslCerts: false, applicationCacheEnabled: false, browserConnectionEnabled: false, browserName: chrome, chrome: {chromedriverVersion: 2.38.552522 (437e6fbedfa876..., userDataDir: C:\Users\ANKUR~1.JAI\AppDat...}, cssSelectorsEnabled: true, databaseEnabled: false, handlesAlerts: true, hasTouchScreen: false, javascriptEnabled: true, locationContextEnabled: true, mobileEmulationEnabled: false, nativeEvents: true, networkConnectionEnabled: false, pageLoadStrategy: normal, platform: XP, platformName: XP, rotatable: false, setWindowRect: true, takesHeapSnapshot: true, takesScreenshot: true, unexpectedAlertBehaviour: , unhandledPromptBehavior: , version: 69.0.3497.100, webStorageEnabled: true}
Session ID: c981136c42f11aec577f454296f3b199
Screenshot Captured
]]></system-out>
  </testcase>
  <testcase name="FeedzaiPulse" classname="com.ril.feedzai.testScript.FeedzaiPulseHomePageTest" time="5.521">
    <failure message="unknown error: Element &lt;a class=&quot;dropdown-toggle fdz-user-dropdown&quot;&gt;...&lt;/a&gt; is not clickable at point (1260, 33). Other element would receive the click: &lt;div id=&quot;select2-drop-mask&quot; class=&quot;select2-drop-mask&quot; style=&quot;display: block;&quot;&gt;&lt;/div&gt;&#10;  (Session info: chrome=69.0.3497.100)&#10;  (Driver info: chromedriver=2.38.552522 (437e6fbedfa8762dec75e2c5b3ddb86763dc9dcb),platform=Windows NT 6.1.7601 SP1 x86_64) (WARNING: The server did not provide any stacktrace information)&#10;Command duration or timeout: 0 milliseconds&#10;Build info: version: &apos;3.8.1&apos;, revision: &apos;6e95a6684b&apos;, time: &apos;2017-12-01T18:33:54.468Z&apos;&#10;System info: host: &apos;LT0021232&apos;, ip: &apos;10.51.174.49&apos;, os.name: &apos;Windows 7&apos;, os.arch: &apos;x86&apos;, os.version: &apos;6.1&apos;, java.version: &apos;1.8.0_60&apos;&#10;Driver info: org.openqa.selenium.chrome.ChromeDriver&#10;Capabilities {acceptInsecureCerts: false, acceptSslCerts: false, applicationCacheEnabled: false, browserConnectionEnabled: false, browserName: chrome, chrome: {chromedriverVersion: 2.38.552522 (437e6fbedfa876..., userDataDir: C:\Users\ANKUR~1.JAI\AppDat...}, cssSelectorsEnabled: true, databaseEnabled: false, handlesAlerts: true, hasTouchScreen: false, javascriptEnabled: true, locationContextEnabled: true, mobileEmulationEnabled: false, nativeEvents: true, networkConnectionEnabled: false, pageLoadStrategy: normal, platform: XP, platformName: XP, rotatable: false, setWindowRect: true, takesHeapSnapshot: true, takesScreenshot: true, unexpectedAlertBehaviour: , unhandledPromptBehavior: , version: 69.0.3497.100, webStorageEnabled: true}&#10;Session ID: c981136c42f11aec577f454296f3b199" type="org.openqa.selenium.WebDriverException"><![CDATA[org.openqa.selenium.WebDriverException: 
unknown error: Element <a class="dropdown-toggle fdz-user-dropdown">...</a> is not clickable at point (1260, 33). Other element would receive the click: <div id="select2-drop-mask" class="select2-drop-mask" style="display: block;"></div>
  (Session info: chrome=69.0.3497.100)
  (Driver info: chromedriver=2.38.552522 (437e6fbedfa8762dec75e2c5b3ddb86763dc9dcb),platform=Windows NT 6.1.7601 SP1 x86_64) (WARNING: The server did not provide any stacktrace information)
Command duration or timeout: 0 milliseconds
Build info: version: '3.8.1', revision: '6e95a6684b', time: '2017-12-01T18:33:54.468Z'
System info: host: 'LT0021232', ip: '10.51.174.49', os.name: 'Windows 7', os.arch: 'x86', os.version: '6.1', java.version: '1.8.0_60'
Driver info: org.openqa.selenium.chrome.ChromeDriver
Capabilities {acceptInsecureCerts: false, acceptSslCerts: false, applicationCacheEnabled: false, browserConnectionEnabled: false, browserName: chrome, chrome: {chromedriverVersion: 2.38.552522 (437e6fbedfa876..., userDataDir: C:\Users\ANKUR~1.JAI\AppDat...}, cssSelectorsEnabled: true, databaseEnabled: false, handlesAlerts: true, hasTouchScreen: false, javascriptEnabled: true, locationContextEnabled: true, mobileEmulationEnabled: false, nativeEvents: true, networkConnectionEnabled: false, pageLoadStrategy: normal, platform: XP, platformName: XP, rotatable: false, setWindowRect: true, takesHeapSnapshot: true, takesScreenshot: true, unexpectedAlertBehaviour: , unhandledPromptBehavior: , version: 69.0.3497.100, webStorageEnabled: true}
Session ID: c981136c42f11aec577f454296f3b199
	at com.ril.feedzai.testScript.FeedzaiPulseHomePageTest.FeedzaiPulse(FeedzaiPulseHomePageTest.java:28)
]]></failure>
    <system-out><![CDATA[===========================================================
Test Case Execution Got Failed,Test Name is:	IBW_trans_details
===========================================================
 INFO [main] (FeedzaiTestBaseClass.java:136)- Inside ResultSet
Screenshot Captured
 INFO [main] (FeedzaiPulseHomePageTest.java:26)- Moved to Feedzai Pulse Page
Trying to find Element By : By.xpath: //a[@class='dropdown-toggle fdz-user-dropdown']
Found Element By : By.xpath: //a[@class='dropdown-toggle fdz-user-dropdown']
Trying to click on: [[ChromeDriver: chrome on XP (c981136c42f11aec577f454296f3b199)] -> xpath: //a[@class='dropdown-toggle fdz-user-dropdown']]
Exception occured: org.openqa.selenium.WebDriverException: unknown error: Element <a class="dropdown-toggle fdz-user-dropdown">...</a> is not clickable at point (1260, 33). Other element would receive the click: <div id="select2-drop-mask" class="select2-drop-mask" style="display: block;"></div>
  (Session info: chrome=69.0.3497.100)
  (Driver info: chromedriver=2.38.552522 (437e6fbedfa8762dec75e2c5b3ddb86763dc9dcb),platform=Windows NT 6.1.7601 SP1 x86_64) (WARNING: The server did not provide any stacktrace information)
Command duration or timeout: 0 milliseconds
Build info: version: '3.8.1', revision: '6e95a6684b', time: '2017-12-01T18:33:54.468Z'
System info: host: 'LT0021232', ip: '10.51.174.49', os.name: 'Windows 7', os.arch: 'x86', os.version: '6.1', java.version: '1.8.0_60'
Driver info: org.openqa.selenium.chrome.ChromeDriver
Capabilities {acceptInsecureCerts: false, acceptSslCerts: false, applicationCacheEnabled: false, browserConnectionEnabled: false, browserName: chrome, chrome: {chromedriverVersion: 2.38.552522 (437e6fbedfa876..., userDataDir: C:\Users\ANKUR~1.JAI\AppDat...}, cssSelectorsEnabled: true, databaseEnabled: false, handlesAlerts: true, hasTouchScreen: false, javascriptEnabled: true, locationContextEnabled: true, mobileEmulationEnabled: false, nativeEvents: true, networkConnectionEnabled: false, pageLoadStrategy: normal, platform: XP, platformName: XP, rotatable: false, setWindowRect: true, takesHeapSnapshot: true, takesScreenshot: true, unexpectedAlertBehaviour: , unhandledPromptBehavior: , version: 69.0.3497.100, webStorageEnabled: true}
Session ID: c981136c42f11aec577f454296f3b199
Screenshot Captured
]]></system-out>
  </testcase>
  <testcase name="Health" classname="com.ril.feedzai.testScript.FeedzaiPulseHomePageTest" time="0">
    <skipped message="unknown error: Element &lt;a class=&quot;dropdown-toggle fdz-user-dropdown&quot;&gt;...&lt;/a&gt; is not clickable at point (1260, 33). Other element would receive the click: &lt;div id=&quot;select2-drop-mask&quot; class=&quot;select2-drop-mask&quot; style=&quot;display: block;&quot;&gt;&lt;/div&gt;&#10;  (Session info: chrome=69.0.3497.100)&#10;  (Driver info: chromedriver=2.38.552522 (437e6fbedfa8762dec75e2c5b3ddb86763dc9dcb),platform=Windows NT 6.1.7601 SP1 x86_64) (WARNING: The server did not provide any stacktrace information)&#10;Command duration or timeout: 0 milliseconds&#10;Build info: version: &apos;3.8.1&apos;, revision: &apos;6e95a6684b&apos;, time: &apos;2017-12-01T18:33:54.468Z&apos;&#10;System info: host: &apos;LT0021232&apos;, ip: &apos;10.51.174.49&apos;, os.name: &apos;Windows 7&apos;, os.arch: &apos;x86&apos;, os.version: &apos;6.1&apos;, java.version: &apos;1.8.0_60&apos;&#10;Driver info: org.openqa.selenium.chrome.ChromeDriver&#10;Capabilities {acceptInsecureCerts: false, acceptSslCerts: false, applicationCacheEnabled: false, browserConnectionEnabled: false, browserName: chrome, chrome: {chromedriverVersion: 2.38.552522 (437e6fbedfa876..., userDataDir: C:\Users\ANKUR~1.JAI\AppDat...}, cssSelectorsEnabled: true, databaseEnabled: false, handlesAlerts: true, hasTouchScreen: false, javascriptEnabled: true, locationContextEnabled: true, mobileEmulationEnabled: false, nativeEvents: true, networkConnectionEnabled: false, pageLoadStrategy: normal, platform: XP, platformName: XP, rotatable: false, setWindowRect: true, takesHeapSnapshot: true, takesScreenshot: true, unexpectedAlertBehaviour: , unhandledPromptBehavior: , version: 69.0.3497.100, webStorageEnabled: true}&#10;Session ID: c981136c42f11aec577f454296f3b199"/>
  </testcase>
  <testcase name="getResult" classname="com.ril.feedzai.testScript.FeedzaiPulseHomePageTest" time="0">
    <skipped/>
    <system-out><![CDATA[===========================================================
Test Case is Skipped,Test Name is:	Health
===========================================================
]]></system-out>
  </testcase>
  <testcase name="getResult" classname="com.ril.feedzai.testScript.FeedzaiPulseHomePageTest" time="0">
    <skipped/>
    <system-out><![CDATA[===========================================================
Test Case is Skipped,Test Name is:	Version
===========================================================
]]></system-out>
  </testcase>
  <testcase name="getResult" classname="com.ril.feedzai.testScript.FeedzaiPulseHomePageTest" time="0">
    <skipped/>
    <system-out><![CDATA[===========================================================
Test Case is Skipped,Test Name is:	Job
===========================================================
]]></system-out>
  </testcase>
  <testcase name="getResult" classname="com.ril.feedzai.testScript.FeedzaiPulseHomePageTest" time="0">
    <skipped/>
    <system-out><![CDATA[===========================================================
Test Case is Skipped,Test Name is:	TimeMachine
===========================================================
]]></system-out>
  </testcase>
  <testcase name="getResult" classname="com.ril.feedzai.testScript.FeedzaiPulseHomePageTest" time="0">
    <skipped/>
    <system-out><![CDATA[===========================================================
Test Case is Skipped,Test Name is:	Logout
===========================================================
]]></system-out>
  </testcase>
  <testcase name="Version" classname="com.ril.feedzai.testScript.FeedzaiPulseHomePageTest" time="0">
    <skipped message="unknown error: Element &lt;a class=&quot;dropdown-toggle fdz-user-dropdown&quot;&gt;...&lt;/a&gt; is not clickable at point (1260, 33). Other element would receive the click: &lt;div id=&quot;select2-drop-mask&quot; class=&quot;select2-drop-mask&quot; style=&quot;display: block;&quot;&gt;&lt;/div&gt;&#10;  (Session info: chrome=69.0.3497.100)&#10;  (Driver info: chromedriver=2.38.552522 (437e6fbedfa8762dec75e2c5b3ddb86763dc9dcb),platform=Windows NT 6.1.7601 SP1 x86_64) (WARNING: The server did not provide any stacktrace information)&#10;Command duration or timeout: 0 milliseconds&#10;Build info: version: &apos;3.8.1&apos;, revision: &apos;6e95a6684b&apos;, time: &apos;2017-12-01T18:33:54.468Z&apos;&#10;System info: host: &apos;LT0021232&apos;, ip: &apos;10.51.174.49&apos;, os.name: &apos;Windows 7&apos;, os.arch: &apos;x86&apos;, os.version: &apos;6.1&apos;, java.version: &apos;1.8.0_60&apos;&#10;Driver info: org.openqa.selenium.chrome.ChromeDriver&#10;Capabilities {acceptInsecureCerts: false, acceptSslCerts: false, applicationCacheEnabled: false, browserConnectionEnabled: false, browserName: chrome, chrome: {chromedriverVersion: 2.38.552522 (437e6fbedfa876..., userDataDir: C:\Users\ANKUR~1.JAI\AppDat...}, cssSelectorsEnabled: true, databaseEnabled: false, handlesAlerts: true, hasTouchScreen: false, javascriptEnabled: true, locationContextEnabled: true, mobileEmulationEnabled: false, nativeEvents: true, networkConnectionEnabled: false, pageLoadStrategy: normal, platform: XP, platformName: XP, rotatable: false, setWindowRect: true, takesHeapSnapshot: true, takesScreenshot: true, unexpectedAlertBehaviour: , unhandledPromptBehavior: , version: 69.0.3497.100, webStorageEnabled: true}&#10;Session ID: c981136c42f11aec577f454296f3b199"/>
  </testcase>
  <testcase name="Job" classname="com.ril.feedzai.testScript.FeedzaiPulseHomePageTest" time="0">
    <skipped message="unknown error: Element &lt;a class=&quot;dropdown-toggle fdz-user-dropdown&quot;&gt;...&lt;/a&gt; is not clickable at point (1260, 33). Other element would receive the click: &lt;div id=&quot;select2-drop-mask&quot; class=&quot;select2-drop-mask&quot; style=&quot;display: block;&quot;&gt;&lt;/div&gt;&#10;  (Session info: chrome=69.0.3497.100)&#10;  (Driver info: chromedriver=2.38.552522 (437e6fbedfa8762dec75e2c5b3ddb86763dc9dcb),platform=Windows NT 6.1.7601 SP1 x86_64) (WARNING: The server did not provide any stacktrace information)&#10;Command duration or timeout: 0 milliseconds&#10;Build info: version: &apos;3.8.1&apos;, revision: &apos;6e95a6684b&apos;, time: &apos;2017-12-01T18:33:54.468Z&apos;&#10;System info: host: &apos;LT0021232&apos;, ip: &apos;10.51.174.49&apos;, os.name: &apos;Windows 7&apos;, os.arch: &apos;x86&apos;, os.version: &apos;6.1&apos;, java.version: &apos;1.8.0_60&apos;&#10;Driver info: org.openqa.selenium.chrome.ChromeDriver&#10;Capabilities {acceptInsecureCerts: false, acceptSslCerts: false, applicationCacheEnabled: false, browserConnectionEnabled: false, browserName: chrome, chrome: {chromedriverVersion: 2.38.552522 (437e6fbedfa876..., userDataDir: C:\Users\ANKUR~1.JAI\AppDat...}, cssSelectorsEnabled: true, databaseEnabled: false, handlesAlerts: true, hasTouchScreen: false, javascriptEnabled: true, locationContextEnabled: true, mobileEmulationEnabled: false, nativeEvents: true, networkConnectionEnabled: false, pageLoadStrategy: normal, platform: XP, platformName: XP, rotatable: false, setWindowRect: true, takesHeapSnapshot: true, takesScreenshot: true, unexpectedAlertBehaviour: , unhandledPromptBehavior: , version: 69.0.3497.100, webStorageEnabled: true}&#10;Session ID: c981136c42f11aec577f454296f3b199"/>
  </testcase>
  <testcase name="TimeMachine" classname="com.ril.feedzai.testScript.FeedzaiPulseHomePageTest" time="0">
    <skipped message="unknown error: Element &lt;a class=&quot;dropdown-toggle fdz-user-dropdown&quot;&gt;...&lt;/a&gt; is not clickable at point (1260, 33). Other element would receive the click: &lt;div id=&quot;select2-drop-mask&quot; class=&quot;select2-drop-mask&quot; style=&quot;display: block;&quot;&gt;&lt;/div&gt;&#10;  (Session info: chrome=69.0.3497.100)&#10;  (Driver info: chromedriver=2.38.552522 (437e6fbedfa8762dec75e2c5b3ddb86763dc9dcb),platform=Windows NT 6.1.7601 SP1 x86_64) (WARNING: The server did not provide any stacktrace information)&#10;Command duration or timeout: 0 milliseconds&#10;Build info: version: &apos;3.8.1&apos;, revision: &apos;6e95a6684b&apos;, time: &apos;2017-12-01T18:33:54.468Z&apos;&#10;System info: host: &apos;LT0021232&apos;, ip: &apos;10.51.174.49&apos;, os.name: &apos;Windows 7&apos;, os.arch: &apos;x86&apos;, os.version: &apos;6.1&apos;, java.version: &apos;1.8.0_60&apos;&#10;Driver info: org.openqa.selenium.chrome.ChromeDriver&#10;Capabilities {acceptInsecureCerts: false, acceptSslCerts: false, applicationCacheEnabled: false, browserConnectionEnabled: false, browserName: chrome, chrome: {chromedriverVersion: 2.38.552522 (437e6fbedfa876..., userDataDir: C:\Users\ANKUR~1.JAI\AppDat...}, cssSelectorsEnabled: true, databaseEnabled: false, handlesAlerts: true, hasTouchScreen: false, javascriptEnabled: true, locationContextEnabled: true, mobileEmulationEnabled: false, nativeEvents: true, networkConnectionEnabled: false, pageLoadStrategy: normal, platform: XP, platformName: XP, rotatable: false, setWindowRect: true, takesHeapSnapshot: true, takesScreenshot: true, unexpectedAlertBehaviour: , unhandledPromptBehavior: , version: 69.0.3497.100, webStorageEnabled: true}&#10;Session ID: c981136c42f11aec577f454296f3b199"/>
  </testcase>
  <testcase name="Logout" classname="com.ril.feedzai.testScript.FeedzaiPulseHomePageTest" time="0">
    <skipped message="unknown error: Element &lt;a class=&quot;dropdown-toggle fdz-user-dropdown&quot;&gt;...&lt;/a&gt; is not clickable at point (1260, 33). Other element would receive the click: &lt;div id=&quot;select2-drop-mask&quot; class=&quot;select2-drop-mask&quot; style=&quot;display: block;&quot;&gt;&lt;/div&gt;&#10;  (Session info: chrome=69.0.3497.100)&#10;  (Driver info: chromedriver=2.38.552522 (437e6fbedfa8762dec75e2c5b3ddb86763dc9dcb),platform=Windows NT 6.1.7601 SP1 x86_64) (WARNING: The server did not provide any stacktrace information)&#10;Command duration or timeout: 0 milliseconds&#10;Build info: version: &apos;3.8.1&apos;, revision: &apos;6e95a6684b&apos;, time: &apos;2017-12-01T18:33:54.468Z&apos;&#10;System info: host: &apos;LT0021232&apos;, ip: &apos;10.51.174.49&apos;, os.name: &apos;Windows 7&apos;, os.arch: &apos;x86&apos;, os.version: &apos;6.1&apos;, java.version: &apos;1.8.0_60&apos;&#10;Driver info: org.openqa.selenium.chrome.ChromeDriver&#10;Capabilities {acceptInsecureCerts: false, acceptSslCerts: false, applicationCacheEnabled: false, browserConnectionEnabled: false, browserName: chrome, chrome: {chromedriverVersion: 2.38.552522 (437e6fbedfa876..., userDataDir: C:\Users\ANKUR~1.JAI\AppDat...}, cssSelectorsEnabled: true, databaseEnabled: false, handlesAlerts: true, hasTouchScreen: false, javascriptEnabled: true, locationContextEnabled: true, mobileEmulationEnabled: false, nativeEvents: true, networkConnectionEnabled: false, pageLoadStrategy: normal, platform: XP, platformName: XP, rotatable: false, setWindowRect: true, takesHeapSnapshot: true, takesScreenshot: true, unexpectedAlertBehaviour: , unhandledPromptBehavior: , version: 69.0.3497.100, webStorageEnabled: true}&#10;Session ID: c981136c42f11aec577f454296f3b199"/>
  </testcase>
  <testcase name="Alert" classname="com.ril.feedzai.testScript.FeedzaiPulseHomePageTest" time="0">
    <skipped/>
  </testcase>
  <testcase name="endReport" classname="com.ril.feedzai.testScript.LoginPageTest" time="0">
    <skipped/>
  </testcase>
</testsuite>