<?xml version="1.0" encoding="UTF-8"?>
<!-- Generated by org.testng.reporters.JUnitReportReporter -->
<testsuite skipped="3" hostname="LT0021232" name="com.ril.Feedzai.BaseClass.FeedzaiAMViewAlert" tests="4" failures="0" timestamp="22 May 2018 10:13:09 GMT" time="8.276" errors="1">
  <testcase name="TestDataSetup" time="8.276" classname="com.ril.Feedzai.BaseClass.FeedzaiAMViewAlert">
    <error type="java.lang.NoClassDefFoundError" message="com/aventstack/extentreports/reporter/ExtentHtmlReporter">
      <![CDATA[java.lang.NoClassDefFoundError: com/aventstack/extentreports/reporter/ExtentHtmlReporter
at com.ril.Feedzai.BaseClass.feedzai_AM_Login.TestDataSetup(feedzai_AM_Login.java:52)
at sun.reflect.NativeMethodAccessorImpl.invoke0(Native Method)
at sun.reflect.NativeMethodAccessorImpl.invoke(NativeMethodAccessorImpl.java:62)
at sun.reflect.DelegatingMethodAccessorImpl.invoke(DelegatingMethodAccessorImpl.java:43)
at java.lang.reflect.Method.invoke(Method.java:497)
at org.testng.internal.MethodInvocationHelper.invokeMethod(MethodInvocationHelper.java:124)
at org.testng.internal.MethodInvocationHelper.invokeMethodConsideringTimeout(MethodInvocationHelper.java:59)
at org.testng.internal.Invoker.invokeConfigurationMethod(Invoker.java:455)
at org.testng.internal.Invoker.invokeConfigurations(Invoker.java:222)
at org.testng.internal.Invoker.invokeConfigurations(Invoker.java:142)
at org.testng.TestRunner.beforeRun(TestRunner.java:529)
at org.testng.TestRunner.run(TestRunner.java:497)
at org.testng.SuiteRunner.runTest(SuiteRunner.java:455)
at org.testng.SuiteRunner.runSequentially(SuiteRunner.java:450)
at org.testng.SuiteRunner.privateRun(SuiteRunner.java:415)
at org.testng.SuiteRunner.run(SuiteRunner.java:364)
at org.testng.SuiteRunnerWorker.runSuite(SuiteRunnerWorker.java:52)
at org.testng.SuiteRunnerWorker.run(SuiteRunnerWorker.java:84)
at org.testng.TestNG.runSuitesSequentially(TestNG.java:1208)
at org.testng.TestNG.runSuitesLocally(TestNG.java:1137)
at org.testng.TestNG.runSuites(TestNG.java:1049)
at org.testng.TestNG.run(TestNG.java:1017)
at org.testng.TestNG.privateMain(TestNG.java:1354)
at org.testng.TestNG.main(TestNG.java:1323)
at com.ril.Feedzai.BaseClass.Test.main(Test.java:7)
Caused by: java.lang.ClassNotFoundException: com.aventstack.extentreports.reporter.ExtentHtmlReporter
at java.net.URLClassLoader.findClass(URLClassLoader.java:381)
at java.lang.ClassLoader.loadClass(ClassLoader.java:424)
at sun.misc.Launcher$AppClassLoader.loadClass(Launcher.java:331)
at java.lang.ClassLoader.loadClass(ClassLoader.java:357)
... 25 more
]]>
    </error>
  </testcase> <!-- TestDataSetup -->
  <testcase name="MarkAlertNotFraud" time="0.000" classname="com.ril.Feedzai.BaseClass.FeedzaiAMViewAlert">
    <skipped/>
  </testcase> <!-- MarkAlertNotFraud -->
  <testcase name="MarkAlertFraud" time="0.000" classname="com.ril.Feedzai.BaseClass.FeedzaiAMViewAlert">
    <skipped/>
  </testcase> <!-- MarkAlertFraud -->
  <testcase name="MarkAlertSuspicious" time="0.000" classname="com.ril.Feedzai.BaseClass.FeedzaiAMViewAlert">
    <skipped/>
  </testcase> <!-- MarkAlertSuspicious -->
</testsuite> <!-- com.ril.Feedzai.BaseClass.FeedzaiAMViewAlert -->
